2020-09-01 09:43:06.056 [main] INFO  com.inspur.VueAppApplication - Starting VueAppApplication on zhuanghuan00 with PID 23272 (E:\IDEA_PROJECT\zh-vue\vue-app\target\classes started by zhuanghuan in E:\IDEA_PROJECT\zh-vue)
2020-09-01 09:43:06.113 [main] INFO  com.inspur.VueAppApplication - No active profile set, falling back to default profiles: default
2020-09-01 09:43:14.734 [main] INFO  o.s.d.r.config.RepositoryConfigurationDelegate - Multiple Spring Data modules found, entering strict repository configuration mode!
2020-09-01 09:43:14.817 [main] INFO  o.s.d.r.config.RepositoryConfigurationDelegate - Bootstrapping Spring Data Redis repositories in DEFAULT mode.
2020-09-01 09:43:15.168 [main] INFO  o.s.d.r.config.RepositoryConfigurationDelegate - Finished Spring Data repository scanning in 193ms. Found 0 Redis repository interfaces.
2020-09-01 09:43:17.551 [main] INFO  o.s.i.c.DefaultConfiguringBeanFactoryPostProcessor - No bean named 'errorChannel' has been explicitly defined. Therefore, a default PublishSubscribeChannel will be created.
2020-09-01 09:43:17.604 [main] INFO  o.s.i.c.DefaultConfiguringBeanFactoryPostProcessor - No bean named 'taskScheduler' has been explicitly defined. Therefore, a default ThreadPoolTaskScheduler will be created.
2020-09-01 09:43:17.617 [main] INFO  o.s.i.c.DefaultConfiguringBeanFactoryPostProcessor - No bean named 'integrationHeaderChannelRegistry' has been explicitly defined. Therefore, a default DefaultHeaderChannelRegistry will be created.
2020-09-01 09:43:18.447 [main] INFO  o.s.c.s.PostProcessorRegistrationDelegate$BeanPostProcessorChecker - Bean 'redisConfiguration' of type [com.inspur.system.redis.config.RedisConfiguration$$EnhancerBySpringCGLIB$$c50a0afc] is not eligible for getting processed by all BeanPostProcessors (for example: not eligible for auto-proxying)
2020-09-01 09:43:18.690 [main] INFO  o.s.c.s.PostProcessorRegistrationDelegate$BeanPostProcessorChecker - Bean 'org.springframework.integration.config.IntegrationManagementConfiguration' of type [org.springframework.integration.config.IntegrationManagementConfiguration] is not eligible for getting processed by all BeanPostProcessors (for example: not eligible for auto-proxying)
2020-09-01 09:43:18.731 [main] INFO  o.s.c.s.PostProcessorRegistrationDelegate$BeanPostProcessorChecker - Bean 'integrationChannelResolver' of type [org.springframework.integration.support.channel.BeanFactoryChannelResolver] is not eligible for getting processed by all BeanPostProcessors (for example: not eligible for auto-proxying)
2020-09-01 09:43:18.736 [main] INFO  o.s.c.s.PostProcessorRegistrationDelegate$BeanPostProcessorChecker - Bean 'integrationDisposableAutoCreatedBeans' of type [org.springframework.integration.config.annotation.Disposables] is not eligible for getting processed by all BeanPostProcessors (for example: not eligible for auto-proxying)
2020-09-01 09:43:19.735 [main] INFO  o.s.boot.web.embedded.tomcat.TomcatWebServer - Tomcat initialized with port(s): 8085 (http)
2020-09-01 09:43:19.770 [main] INFO  org.apache.coyote.http11.Http11NioProtocol - Initializing ProtocolHandler ["http-nio-8085"]
2020-09-01 09:43:19.771 [main] INFO  org.apache.catalina.core.StandardService - Starting service [Tomcat]
2020-09-01 09:43:19.772 [main] INFO  org.apache.catalina.core.StandardEngine - Starting Servlet engine: [Apache Tomcat/9.0.35]
2020-09-01 09:43:20.171 [main] INFO  o.a.c.c.C.[Tomcat].[localhost].[/JwtVue] - Initializing Spring embedded WebApplicationContext
2020-09-01 09:43:20.173 [main] INFO  org.springframework.web.context.ContextLoader - Root WebApplicationContext: initialization completed in 13342 ms
2020-09-01 09:43:25.972 [main] INFO  com.inspur.executor.config.XxlJobConfig - >>>>>>>>>>> xxl-job config init.
2020-09-01 09:43:27.266 [main] INFO  o.s.security.web.DefaultSecurityFilterChain - Creating filter chain: Ant [pattern='/resources/**'], []
2020-09-01 09:43:27.519 [main] INFO  o.s.security.web.DefaultSecurityFilterChain - Creating filter chain: any request, [org.springframework.security.web.context.request.async.WebAsyncManagerIntegrationFilter@892af0e, org.springframework.security.web.context.SecurityContextPersistenceFilter@b3857e2, org.springframework.security.web.header.HeaderWriterFilter@3f357c9d, org.springframework.security.web.authentication.logout.LogoutFilter@61ab6521, com.inspur.system.security.filter.JwtLoginAuthenticationFilter@47fb7ec9, com.inspur.system.security.filter.JwtRequestAuthorizationFilter@10ed037a, org.springframework.security.web.savedrequest.RequestCacheAwareFilter@37d0d373, org.springframework.security.web.servletapi.SecurityContextHolderAwareRequestFilter@64bba0eb, org.springframework.security.web.authentication.AnonymousAuthenticationFilter@446c8c72, org.springframework.security.web.session.SessionManagementFilter@5458c71e, org.springframework.security.web.access.ExceptionTranslationFilter@3f3c8b60, org.springframework.security.web.access.intercept.FilterSecurityInterceptor@74f4a2ba]
2020-09-01 09:43:27.948 [main] INFO  o.s.scheduling.concurrent.ThreadPoolTaskExecutor - Initializing ExecutorService 'applicationTaskExecutor'
2020-09-01 09:43:30.603 [main] INFO  o.s.scheduling.concurrent.ThreadPoolTaskScheduler - Initializing ExecutorService 'taskScheduler'
2020-09-01 09:43:30.848 [main] INFO  com.xxl.job.core.executor.XxlJobExecutor - >>>>>>>>>>> xxl-job register jobhandler success, name:shardingJobHandler, jobHandler:com.xxl.job.core.handler.impl.MethodJobHandler@35b3c1f6[class com.inspur.executor.handler.SampleXxlJob#shardingJobHandler]
2020-09-01 09:43:30.849 [main] INFO  com.xxl.job.core.executor.XxlJobExecutor - >>>>>>>>>>> xxl-job register jobhandler success, name:commandJobHandler, jobHandler:com.xxl.job.core.handler.impl.MethodJobHandler@495da9a7[class com.inspur.executor.handler.SampleXxlJob#commandJobHandler]
2020-09-01 09:43:30.850 [main] INFO  com.xxl.job.core.executor.XxlJobExecutor - >>>>>>>>>>> xxl-job register jobhandler success, name:demoJobHandler, jobHandler:com.xxl.job.core.handler.impl.MethodJobHandler@2beee3e8[class com.inspur.executor.handler.SampleXxlJob#demoJobHandler]
2020-09-01 09:43:30.851 [main] INFO  com.xxl.job.core.executor.XxlJobExecutor - >>>>>>>>>>> xxl-job register jobhandler success, name:httpJobHandler, jobHandler:com.xxl.job.core.handler.impl.MethodJobHandler@732d078d[class com.inspur.executor.handler.SampleXxlJob#httpJobHandler]
2020-09-01 09:43:30.854 [main] INFO  com.xxl.job.core.executor.XxlJobExecutor - >>>>>>>>>>> xxl-job register jobhandler success, name:demoJobHandler2, jobHandler:com.xxl.job.core.handler.impl.MethodJobHandler@58bad46f[class com.inspur.executor.handler.SampleXxlJob#demoJobHandler2]
2020-09-01 09:43:31.575 [main] INFO  o.s.integration.endpoint.EventDrivenConsumer - Adding {logging-channel-adapter:_org.springframework.integration.errorLogger} as a subscriber to the 'errorChannel' channel
2020-09-01 09:43:31.580 [main] INFO  o.s.integration.channel.PublishSubscribeChannel - Channel 'application.errorChannel' has 1 subscriber(s).
2020-09-01 09:43:31.582 [main] INFO  o.s.integration.endpoint.EventDrivenConsumer - started bean '_org.springframework.integration.errorLogger'
2020-09-01 09:43:31.582 [main] INFO  org.apache.coyote.http11.Http11NioProtocol - Starting ProtocolHandler ["http-nio-8085"]
2020-09-01 09:43:31.761 [main] INFO  o.s.boot.web.embedded.tomcat.TomcatWebServer - Tomcat started on port(s): 8085 (http) with context path '/JwtVue'
2020-09-01 09:43:31.795 [main] INFO  com.inspur.VueAppApplication - Started VueAppApplication in 31.056 seconds (JVM running for 35.864)
2020-09-01 09:43:33.882 [Thread-259] INFO  com.xxl.job.core.server.EmbedServer - >>>>>>>>>>> xxl-job remoting server start success, nettype = class com.xxl.job.core.server.EmbedServer, port = 9999
2020-09-01 09:44:00.763 [xxl-rpc, EmbedServer bizThreadPool-881433094] INFO  com.xxl.job.core.executor.XxlJobExecutor - >>>>>>>>>>> xxl-job regist JobThread success, jobId:5, handler:com.xxl.job.core.handler.impl.MethodJobHandler@2beee3e8[class com.inspur.executor.handler.SampleXxlJob#demoJobHandler]
2020-09-01 09:44:25.732 [http-nio-8085-exec-1] INFO  o.a.c.c.C.[Tomcat].[localhost].[/JwtVue] - Initializing Spring DispatcherServlet 'dispatcherServlet'
2020-09-01 09:44:25.777 [http-nio-8085-exec-1] INFO  org.springframework.web.servlet.DispatcherServlet - Initializing Servlet 'dispatcherServlet'
2020-09-01 09:44:25.799 [http-nio-8085-exec-1] INFO  org.springframework.web.servlet.DispatcherServlet - Completed initialization in 18 ms
2020-09-01 09:44:28.096 [http-nio-8085-exec-1] INFO  c.i.s.s.filter.JwtRequestAuthorizationFilter - token已失效
2020-09-01 09:44:40.710 [http-nio-8085-exec-2] INFO  com.zaxxer.hikari.HikariDataSource - HikariPool-1 - Starting...
2020-09-01 09:44:41.240 [http-nio-8085-exec-2] INFO  com.zaxxer.hikari.HikariDataSource - HikariPool-1 - Start completed.
2020-09-01 10:01:25.570 [SpringContextShutdownHook] INFO  o.s.integration.endpoint.EventDrivenConsumer - Removing {logging-channel-adapter:_org.springframework.integration.errorLogger} as a subscriber to the 'errorChannel' channel
2020-09-01 10:01:25.571 [SpringContextShutdownHook] INFO  o.s.integration.channel.PublishSubscribeChannel - Channel 'application.errorChannel' has 0 subscriber(s).
2020-09-01 10:01:25.572 [SpringContextShutdownHook] INFO  o.s.integration.endpoint.EventDrivenConsumer - stopped bean '_org.springframework.integration.errorLogger'
2020-09-01 10:01:25.573 [SpringContextShutdownHook] INFO  o.s.scheduling.concurrent.ThreadPoolTaskScheduler - Shutting down ExecutorService 'taskScheduler'
2020-09-01 10:01:25.576 [SpringContextShutdownHook] INFO  o.s.scheduling.concurrent.ThreadPoolTaskExecutor - Shutting down ExecutorService 'applicationTaskExecutor'
2020-09-01 10:01:25.577 [Thread-259] INFO  com.xxl.job.core.server.EmbedServer - >>>>>>>>>>> xxl-job remoting server stop.
2020-09-01 10:01:25.597 [xxl-job, executor ExecutorRegistryThread] INFO  com.xxl.job.core.thread.ExecutorRegistryThread - >>>>>>>>>>> xxl-job registry-remove success, registryParam:RegistryParam{registryGroup='EXECUTOR', registryKey='xxl-job-executor-sample', registryValue='http://192.168.30.3:9999/'}, registryResult:ReturnT [code=200, msg=null, content=null]
2020-09-01 10:01:25.598 [xxl-job, executor ExecutorRegistryThread] INFO  com.xxl.job.core.thread.ExecutorRegistryThread - >>>>>>>>>>> xxl-job, executor registry thread destory.
2020-09-01 10:01:25.599 [SpringContextShutdownHook] INFO  com.xxl.job.core.server.EmbedServer - >>>>>>>>>>> xxl-job remoting server destroy success.
2020-09-01 10:01:25.605 [Thread-266] INFO  com.xxl.job.core.thread.JobThread - >>>>>>>>>>> xxl-job JobThread stoped, hashCode:Thread[Thread-266,10,main]
2020-09-01 10:01:25.605 [xxl-job, executor JobLogFileCleanThread] INFO  com.xxl.job.core.thread.JobLogFileCleanThread - >>>>>>>>>>> xxl-job, executor JobLogFileCleanThread thread destory.
2020-09-01 10:01:25.632 [xxl-job, executor TriggerCallbackThread] INFO  com.xxl.job.core.thread.TriggerCallbackThread - >>>>>>>>>>> xxl-job, executor callback thread destory.
2020-09-01 10:01:25.633 [Thread-257] INFO  com.xxl.job.core.thread.TriggerCallbackThread - >>>>>>>>>>> xxl-job, executor retry callback thread destory.
2020-09-01 10:01:25.784 [SpringContextShutdownHook] INFO  com.zaxxer.hikari.HikariDataSource - HikariPool-1 - Shutdown initiated...
2020-09-01 10:01:25.817 [SpringContextShutdownHook] INFO  com.zaxxer.hikari.HikariDataSource - HikariPool-1 - Shutdown completed.
2020-09-01 10:01:43.205 [main] INFO  com.inspur.VueAppApplication - Starting VueAppApplication on zhuanghuan00 with PID 18620 (E:\IDEA_PROJECT\zh-vue\vue-app\target\classes started by zhuanghuan in E:\IDEA_PROJECT\zh-vue)
2020-09-01 10:01:43.213 [main] INFO  com.inspur.VueAppApplication - No active profile set, falling back to default profiles: default
2020-09-01 10:01:47.107 [main] INFO  o.s.d.r.config.RepositoryConfigurationDelegate - Multiple Spring Data modules found, entering strict repository configuration mode!
2020-09-01 10:01:47.119 [main] INFO  o.s.d.r.config.RepositoryConfigurationDelegate - Bootstrapping Spring Data Redis repositories in DEFAULT mode.
2020-09-01 10:01:47.261 [main] INFO  o.s.d.r.config.RepositoryConfigurationDelegate - Finished Spring Data repository scanning in 96ms. Found 0 Redis repository interfaces.
2020-09-01 10:01:48.227 [main] INFO  o.s.i.c.DefaultConfiguringBeanFactoryPostProcessor - No bean named 'errorChannel' has been explicitly defined. Therefore, a default PublishSubscribeChannel will be created.
2020-09-01 10:01:48.250 [main] INFO  o.s.i.c.DefaultConfiguringBeanFactoryPostProcessor - No bean named 'taskScheduler' has been explicitly defined. Therefore, a default ThreadPoolTaskScheduler will be created.
2020-09-01 10:01:48.262 [main] INFO  o.s.i.c.DefaultConfiguringBeanFactoryPostProcessor - No bean named 'integrationHeaderChannelRegistry' has been explicitly defined. Therefore, a default DefaultHeaderChannelRegistry will be created.
2020-09-01 10:01:48.883 [main] INFO  o.s.c.s.PostProcessorRegistrationDelegate$BeanPostProcessorChecker - Bean 'redisConfiguration' of type [com.inspur.system.redis.config.RedisConfiguration$$EnhancerBySpringCGLIB$$558faca5] is not eligible for getting processed by all BeanPostProcessors (for example: not eligible for auto-proxying)
2020-09-01 10:01:48.993 [main] INFO  o.s.c.s.PostProcessorRegistrationDelegate$BeanPostProcessorChecker - Bean 'org.springframework.integration.config.IntegrationManagementConfiguration' of type [org.springframework.integration.config.IntegrationManagementConfiguration] is not eligible for getting processed by all BeanPostProcessors (for example: not eligible for auto-proxying)
2020-09-01 10:01:49.028 [main] INFO  o.s.c.s.PostProcessorRegistrationDelegate$BeanPostProcessorChecker - Bean 'integrationChannelResolver' of type [org.springframework.integration.support.channel.BeanFactoryChannelResolver] is not eligible for getting processed by all BeanPostProcessors (for example: not eligible for auto-proxying)
2020-09-01 10:01:49.054 [main] INFO  o.s.c.s.PostProcessorRegistrationDelegate$BeanPostProcessorChecker - Bean 'integrationDisposableAutoCreatedBeans' of type [org.springframework.integration.config.annotation.Disposables] is not eligible for getting processed by all BeanPostProcessors (for example: not eligible for auto-proxying)
2020-09-01 10:01:50.340 [main] INFO  o.s.boot.web.embedded.tomcat.TomcatWebServer - Tomcat initialized with port(s): 8085 (http)
2020-09-01 10:01:50.368 [main] INFO  org.apache.coyote.http11.Http11NioProtocol - Initializing ProtocolHandler ["http-nio-8085"]
2020-09-01 10:01:50.370 [main] INFO  org.apache.catalina.core.StandardService - Starting service [Tomcat]
2020-09-01 10:01:50.370 [main] INFO  org.apache.catalina.core.StandardEngine - Starting Servlet engine: [Apache Tomcat/9.0.35]
2020-09-01 10:01:50.743 [main] INFO  o.a.c.c.C.[Tomcat].[localhost].[/JwtVue] - Initializing Spring embedded WebApplicationContext
2020-09-01 10:01:50.743 [main] INFO  org.springframework.web.context.ContextLoader - Root WebApplicationContext: initialization completed in 6690 ms
2020-09-01 10:01:53.377 [main] INFO  com.inspur.executor.config.XxlJobConfig - >>>>>>>>>>> xxl-job config init.
2020-09-01 10:01:53.559 [main] INFO  o.s.security.web.DefaultSecurityFilterChain - Creating filter chain: Ant [pattern='/resources/**'], []
2020-09-01 10:01:53.661 [main] INFO  o.s.security.web.DefaultSecurityFilterChain - Creating filter chain: any request, [org.springframework.security.web.context.request.async.WebAsyncManagerIntegrationFilter@ce561cc, org.springframework.security.web.context.SecurityContextPersistenceFilter@20b54cfe, org.springframework.security.web.header.HeaderWriterFilter@5409dfdd, org.springframework.security.web.authentication.logout.LogoutFilter@349f0ca4, com.inspur.system.security.filter.JwtLoginAuthenticationFilter@1537c744, com.inspur.system.security.filter.JwtRequestAuthorizationFilter@1578fa9, org.springframework.security.web.savedrequest.RequestCacheAwareFilter@5c9e8a67, org.springframework.security.web.servletapi.SecurityContextHolderAwareRequestFilter@451816fd, org.springframework.security.web.authentication.AnonymousAuthenticationFilter@56ec6960, org.springframework.security.web.session.SessionManagementFilter@1c2d63f0, org.springframework.security.web.access.ExceptionTranslationFilter@6ba6557e, org.springframework.security.web.access.intercept.FilterSecurityInterceptor@fabef2e]
2020-09-01 10:01:54.023 [main] INFO  o.s.scheduling.concurrent.ThreadPoolTaskExecutor - Initializing ExecutorService 'applicationTaskExecutor'
2020-09-01 10:01:55.483 [main] INFO  o.s.scheduling.concurrent.ThreadPoolTaskScheduler - Initializing ExecutorService 'taskScheduler'
2020-09-01 10:01:55.627 [main] INFO  com.xxl.job.core.executor.XxlJobExecutor - >>>>>>>>>>> xxl-job register jobhandler success, name:demoJobHandler, jobHandler:com.xxl.job.core.handler.impl.MethodJobHandler@39b85a73[class com.inspur.executor.handler.SampleXxlJob#demoJobHandler]
2020-09-01 10:01:55.632 [main] INFO  com.xxl.job.core.executor.XxlJobExecutor - >>>>>>>>>>> xxl-job register jobhandler success, name:demoJobHandler2, jobHandler:com.xxl.job.core.handler.impl.MethodJobHandler@5788722f[class com.inspur.executor.handler.SampleXxlJob#demoJobHandler2]
2020-09-01 10:01:55.636 [main] INFO  com.xxl.job.core.executor.XxlJobExecutor - >>>>>>>>>>> xxl-job register jobhandler success, name:httpJobHandler, jobHandler:com.xxl.job.core.handler.impl.MethodJobHandler@7a730479[class com.inspur.executor.handler.SampleXxlJob#httpJobHandler]
2020-09-01 10:01:55.638 [main] INFO  com.xxl.job.core.executor.XxlJobExecutor - >>>>>>>>>>> xxl-job register jobhandler success, name:commandJobHandler, jobHandler:com.xxl.job.core.handler.impl.MethodJobHandler@1e5b33e5[class com.inspur.executor.handler.SampleXxlJob#commandJobHandler]
2020-09-01 10:01:55.638 [main] INFO  com.xxl.job.core.executor.XxlJobExecutor - >>>>>>>>>>> xxl-job register jobhandler success, name:shardingJobHandler, jobHandler:com.xxl.job.core.handler.impl.MethodJobHandler@654b899f[class com.inspur.executor.handler.SampleXxlJob#shardingJobHandler]
2020-09-01 10:01:55.934 [main] INFO  o.s.integration.endpoint.EventDrivenConsumer - Adding {logging-channel-adapter:_org.springframework.integration.errorLogger} as a subscriber to the 'errorChannel' channel
2020-09-01 10:01:55.936 [main] INFO  o.s.integration.channel.PublishSubscribeChannel - Channel 'application.errorChannel' has 1 subscriber(s).
2020-09-01 10:01:55.936 [main] INFO  o.s.integration.endpoint.EventDrivenConsumer - started bean '_org.springframework.integration.errorLogger'
2020-09-01 10:01:55.937 [main] INFO  org.apache.coyote.http11.Http11NioProtocol - Starting ProtocolHandler ["http-nio-8085"]
2020-09-01 10:01:56.068 [main] INFO  o.s.boot.web.embedded.tomcat.TomcatWebServer - Tomcat started on port(s): 8085 (http) with context path '/JwtVue'
2020-09-01 10:01:56.107 [main] INFO  com.inspur.VueAppApplication - Started VueAppApplication in 16.736 seconds (JVM running for 20.446)
2020-09-01 10:01:57.907 [Thread-233] INFO  com.xxl.job.core.server.EmbedServer - >>>>>>>>>>> xxl-job remoting server start success, nettype = class com.xxl.job.core.server.EmbedServer, port = 9999
2020-09-01 10:02:17.806 [http-nio-8085-exec-10] INFO  o.a.c.c.C.[Tomcat].[localhost].[/JwtVue] - Initializing Spring DispatcherServlet 'dispatcherServlet'
2020-09-01 10:02:17.807 [http-nio-8085-exec-10] INFO  org.springframework.web.servlet.DispatcherServlet - Initializing Servlet 'dispatcherServlet'
2020-09-01 10:02:17.825 [http-nio-8085-exec-10] INFO  org.springframework.web.servlet.DispatcherServlet - Completed initialization in 18 ms
2020-09-01 10:02:18.871 [http-nio-8085-exec-10] INFO  com.zaxxer.hikari.HikariDataSource - HikariPool-1 - Starting...
2020-09-01 10:02:19.271 [http-nio-8085-exec-10] INFO  com.zaxxer.hikari.HikariDataSource - HikariPool-1 - Start completed.
2020-09-01 10:02:30.266 [xxl-rpc, EmbedServer bizThreadPool-1990745242] INFO  com.xxl.job.core.executor.XxlJobExecutor - >>>>>>>>>>> xxl-job regist JobThread success, jobId:5, handler:com.xxl.job.core.handler.impl.MethodJobHandler@39b85a73[class com.inspur.executor.handler.SampleXxlJob#demoJobHandler]
2020-09-01 11:12:04.042 [SpringContextShutdownHook] INFO  o.s.integration.endpoint.EventDrivenConsumer - Removing {logging-channel-adapter:_org.springframework.integration.errorLogger} as a subscriber to the 'errorChannel' channel
2020-09-01 11:12:04.044 [SpringContextShutdownHook] INFO  o.s.integration.channel.PublishSubscribeChannel - Channel 'application.errorChannel' has 0 subscriber(s).
2020-09-01 11:12:04.045 [SpringContextShutdownHook] INFO  o.s.integration.endpoint.EventDrivenConsumer - stopped bean '_org.springframework.integration.errorLogger'
2020-09-01 11:12:04.046 [SpringContextShutdownHook] INFO  o.s.scheduling.concurrent.ThreadPoolTaskScheduler - Shutting down ExecutorService 'taskScheduler'
2020-09-01 11:12:04.052 [SpringContextShutdownHook] INFO  o.s.scheduling.concurrent.ThreadPoolTaskExecutor - Shutting down ExecutorService 'applicationTaskExecutor'
2020-09-01 11:12:04.053 [Thread-233] INFO  com.xxl.job.core.server.EmbedServer - >>>>>>>>>>> xxl-job remoting server stop.
2020-09-01 11:12:05.061 [xxl-job, executor ExecutorRegistryThread] INFO  com.xxl.job.core.thread.ExecutorRegistryThread - >>>>>>>>>>> xxl-job registry-remove fail, registryParam:RegistryParam{registryGroup='EXECUTOR', registryKey='xxl-job-executor-sample', registryValue='http://192.168.30.3:9999/'}, registryResult:ReturnT [code=500, msg=xxl-rpc remoting error(Connection refused: connect), for url : http://127.0.0.1:8081/xxl-job-admin/api/registryRemove, content=null]
2020-09-01 11:12:05.062 [xxl-job, executor ExecutorRegistryThread] INFO  com.xxl.job.core.thread.ExecutorRegistryThread - >>>>>>>>>>> xxl-job, executor registry thread destory.
2020-09-01 11:12:05.064 [SpringContextShutdownHook] INFO  com.xxl.job.core.server.EmbedServer - >>>>>>>>>>> xxl-job remoting server destroy success.
2020-09-01 11:12:05.131 [Thread-240] INFO  com.xxl.job.core.thread.JobThread - >>>>>>>>>>> xxl-job JobThread stoped, hashCode:Thread[Thread-240,10,main]
2020-09-01 11:12:05.137 [xxl-job, executor JobLogFileCleanThread] INFO  com.xxl.job.core.thread.JobLogFileCleanThread - >>>>>>>>>>> xxl-job, executor JobLogFileCleanThread thread destory.
2020-09-01 11:12:07.302 [xxl-job, executor TriggerCallbackThread] INFO  com.xxl.job.core.thread.TriggerCallbackThread - >>>>>>>>>>> xxl-job, executor callback thread destory.
2020-09-01 11:12:07.303 [Thread-232] INFO  com.xxl.job.core.thread.TriggerCallbackThread - >>>>>>>>>>> xxl-job, executor retry callback thread destory.
2020-09-01 11:12:07.468 [SpringContextShutdownHook] INFO  com.zaxxer.hikari.HikariDataSource - HikariPool-1 - Shutdown initiated...
2020-09-01 11:12:07.501 [SpringContextShutdownHook] INFO  com.zaxxer.hikari.HikariDataSource - HikariPool-1 - Shutdown completed.
2020-09-01 16:00:43.705 [main] INFO  com.inspur.VueAppApplication - Starting VueAppApplication on zhuanghuan00 with PID 34104 (E:\IDEA_PROJECT\zh-vue\vue-app\target\classes started by zhuanghuan in E:\IDEA_PROJECT\zh-vue)
2020-09-01 16:00:43.718 [main] INFO  com.inspur.VueAppApplication - No active profile set, falling back to default profiles: default
2020-09-01 16:00:47.457 [main] INFO  o.s.d.r.config.RepositoryConfigurationDelegate - Multiple Spring Data modules found, entering strict repository configuration mode!
2020-09-01 16:00:47.463 [main] INFO  o.s.d.r.config.RepositoryConfigurationDelegate - Bootstrapping Spring Data Redis repositories in DEFAULT mode.
2020-09-01 16:00:47.660 [main] INFO  o.s.d.r.config.RepositoryConfigurationDelegate - Finished Spring Data repository scanning in 119ms. Found 0 Redis repository interfaces.
2020-09-01 16:00:48.849 [main] INFO  o.s.i.c.DefaultConfiguringBeanFactoryPostProcessor - No bean named 'errorChannel' has been explicitly defined. Therefore, a default PublishSubscribeChannel will be created.
2020-09-01 16:00:48.882 [main] INFO  o.s.i.c.DefaultConfiguringBeanFactoryPostProcessor - No bean named 'taskScheduler' has been explicitly defined. Therefore, a default ThreadPoolTaskScheduler will be created.
2020-09-01 16:00:48.892 [main] INFO  o.s.i.c.DefaultConfiguringBeanFactoryPostProcessor - No bean named 'integrationHeaderChannelRegistry' has been explicitly defined. Therefore, a default DefaultHeaderChannelRegistry will be created.
2020-09-01 16:00:49.339 [main] INFO  o.s.c.s.PostProcessorRegistrationDelegate$BeanPostProcessorChecker - Bean 'redisConfiguration' of type [com.inspur.system.redis.config.RedisConfiguration$$EnhancerBySpringCGLIB$$79998256] is not eligible for getting processed by all BeanPostProcessors (for example: not eligible for auto-proxying)
2020-09-01 16:00:49.469 [main] INFO  o.s.c.s.PostProcessorRegistrationDelegate$BeanPostProcessorChecker - Bean 'org.springframework.integration.config.IntegrationManagementConfiguration' of type [org.springframework.integration.config.IntegrationManagementConfiguration] is not eligible for getting processed by all BeanPostProcessors (for example: not eligible for auto-proxying)
2020-09-01 16:00:49.515 [main] INFO  o.s.c.s.PostProcessorRegistrationDelegate$BeanPostProcessorChecker - Bean 'integrationChannelResolver' of type [org.springframework.integration.support.channel.BeanFactoryChannelResolver] is not eligible for getting processed by all BeanPostProcessors (for example: not eligible for auto-proxying)
2020-09-01 16:00:49.522 [main] INFO  o.s.c.s.PostProcessorRegistrationDelegate$BeanPostProcessorChecker - Bean 'integrationDisposableAutoCreatedBeans' of type [org.springframework.integration.config.annotation.Disposables] is not eligible for getting processed by all BeanPostProcessors (for example: not eligible for auto-proxying)
2020-09-01 16:00:50.114 [main] INFO  o.s.boot.web.embedded.tomcat.TomcatWebServer - Tomcat initialized with port(s): 8085 (http)
2020-09-01 16:00:50.139 [main] INFO  org.apache.coyote.http11.Http11NioProtocol - Initializing ProtocolHandler ["http-nio-8085"]
2020-09-01 16:00:50.141 [main] INFO  org.apache.catalina.core.StandardService - Starting service [Tomcat]
2020-09-01 16:00:50.141 [main] INFO  org.apache.catalina.core.StandardEngine - Starting Servlet engine: [Apache Tomcat/9.0.35]
2020-09-01 16:00:50.341 [main] INFO  o.a.c.c.C.[Tomcat].[localhost].[/JwtVue] - Initializing Spring embedded WebApplicationContext
2020-09-01 16:00:50.342 [main] INFO  org.springframework.web.context.ContextLoader - Root WebApplicationContext: initialization completed in 5891 ms
2020-09-01 16:00:53.547 [main] INFO  com.inspur.executor.config.XxlJobConfig - >>>>>>>>>>> xxl-job config init.
2020-09-01 16:00:54.735 [main] INFO  o.s.security.web.DefaultSecurityFilterChain - Creating filter chain: Ant [pattern='/resources/**'], []
2020-09-01 16:00:54.820 [main] INFO  o.s.security.web.DefaultSecurityFilterChain - Creating filter chain: any request, [org.springframework.security.web.context.request.async.WebAsyncManagerIntegrationFilter@2fee69a1, org.springframework.security.web.context.SecurityContextPersistenceFilter@2774dcf4, org.springframework.security.web.header.HeaderWriterFilter@589dfa6f, org.springframework.security.web.authentication.logout.LogoutFilter@6fef75c6, com.inspur.system.security.filter.JwtLoginAuthenticationFilter@4245bf68, com.inspur.system.security.filter.JwtRequestAuthorizationFilter@55d8c2c4, org.springframework.security.web.savedrequest.RequestCacheAwareFilter@7c5f29c6, org.springframework.security.web.servletapi.SecurityContextHolderAwareRequestFilter@5d767218, org.springframework.security.web.authentication.AnonymousAuthenticationFilter@4d25f816, org.springframework.security.web.session.SessionManagementFilter@6f8667bb, org.springframework.security.web.access.ExceptionTranslationFilter@568f4faa, org.springframework.security.web.access.intercept.FilterSecurityInterceptor@aca2fc3]
2020-09-01 16:00:55.108 [main] INFO  o.s.scheduling.concurrent.ThreadPoolTaskExecutor - Initializing ExecutorService 'applicationTaskExecutor'
2020-09-01 16:00:56.409 [main] INFO  o.s.scheduling.concurrent.ThreadPoolTaskScheduler - Initializing ExecutorService 'taskScheduler'
2020-09-01 16:00:56.657 [main] INFO  com.xxl.job.core.executor.XxlJobExecutor - >>>>>>>>>>> xxl-job register jobhandler success, name:httpJobHandler, jobHandler:com.xxl.job.core.handler.impl.MethodJobHandler@4fdac2a7[class com.inspur.executor.handler.SampleXxlJob#httpJobHandler]
2020-09-01 16:00:56.658 [main] INFO  com.xxl.job.core.executor.XxlJobExecutor - >>>>>>>>>>> xxl-job register jobhandler success, name:demoJobHandler, jobHandler:com.xxl.job.core.handler.impl.MethodJobHandler@8debe42[class com.inspur.executor.handler.SampleXxlJob#demoJobHandler]
2020-09-01 16:00:56.659 [main] INFO  com.xxl.job.core.executor.XxlJobExecutor - >>>>>>>>>>> xxl-job register jobhandler success, name:demoJobHandler2, jobHandler:com.xxl.job.core.handler.impl.MethodJobHandler@70c31b17[class com.inspur.executor.handler.SampleXxlJob#demoJobHandler2]
2020-09-01 16:00:56.659 [main] INFO  com.xxl.job.core.executor.XxlJobExecutor - >>>>>>>>>>> xxl-job register jobhandler success, name:shardingJobHandler, jobHandler:com.xxl.job.core.handler.impl.MethodJobHandler@40863800[class com.inspur.executor.handler.SampleXxlJob#shardingJobHandler]
2020-09-01 16:00:56.659 [main] INFO  com.xxl.job.core.executor.XxlJobExecutor - >>>>>>>>>>> xxl-job register jobhandler success, name:commandJobHandler, jobHandler:com.xxl.job.core.handler.impl.MethodJobHandler@5950054d[class com.inspur.executor.handler.SampleXxlJob#commandJobHandler]
2020-09-01 16:00:57.300 [main] INFO  o.s.integration.endpoint.EventDrivenConsumer - Adding {logging-channel-adapter:_org.springframework.integration.errorLogger} as a subscriber to the 'errorChannel' channel
2020-09-01 16:00:57.301 [main] INFO  o.s.integration.channel.PublishSubscribeChannel - Channel 'application.errorChannel' has 1 subscriber(s).
2020-09-01 16:00:57.302 [main] INFO  o.s.integration.endpoint.EventDrivenConsumer - started bean '_org.springframework.integration.errorLogger'
2020-09-01 16:00:57.303 [main] INFO  org.apache.coyote.http11.Http11NioProtocol - Starting ProtocolHandler ["http-nio-8085"]
2020-09-01 16:00:57.429 [main] INFO  o.s.boot.web.embedded.tomcat.TomcatWebServer - Tomcat started on port(s): 8085 (http) with context path '/JwtVue'
2020-09-01 16:00:57.453 [main] INFO  com.inspur.VueAppApplication - Started VueAppApplication in 15.765 seconds (JVM running for 19.078)
2020-09-01 16:01:00.630 [Thread-240] INFO  com.xxl.job.core.server.EmbedServer - >>>>>>>>>>> xxl-job remoting server start success, nettype = class com.xxl.job.core.server.EmbedServer, port = 9999
2020-09-01 16:01:20.592 [xxl-rpc, EmbedServer bizThreadPool-916920733] INFO  com.xxl.job.core.executor.XxlJobExecutor - >>>>>>>>>>> xxl-job regist JobThread success, jobId:5, handler:com.xxl.job.core.handler.impl.MethodJobHandler@8debe42[class com.inspur.executor.handler.SampleXxlJob#demoJobHandler]
2020-09-01 16:18:47.581 [SpringContextShutdownHook] INFO  o.s.integration.endpoint.EventDrivenConsumer - Removing {logging-channel-adapter:_org.springframework.integration.errorLogger} as a subscriber to the 'errorChannel' channel
2020-09-01 16:18:47.582 [SpringContextShutdownHook] INFO  o.s.integration.channel.PublishSubscribeChannel - Channel 'application.errorChannel' has 0 subscriber(s).
2020-09-01 16:18:47.582 [SpringContextShutdownHook] INFO  o.s.integration.endpoint.EventDrivenConsumer - stopped bean '_org.springframework.integration.errorLogger'
2020-09-01 16:18:47.583 [SpringContextShutdownHook] INFO  o.s.scheduling.concurrent.ThreadPoolTaskScheduler - Shutting down ExecutorService 'taskScheduler'
2020-09-01 16:18:47.587 [SpringContextShutdownHook] INFO  o.s.scheduling.concurrent.ThreadPoolTaskExecutor - Shutting down ExecutorService 'applicationTaskExecutor'
2020-09-01 16:18:47.588 [Thread-240] INFO  com.xxl.job.core.server.EmbedServer - >>>>>>>>>>> xxl-job remoting server stop.
2020-09-01 16:18:47.621 [xxl-job, executor ExecutorRegistryThread] INFO  com.xxl.job.core.thread.ExecutorRegistryThread - >>>>>>>>>>> xxl-job registry-remove success, registryParam:RegistryParam{registryGroup='EXECUTOR', registryKey='xxl-job-executor-sample', registryValue='http://192.168.30.3:9999/'}, registryResult:ReturnT [code=200, msg=null, content=null]
2020-09-01 16:18:47.621 [xxl-job, executor ExecutorRegistryThread] INFO  com.xxl.job.core.thread.ExecutorRegistryThread - >>>>>>>>>>> xxl-job, executor registry thread destory.
2020-09-01 16:18:47.623 [SpringContextShutdownHook] INFO  com.xxl.job.core.server.EmbedServer - >>>>>>>>>>> xxl-job remoting server destroy success.
2020-09-01 16:18:47.629 [Thread-247] INFO  com.xxl.job.core.thread.JobThread - >>>>>>>>>>> xxl-job JobThread stoped, hashCode:Thread[Thread-247,10,main]
2020-09-01 16:18:47.630 [xxl-job, executor JobLogFileCleanThread] INFO  com.xxl.job.core.thread.JobLogFileCleanThread - >>>>>>>>>>> xxl-job, executor JobLogFileCleanThread thread destory.
2020-09-01 16:18:47.647 [xxl-job, executor TriggerCallbackThread] INFO  com.xxl.job.core.thread.TriggerCallbackThread - >>>>>>>>>>> xxl-job, executor callback thread destory.
2020-09-01 16:18:47.648 [Thread-238] INFO  com.xxl.job.core.thread.TriggerCallbackThread - >>>>>>>>>>> xxl-job, executor retry callback thread destory.
2020-09-01 16:20:31.566 [main] INFO  com.inspur.VueAppApplication - Starting VueAppApplication on zhuanghuan00 with PID 39724 (E:\IDEA_PROJECT\zh-vue\vue-app\target\classes started by zhuanghuan in E:\IDEA_PROJECT\zh-vue)
2020-09-01 16:20:31.579 [main] INFO  com.inspur.VueAppApplication - No active profile set, falling back to default profiles: default
2020-09-01 16:20:34.665 [main] INFO  o.s.d.r.config.RepositoryConfigurationDelegate - Multiple Spring Data modules found, entering strict repository configuration mode!
2020-09-01 16:20:34.682 [main] INFO  o.s.d.r.config.RepositoryConfigurationDelegate - Bootstrapping Spring Data Redis repositories in DEFAULT mode.
2020-09-01 16:20:34.795 [main] INFO  o.s.d.r.config.RepositoryConfigurationDelegate - Finished Spring Data repository scanning in 80ms. Found 0 Redis repository interfaces.
2020-09-01 16:20:36.012 [main] INFO  o.s.i.c.DefaultConfiguringBeanFactoryPostProcessor - No bean named 'errorChannel' has been explicitly defined. Therefore, a default PublishSubscribeChannel will be created.
2020-09-01 16:20:36.040 [main] INFO  o.s.i.c.DefaultConfiguringBeanFactoryPostProcessor - No bean named 'taskScheduler' has been explicitly defined. Therefore, a default ThreadPoolTaskScheduler will be created.
2020-09-01 16:20:36.051 [main] INFO  o.s.i.c.DefaultConfiguringBeanFactoryPostProcessor - No bean named 'integrationHeaderChannelRegistry' has been explicitly defined. Therefore, a default DefaultHeaderChannelRegistry will be created.
2020-09-01 16:20:36.361 [main] INFO  o.s.c.s.PostProcessorRegistrationDelegate$BeanPostProcessorChecker - Bean 'redisConfiguration' of type [com.inspur.system.redis.config.RedisConfiguration$$EnhancerBySpringCGLIB$$190a9498] is not eligible for getting processed by all BeanPostProcessors (for example: not eligible for auto-proxying)
2020-09-01 16:20:36.498 [main] INFO  o.s.c.s.PostProcessorRegistrationDelegate$BeanPostProcessorChecker - Bean 'org.springframework.integration.config.IntegrationManagementConfiguration' of type [org.springframework.integration.config.IntegrationManagementConfiguration] is not eligible for getting processed by all BeanPostProcessors (for example: not eligible for auto-proxying)
2020-09-01 16:20:36.526 [main] INFO  o.s.c.s.PostProcessorRegistrationDelegate$BeanPostProcessorChecker - Bean 'integrationChannelResolver' of type [org.springframework.integration.support.channel.BeanFactoryChannelResolver] is not eligible for getting processed by all BeanPostProcessors (for example: not eligible for auto-proxying)
2020-09-01 16:20:36.530 [main] INFO  o.s.c.s.PostProcessorRegistrationDelegate$BeanPostProcessorChecker - Bean 'integrationDisposableAutoCreatedBeans' of type [org.springframework.integration.config.annotation.Disposables] is not eligible for getting processed by all BeanPostProcessors (for example: not eligible for auto-proxying)
2020-09-01 16:20:37.329 [main] INFO  o.s.boot.web.embedded.tomcat.TomcatWebServer - Tomcat initialized with port(s): 8085 (http)
2020-09-01 16:20:37.351 [main] INFO  org.apache.coyote.http11.Http11NioProtocol - Initializing ProtocolHandler ["http-nio-8085"]
2020-09-01 16:20:37.356 [main] INFO  org.apache.catalina.core.StandardService - Starting service [Tomcat]
2020-09-01 16:20:37.357 [main] INFO  org.apache.catalina.core.StandardEngine - Starting Servlet engine: [Apache Tomcat/9.0.35]
2020-09-01 16:20:37.632 [main] INFO  o.a.c.c.C.[Tomcat].[localhost].[/JwtVue] - Initializing Spring embedded WebApplicationContext
2020-09-01 16:20:37.632 [main] INFO  org.springframework.web.context.ContextLoader - Root WebApplicationContext: initialization completed in 5366 ms
2020-09-01 16:20:40.580 [main] INFO  com.inspur.executor.config.XxlJobConfig - >>>>>>>>>>> xxl-job config init.
2020-09-01 16:20:40.904 [main] INFO  o.s.security.web.DefaultSecurityFilterChain - Creating filter chain: Ant [pattern='/resources/**'], []
2020-09-01 16:20:41.075 [main] INFO  o.s.security.web.DefaultSecurityFilterChain - Creating filter chain: any request, [org.springframework.security.web.context.request.async.WebAsyncManagerIntegrationFilter@28831d69, org.springframework.security.web.context.SecurityContextPersistenceFilter@1ccdc7aa, org.springframework.security.web.header.HeaderWriterFilter@64f3ca6, org.springframework.security.web.authentication.logout.LogoutFilter@77c23d90, com.inspur.system.security.filter.JwtLoginAuthenticationFilter@eaf8427, com.inspur.system.security.filter.JwtRequestAuthorizationFilter@1ab53860, org.springframework.security.web.savedrequest.RequestCacheAwareFilter@1657b017, org.springframework.security.web.servletapi.SecurityContextHolderAwareRequestFilter@7e0986c9, org.springframework.security.web.authentication.AnonymousAuthenticationFilter@315b4202, org.springframework.security.web.session.SessionManagementFilter@721fc2e3, org.springframework.security.web.access.ExceptionTranslationFilter@3dde5f38, org.springframework.security.web.access.intercept.FilterSecurityInterceptor@12e007be]
2020-09-01 16:20:41.348 [main] INFO  o.s.scheduling.concurrent.ThreadPoolTaskExecutor - Initializing ExecutorService 'applicationTaskExecutor'
2020-09-01 16:20:42.683 [main] INFO  o.s.scheduling.concurrent.ThreadPoolTaskScheduler - Initializing ExecutorService 'taskScheduler'
2020-09-01 16:20:42.821 [main] INFO  com.xxl.job.core.executor.XxlJobExecutor - >>>>>>>>>>> xxl-job register jobhandler success, name:demoJobHandler, jobHandler:com.xxl.job.core.handler.impl.MethodJobHandler@bf4e48e[class com.inspur.executor.handler.SampleXxlJob#demoJobHandler]
2020-09-01 16:20:42.822 [main] INFO  com.xxl.job.core.executor.XxlJobExecutor - >>>>>>>>>>> xxl-job register jobhandler success, name:httpJobHandler, jobHandler:com.xxl.job.core.handler.impl.MethodJobHandler@299eca90[class com.inspur.executor.handler.SampleXxlJob#httpJobHandler]
2020-09-01 16:20:42.824 [main] INFO  com.xxl.job.core.executor.XxlJobExecutor - >>>>>>>>>>> xxl-job register jobhandler success, name:demoJobHandler2, jobHandler:com.xxl.job.core.handler.impl.MethodJobHandler@189633f2[class com.inspur.executor.handler.SampleXxlJob#demoJobHandler2]
2020-09-01 16:20:42.825 [main] INFO  com.xxl.job.core.executor.XxlJobExecutor - >>>>>>>>>>> xxl-job register jobhandler success, name:shardingJobHandler, jobHandler:com.xxl.job.core.handler.impl.MethodJobHandler@76b05c0[class com.inspur.executor.handler.SampleXxlJob#shardingJobHandler]
2020-09-01 16:20:42.825 [main] INFO  com.xxl.job.core.executor.XxlJobExecutor - >>>>>>>>>>> xxl-job register jobhandler success, name:commandJobHandler, jobHandler:com.xxl.job.core.handler.impl.MethodJobHandler@2b974137[class com.inspur.executor.handler.SampleXxlJob#commandJobHandler]
2020-09-01 16:20:43.066 [main] INFO  o.s.integration.endpoint.EventDrivenConsumer - Adding {logging-channel-adapter:_org.springframework.integration.errorLogger} as a subscriber to the 'errorChannel' channel
2020-09-01 16:20:43.069 [main] INFO  o.s.integration.channel.PublishSubscribeChannel - Channel 'application.errorChannel' has 1 subscriber(s).
2020-09-01 16:20:43.070 [main] INFO  o.s.integration.endpoint.EventDrivenConsumer - started bean '_org.springframework.integration.errorLogger'
2020-09-01 16:20:43.070 [main] INFO  org.apache.coyote.http11.Http11NioProtocol - Starting ProtocolHandler ["http-nio-8085"]
2020-09-01 16:20:43.219 [main] INFO  o.s.boot.web.embedded.tomcat.TomcatWebServer - Tomcat started on port(s): 8085 (http) with context path '/JwtVue'
2020-09-01 16:20:43.262 [main] INFO  com.inspur.VueAppApplication - Started VueAppApplication in 15.976 seconds (JVM running for 19.047)
2020-09-01 16:20:45.279 [Thread-231] INFO  com.xxl.job.core.server.EmbedServer - >>>>>>>>>>> xxl-job remoting server start success, nettype = class com.xxl.job.core.server.EmbedServer, port = 9999
2020-09-01 16:21:10.218 [xxl-rpc, EmbedServer bizThreadPool-393962269] INFO  com.xxl.job.core.executor.XxlJobExecutor - >>>>>>>>>>> xxl-job regist JobThread success, jobId:5, handler:com.xxl.job.core.handler.impl.MethodJobHandler@bf4e48e[class com.inspur.executor.handler.SampleXxlJob#demoJobHandler]
2020-09-01 16:24:39.116 [http-nio-8085-exec-10] INFO  o.a.c.c.C.[Tomcat].[localhost].[/JwtVue] - Initializing Spring DispatcherServlet 'dispatcherServlet'
2020-09-01 16:24:39.117 [http-nio-8085-exec-10] INFO  org.springframework.web.servlet.DispatcherServlet - Initializing Servlet 'dispatcherServlet'
2020-09-01 16:24:39.160 [http-nio-8085-exec-10] INFO  org.springframework.web.servlet.DispatcherServlet - Completed initialization in 29 ms
2020-09-01 16:24:41.042 [http-nio-8085-exec-10] INFO  c.i.s.s.filter.JwtRequestAuthorizationFilter - token已失效
2020-09-01 16:24:43.171 [http-nio-8085-exec-9] INFO  c.i.s.s.filter.JwtRequestAuthorizationFilter - token已失效
2020-09-01 16:38:20.936 [http-nio-8085-exec-1] INFO  com.zaxxer.hikari.HikariDataSource - HikariPool-1 - Starting...
2020-09-01 16:38:21.319 [http-nio-8085-exec-1] INFO  com.zaxxer.hikari.HikariDataSource - HikariPool-1 - Start completed.
2020-09-01 16:48:23.164 [SpringContextShutdownHook] INFO  o.s.integration.endpoint.EventDrivenConsumer - Removing {logging-channel-adapter:_org.springframework.integration.errorLogger} as a subscriber to the 'errorChannel' channel
2020-09-01 16:48:23.165 [SpringContextShutdownHook] INFO  o.s.integration.channel.PublishSubscribeChannel - Channel 'application.errorChannel' has 0 subscriber(s).
2020-09-01 16:48:23.166 [SpringContextShutdownHook] INFO  o.s.integration.endpoint.EventDrivenConsumer - stopped bean '_org.springframework.integration.errorLogger'
2020-09-01 16:48:23.167 [SpringContextShutdownHook] INFO  o.s.scheduling.concurrent.ThreadPoolTaskScheduler - Shutting down ExecutorService 'taskScheduler'
2020-09-01 16:48:23.170 [SpringContextShutdownHook] INFO  o.s.scheduling.concurrent.ThreadPoolTaskExecutor - Shutting down ExecutorService 'applicationTaskExecutor'
2020-09-01 16:48:23.171 [Thread-231] INFO  com.xxl.job.core.server.EmbedServer - >>>>>>>>>>> xxl-job remoting server stop.
2020-09-01 16:48:23.197 [xxl-job, executor ExecutorRegistryThread] INFO  com.xxl.job.core.thread.ExecutorRegistryThread - >>>>>>>>>>> xxl-job registry-remove success, registryParam:RegistryParam{registryGroup='EXECUTOR', registryKey='xxl-job-executor-sample', registryValue='http://192.168.30.3:9999/'}, registryResult:ReturnT [code=200, msg=null, content=null]
2020-09-01 16:48:23.198 [xxl-job, executor ExecutorRegistryThread] INFO  com.xxl.job.core.thread.ExecutorRegistryThread - >>>>>>>>>>> xxl-job, executor registry thread destory.
2020-09-01 16:48:23.198 [SpringContextShutdownHook] INFO  com.xxl.job.core.server.EmbedServer - >>>>>>>>>>> xxl-job remoting server destroy success.
2020-09-01 16:48:23.204 [Thread-239] INFO  com.xxl.job.core.thread.JobThread - >>>>>>>>>>> xxl-job JobThread stoped, hashCode:Thread[Thread-239,10,main]
2020-09-01 16:48:23.205 [xxl-job, executor JobLogFileCleanThread] INFO  com.xxl.job.core.thread.JobLogFileCleanThread - >>>>>>>>>>> xxl-job, executor JobLogFileCleanThread thread destory.
2020-09-01 16:48:23.251 [xxl-job, executor TriggerCallbackThread] INFO  com.xxl.job.core.thread.TriggerCallbackThread - >>>>>>>>>>> xxl-job, executor callback thread destory.
2020-09-01 16:48:23.252 [Thread-230] INFO  com.xxl.job.core.thread.TriggerCallbackThread - >>>>>>>>>>> xxl-job, executor retry callback thread destory.
2020-09-01 16:48:23.389 [SpringContextShutdownHook] INFO  com.zaxxer.hikari.HikariDataSource - HikariPool-1 - Shutdown initiated...
2020-09-01 16:48:23.423 [SpringContextShutdownHook] INFO  com.zaxxer.hikari.HikariDataSource - HikariPool-1 - Shutdown completed.
2020-09-01 16:48:37.287 [main] INFO  com.inspur.VueAppApplication - Starting VueAppApplication on zhuanghuan00 with PID 1468 (E:\IDEA_PROJECT\zh-vue\vue-app\target\classes started by zhuanghuan in E:\IDEA_PROJECT\zh-vue)
2020-09-01 16:48:37.300 [main] INFO  com.inspur.VueAppApplication - No active profile set, falling back to default profiles: default
2020-09-01 16:48:40.078 [main] INFO  o.s.d.r.config.RepositoryConfigurationDelegate - Multiple Spring Data modules found, entering strict repository configuration mode!
2020-09-01 16:48:40.085 [main] INFO  o.s.d.r.config.RepositoryConfigurationDelegate - Bootstrapping Spring Data Redis repositories in DEFAULT mode.
2020-09-01 16:48:40.233 [main] INFO  o.s.d.r.config.RepositoryConfigurationDelegate - Finished Spring Data repository scanning in 91ms. Found 0 Redis repository interfaces.
2020-09-01 16:48:41.237 [main] INFO  o.s.i.c.DefaultConfiguringBeanFactoryPostProcessor - No bean named 'errorChannel' has been explicitly defined. Therefore, a default PublishSubscribeChannel will be created.
2020-09-01 16:48:41.263 [main] INFO  o.s.i.c.DefaultConfiguringBeanFactoryPostProcessor - No bean named 'taskScheduler' has been explicitly defined. Therefore, a default ThreadPoolTaskScheduler will be created.
2020-09-01 16:48:41.284 [main] INFO  o.s.i.c.DefaultConfiguringBeanFactoryPostProcessor - No bean named 'integrationHeaderChannelRegistry' has been explicitly defined. Therefore, a default DefaultHeaderChannelRegistry will be created.
2020-09-01 16:48:41.571 [main] INFO  o.s.c.s.PostProcessorRegistrationDelegate$BeanPostProcessorChecker - Bean 'redisConfiguration' of type [com.inspur.system.redis.config.RedisConfiguration$$EnhancerBySpringCGLIB$$70828bb] is not eligible for getting processed by all BeanPostProcessors (for example: not eligible for auto-proxying)
2020-09-01 16:48:41.662 [main] INFO  o.s.c.s.PostProcessorRegistrationDelegate$BeanPostProcessorChecker - Bean 'org.springframework.integration.config.IntegrationManagementConfiguration' of type [org.springframework.integration.config.IntegrationManagementConfiguration] is not eligible for getting processed by all BeanPostProcessors (for example: not eligible for auto-proxying)
2020-09-01 16:48:41.687 [main] INFO  o.s.c.s.PostProcessorRegistrationDelegate$BeanPostProcessorChecker - Bean 'integrationChannelResolver' of type [org.springframework.integration.support.channel.BeanFactoryChannelResolver] is not eligible for getting processed by all BeanPostProcessors (for example: not eligible for auto-proxying)
2020-09-01 16:48:41.691 [main] INFO  o.s.c.s.PostProcessorRegistrationDelegate$BeanPostProcessorChecker - Bean 'integrationDisposableAutoCreatedBeans' of type [org.springframework.integration.config.annotation.Disposables] is not eligible for getting processed by all BeanPostProcessors (for example: not eligible for auto-proxying)
2020-09-01 16:48:42.449 [main] INFO  o.s.boot.web.embedded.tomcat.TomcatWebServer - Tomcat initialized with port(s): 8085 (http)
2020-09-01 16:48:42.473 [main] INFO  org.apache.coyote.http11.Http11NioProtocol - Initializing ProtocolHandler ["http-nio-8085"]
2020-09-01 16:48:42.474 [main] INFO  org.apache.catalina.core.StandardService - Starting service [Tomcat]
2020-09-01 16:48:42.476 [main] INFO  org.apache.catalina.core.StandardEngine - Starting Servlet engine: [Apache Tomcat/9.0.35]
2020-09-01 16:48:42.715 [main] INFO  o.a.c.c.C.[Tomcat].[localhost].[/JwtVue] - Initializing Spring embedded WebApplicationContext
2020-09-01 16:48:42.716 [main] INFO  org.springframework.web.context.ContextLoader - Root WebApplicationContext: initialization completed in 4650 ms
2020-09-01 16:48:45.344 [main] INFO  com.inspur.executor.config.XxlJobConfig - >>>>>>>>>>> xxl-job config init.
2020-09-01 16:48:45.531 [main] INFO  o.s.security.web.DefaultSecurityFilterChain - Creating filter chain: Ant [pattern='/resources/**'], []
2020-09-01 16:48:45.633 [main] INFO  o.s.security.web.DefaultSecurityFilterChain - Creating filter chain: any request, [org.springframework.security.web.context.request.async.WebAsyncManagerIntegrationFilter@1736c1e4, org.springframework.security.web.context.SecurityContextPersistenceFilter@19bf47fc, org.springframework.security.web.header.HeaderWriterFilter@600bbf9e, org.springframework.security.web.authentication.logout.LogoutFilter@22fb9a2c, com.inspur.system.security.filter.JwtLoginAuthenticationFilter@2d70f312, com.inspur.system.security.filter.JwtRequestAuthorizationFilter@21f9c6ea, org.springframework.security.web.savedrequest.RequestCacheAwareFilter@2347b7af, org.springframework.security.web.servletapi.SecurityContextHolderAwareRequestFilter@5ed31735, org.springframework.security.web.authentication.AnonymousAuthenticationFilter@32dcfeea, org.springframework.security.web.session.SessionManagementFilter@72b40f87, org.springframework.security.web.access.ExceptionTranslationFilter@4d67d5a4, org.springframework.security.web.access.intercept.FilterSecurityInterceptor@44fb6ebd]
2020-09-01 16:48:45.935 [main] INFO  o.s.scheduling.concurrent.ThreadPoolTaskExecutor - Initializing ExecutorService 'applicationTaskExecutor'
2020-09-01 16:48:47.011 [main] INFO  o.s.scheduling.concurrent.ThreadPoolTaskScheduler - Initializing ExecutorService 'taskScheduler'
2020-09-01 16:48:47.115 [main] INFO  com.xxl.job.core.executor.XxlJobExecutor - >>>>>>>>>>> xxl-job register jobhandler success, name:httpJobHandler, jobHandler:com.xxl.job.core.handler.impl.MethodJobHandler@2dc3ece8[class com.inspur.executor.handler.SampleXxlJob#httpJobHandler]
2020-09-01 16:48:47.116 [main] INFO  com.xxl.job.core.executor.XxlJobExecutor - >>>>>>>>>>> xxl-job register jobhandler success, name:demoJobHandler2, jobHandler:com.xxl.job.core.handler.impl.MethodJobHandler@2c1a8529[class com.inspur.executor.handler.SampleXxlJob#demoJobHandler2]
2020-09-01 16:48:47.116 [main] INFO  com.xxl.job.core.executor.XxlJobExecutor - >>>>>>>>>>> xxl-job register jobhandler success, name:demoJobHandler, jobHandler:com.xxl.job.core.handler.impl.MethodJobHandler@6d7865d6[class com.inspur.executor.handler.SampleXxlJob#demoJobHandler]
2020-09-01 16:48:47.117 [main] INFO  com.xxl.job.core.executor.XxlJobExecutor - >>>>>>>>>>> xxl-job register jobhandler success, name:shardingJobHandler, jobHandler:com.xxl.job.core.handler.impl.MethodJobHandler@45e639ee[class com.inspur.executor.handler.SampleXxlJob#shardingJobHandler]
2020-09-01 16:48:47.117 [main] INFO  com.xxl.job.core.executor.XxlJobExecutor - >>>>>>>>>>> xxl-job register jobhandler success, name:commandJobHandler, jobHandler:com.xxl.job.core.handler.impl.MethodJobHandler@77f03916[class com.inspur.executor.handler.SampleXxlJob#commandJobHandler]
2020-09-01 16:48:47.308 [main] INFO  o.s.integration.endpoint.EventDrivenConsumer - Adding {logging-channel-adapter:_org.springframework.integration.errorLogger} as a subscriber to the 'errorChannel' channel
2020-09-01 16:48:47.308 [main] INFO  o.s.integration.channel.PublishSubscribeChannel - Channel 'application.errorChannel' has 1 subscriber(s).
2020-09-01 16:48:47.309 [main] INFO  o.s.integration.endpoint.EventDrivenConsumer - started bean '_org.springframework.integration.errorLogger'
2020-09-01 16:48:47.310 [main] INFO  org.apache.coyote.http11.Http11NioProtocol - Starting ProtocolHandler ["http-nio-8085"]
2020-09-01 16:48:47.391 [main] INFO  o.s.boot.web.embedded.tomcat.TomcatWebServer - Tomcat started on port(s): 8085 (http) with context path '/JwtVue'
2020-09-01 16:48:47.425 [main] INFO  com.inspur.VueAppApplication - Started VueAppApplication in 13.651 seconds (JVM running for 17.228)
2020-09-01 16:48:49.570 [Thread-230] INFO  com.xxl.job.core.server.EmbedServer - >>>>>>>>>>> xxl-job remoting server start success, nettype = class com.xxl.job.core.server.EmbedServer, port = 9999
2020-09-01 16:49:10.221 [xxl-rpc, EmbedServer bizThreadPool-617060175] INFO  com.xxl.job.core.executor.XxlJobExecutor - >>>>>>>>>>> xxl-job regist JobThread success, jobId:5, handler:com.xxl.job.core.handler.impl.MethodJobHandler@6d7865d6[class com.inspur.executor.handler.SampleXxlJob#demoJobHandler]
2020-09-01 16:49:16.183 [http-nio-8085-exec-9] INFO  o.a.c.c.C.[Tomcat].[localhost].[/JwtVue] - Initializing Spring DispatcherServlet 'dispatcherServlet'
2020-09-01 16:49:16.183 [http-nio-8085-exec-9] INFO  org.springframework.web.servlet.DispatcherServlet - Initializing Servlet 'dispatcherServlet'
2020-09-01 16:49:16.212 [http-nio-8085-exec-9] INFO  org.springframework.web.servlet.DispatcherServlet - Completed initialization in 28 ms
2020-09-01 16:49:17.355 [http-nio-8085-exec-9] INFO  com.zaxxer.hikari.HikariDataSource - HikariPool-1 - Starting...
2020-09-01 16:49:17.832 [http-nio-8085-exec-9] INFO  com.zaxxer.hikari.HikariDataSource - HikariPool-1 - Start completed.
2020-09-01 17:05:34.083 [xxl-job, executor ExecutorRegistryThread] INFO  com.xxl.job.core.thread.ExecutorRegistryThread - >>>>>>>>>>> xxl-job registry fail, registryParam:RegistryParam{registryGroup='EXECUTOR', registryKey='xxl-job-executor-sample', registryValue='http://192.168.30.3:9999/'}, registryResult:ReturnT [code=500, msg=xxl-rpc remoting error(Connection refused: connect), for url : http://127.0.0.1:8081/xxl-job-admin/api/registry, content=null]
2020-09-01 17:08:09.542 [main] INFO  com.inspur.VueAppApplication - Starting VueAppApplication on zhuanghuan00 with PID 41452 (E:\IDEA_PROJECT\zh-vue\vue-app\target\classes started by zhuanghuan in E:\IDEA_PROJECT\zh-vue)
2020-09-01 17:08:09.554 [main] INFO  com.inspur.VueAppApplication - No active profile set, falling back to default profiles: default
2020-09-01 17:08:14.200 [main] INFO  o.s.d.r.config.RepositoryConfigurationDelegate - Multiple Spring Data modules found, entering strict repository configuration mode!
2020-09-01 17:08:14.221 [main] INFO  o.s.d.r.config.RepositoryConfigurationDelegate - Bootstrapping Spring Data Redis repositories in DEFAULT mode.
2020-09-01 17:08:14.433 [main] INFO  o.s.d.r.config.RepositoryConfigurationDelegate - Finished Spring Data repository scanning in 144ms. Found 0 Redis repository interfaces.
2020-09-01 17:08:17.517 [main] INFO  o.s.i.c.DefaultConfiguringBeanFactoryPostProcessor - No bean named 'errorChannel' has been explicitly defined. Therefore, a default PublishSubscribeChannel will be created.
2020-09-01 17:08:17.560 [main] INFO  o.s.i.c.DefaultConfiguringBeanFactoryPostProcessor - No bean named 'taskScheduler' has been explicitly defined. Therefore, a default ThreadPoolTaskScheduler will be created.
2020-09-01 17:08:17.581 [main] INFO  o.s.i.c.DefaultConfiguringBeanFactoryPostProcessor - No bean named 'integrationHeaderChannelRegistry' has been explicitly defined. Therefore, a default DefaultHeaderChannelRegistry will be created.
2020-09-01 17:08:18.220 [main] INFO  o.s.c.s.PostProcessorRegistrationDelegate$BeanPostProcessorChecker - Bean 'redisConfiguration' of type [com.inspur.system.redis.config.RedisConfiguration$$EnhancerBySpringCGLIB$$61abbcdd] is not eligible for getting processed by all BeanPostProcessors (for example: not eligible for auto-proxying)
2020-09-01 17:08:18.384 [main] INFO  o.s.c.s.PostProcessorRegistrationDelegate$BeanPostProcessorChecker - Bean 'org.springframework.integration.config.IntegrationManagementConfiguration' of type [org.springframework.integration.config.IntegrationManagementConfiguration] is not eligible for getting processed by all BeanPostProcessors (for example: not eligible for auto-proxying)
2020-09-01 17:08:18.431 [main] INFO  o.s.c.s.PostProcessorRegistrationDelegate$BeanPostProcessorChecker - Bean 'integrationChannelResolver' of type [org.springframework.integration.support.channel.BeanFactoryChannelResolver] is not eligible for getting processed by all BeanPostProcessors (for example: not eligible for auto-proxying)
2020-09-01 17:08:18.442 [main] INFO  o.s.c.s.PostProcessorRegistrationDelegate$BeanPostProcessorChecker - Bean 'integrationDisposableAutoCreatedBeans' of type [org.springframework.integration.config.annotation.Disposables] is not eligible for getting processed by all BeanPostProcessors (for example: not eligible for auto-proxying)
2020-09-01 17:08:19.571 [main] INFO  o.s.boot.web.embedded.tomcat.TomcatWebServer - Tomcat initialized with port(s): 8085 (http)
2020-09-01 17:08:19.623 [main] INFO  org.apache.coyote.http11.Http11NioProtocol - Initializing ProtocolHandler ["http-nio-8085"]
2020-09-01 17:08:19.630 [main] INFO  org.apache.catalina.core.StandardService - Starting service [Tomcat]
2020-09-01 17:08:19.631 [main] INFO  org.apache.catalina.core.StandardEngine - Starting Servlet engine: [Apache Tomcat/9.0.35]
2020-09-01 17:08:20.188 [main] INFO  o.a.c.c.C.[Tomcat].[localhost].[/JwtVue] - Initializing Spring embedded WebApplicationContext
2020-09-01 17:08:20.190 [main] INFO  org.springframework.web.context.ContextLoader - Root WebApplicationContext: initialization completed in 9796 ms
2020-09-01 17:08:26.974 [main] INFO  com.inspur.executor.config.XxlJobConfig - >>>>>>>>>>> xxl-job config init.
2020-09-01 17:08:27.791 [main] INFO  o.s.security.web.DefaultSecurityFilterChain - Creating filter chain: Ant [pattern='/resources/**'], []
2020-09-01 17:08:28.070 [main] INFO  o.s.security.web.DefaultSecurityFilterChain - Creating filter chain: any request, [org.springframework.security.web.context.request.async.WebAsyncManagerIntegrationFilter@7afb9c93, org.springframework.security.web.context.SecurityContextPersistenceFilter@5c9a4f3b, org.springframework.security.web.header.HeaderWriterFilter@78128dd0, org.springframework.security.web.authentication.logout.LogoutFilter@520a95ff, com.inspur.system.security.filter.JwtLoginAuthenticationFilter@3ef3f661, com.inspur.system.security.filter.JwtRequestAuthorizationFilter@45b7c97f, org.springframework.security.web.savedrequest.RequestCacheAwareFilter@6f24ce45, org.springframework.security.web.servletapi.SecurityContextHolderAwareRequestFilter@2707c790, org.springframework.security.web.authentication.AnonymousAuthenticationFilter@30d15e4a, org.springframework.security.web.session.SessionManagementFilter@28dd81ad, org.springframework.security.web.access.ExceptionTranslationFilter@6d420cdd, org.springframework.security.web.access.intercept.FilterSecurityInterceptor@5ee77baf]
2020-09-01 17:08:28.680 [main] INFO  o.s.scheduling.concurrent.ThreadPoolTaskExecutor - Initializing ExecutorService 'applicationTaskExecutor'
2020-09-01 17:08:31.636 [main] INFO  o.s.scheduling.concurrent.ThreadPoolTaskScheduler - Initializing ExecutorService 'taskScheduler'
2020-09-01 17:08:31.853 [main] INFO  com.xxl.job.core.executor.XxlJobExecutor - >>>>>>>>>>> xxl-job register jobhandler success, name:shardingJobHandler, jobHandler:com.xxl.job.core.handler.impl.MethodJobHandler@4a944af9[class com.inspur.executor.handler.SampleXxlJob#shardingJobHandler]
2020-09-01 17:08:31.859 [main] INFO  com.xxl.job.core.executor.XxlJobExecutor - >>>>>>>>>>> xxl-job register jobhandler success, name:commandJobHandler, jobHandler:com.xxl.job.core.handler.impl.MethodJobHandler@3593e074[class com.inspur.executor.handler.SampleXxlJob#commandJobHandler]
2020-09-01 17:08:31.862 [main] INFO  com.xxl.job.core.executor.XxlJobExecutor - >>>>>>>>>>> xxl-job register jobhandler success, name:demoJobHandler2, jobHandler:com.xxl.job.core.handler.impl.MethodJobHandler@79d14037[class com.inspur.executor.handler.SampleXxlJob#demoJobHandler2]
2020-09-01 17:08:31.873 [main] INFO  com.xxl.job.core.executor.XxlJobExecutor - >>>>>>>>>>> xxl-job register jobhandler success, name:demoJobHandler, jobHandler:com.xxl.job.core.handler.impl.MethodJobHandler@6c1e40d9[class com.inspur.executor.handler.SampleXxlJob#demoJobHandler]
2020-09-01 17:08:31.874 [main] INFO  com.xxl.job.core.executor.XxlJobExecutor - >>>>>>>>>>> xxl-job register jobhandler success, name:httpJobHandler, jobHandler:com.xxl.job.core.handler.impl.MethodJobHandler@4b50c21[class com.inspur.executor.handler.SampleXxlJob#httpJobHandler]
2020-09-01 17:08:32.282 [main] INFO  o.s.integration.endpoint.EventDrivenConsumer - Adding {logging-channel-adapter:_org.springframework.integration.errorLogger} as a subscriber to the 'errorChannel' channel
2020-09-01 17:08:32.283 [main] INFO  o.s.integration.channel.PublishSubscribeChannel - Channel 'application.errorChannel' has 1 subscriber(s).
2020-09-01 17:08:32.284 [main] INFO  o.s.integration.endpoint.EventDrivenConsumer - started bean '_org.springframework.integration.errorLogger'
2020-09-01 17:08:32.284 [main] INFO  org.apache.coyote.http11.Http11NioProtocol - Starting ProtocolHandler ["http-nio-8085"]
2020-09-01 17:08:32.338 [main] INFO  o.s.scheduling.concurrent.ThreadPoolTaskScheduler - Shutting down ExecutorService 'taskScheduler'
2020-09-01 17:08:32.373 [main] INFO  o.s.scheduling.concurrent.ThreadPoolTaskExecutor - Shutting down ExecutorService 'applicationTaskExecutor'
2020-09-01 17:08:32.448 [xxl-job, executor JobLogFileCleanThread] INFO  com.xxl.job.core.thread.JobLogFileCleanThread - >>>>>>>>>>> xxl-job, executor JobLogFileCleanThread thread destory.
2020-09-01 17:08:32.458 [xxl-job, executor TriggerCallbackThread] INFO  com.xxl.job.core.thread.TriggerCallbackThread - >>>>>>>>>>> xxl-job, executor callback thread destory.
2020-09-01 17:08:32.464 [Thread-245] INFO  com.xxl.job.core.thread.TriggerCallbackThread - >>>>>>>>>>> xxl-job, executor retry callback thread destory.
2020-09-01 17:08:32.881 [main] INFO  org.apache.coyote.http11.Http11NioProtocol - Pausing ProtocolHandler ["http-nio-8085"]
2020-09-01 17:08:32.883 [main] INFO  org.apache.catalina.core.StandardService - Stopping service [Tomcat]
2020-09-01 17:08:32.899 [main] INFO  org.apache.coyote.http11.Http11NioProtocol - Stopping ProtocolHandler ["http-nio-8085"]
2020-09-01 17:08:32.905 [main] INFO  org.apache.coyote.http11.Http11NioProtocol - Destroying ProtocolHandler ["http-nio-8085"]
2020-09-01 17:08:32.941 [main] INFO  o.s.b.a.l.ConditionEvaluationReportLoggingListener - 

Error starting ApplicationContext. To display the conditions report re-run your application with 'debug' enabled.
2020-09-01 17:09:16.959 [main] INFO  com.inspur.VueAppApplication - Starting VueAppApplication on zhuanghuan00 with PID 30988 (E:\IDEA_PROJECT\zh-vue\vue-app\target\classes started by zhuanghuan in E:\IDEA_PROJECT\zh-vue)
2020-09-01 17:09:16.975 [main] INFO  com.inspur.VueAppApplication - No active profile set, falling back to default profiles: default
2020-09-01 17:09:20.549 [main] INFO  o.s.d.r.config.RepositoryConfigurationDelegate - Multiple Spring Data modules found, entering strict repository configuration mode!
2020-09-01 17:09:20.566 [main] INFO  o.s.d.r.config.RepositoryConfigurationDelegate - Bootstrapping Spring Data Redis repositories in DEFAULT mode.
2020-09-01 17:09:20.702 [main] INFO  o.s.d.r.config.RepositoryConfigurationDelegate - Finished Spring Data repository scanning in 87ms. Found 0 Redis repository interfaces.
2020-09-01 17:09:22.151 [main] INFO  o.s.i.c.DefaultConfiguringBeanFactoryPostProcessor - No bean named 'errorChannel' has been explicitly defined. Therefore, a default PublishSubscribeChannel will be created.
2020-09-01 17:09:22.171 [main] INFO  o.s.i.c.DefaultConfiguringBeanFactoryPostProcessor - No bean named 'taskScheduler' has been explicitly defined. Therefore, a default ThreadPoolTaskScheduler will be created.
2020-09-01 17:09:22.181 [main] INFO  o.s.i.c.DefaultConfiguringBeanFactoryPostProcessor - No bean named 'integrationHeaderChannelRegistry' has been explicitly defined. Therefore, a default DefaultHeaderChannelRegistry will be created.
2020-09-01 17:09:22.532 [main] INFO  o.s.c.s.PostProcessorRegistrationDelegate$BeanPostProcessorChecker - Bean 'redisConfiguration' of type [com.inspur.system.redis.config.RedisConfiguration$$EnhancerBySpringCGLIB$$a2df9b07] is not eligible for getting processed by all BeanPostProcessors (for example: not eligible for auto-proxying)
2020-09-01 17:09:22.634 [main] INFO  o.s.c.s.PostProcessorRegistrationDelegate$BeanPostProcessorChecker - Bean 'org.springframework.integration.config.IntegrationManagementConfiguration' of type [org.springframework.integration.config.IntegrationManagementConfiguration] is not eligible for getting processed by all BeanPostProcessors (for example: not eligible for auto-proxying)
2020-09-01 17:09:22.658 [main] INFO  o.s.c.s.PostProcessorRegistrationDelegate$BeanPostProcessorChecker - Bean 'integrationChannelResolver' of type [org.springframework.integration.support.channel.BeanFactoryChannelResolver] is not eligible for getting processed by all BeanPostProcessors (for example: not eligible for auto-proxying)
2020-09-01 17:09:22.667 [main] INFO  o.s.c.s.PostProcessorRegistrationDelegate$BeanPostProcessorChecker - Bean 'integrationDisposableAutoCreatedBeans' of type [org.springframework.integration.config.annotation.Disposables] is not eligible for getting processed by all BeanPostProcessors (for example: not eligible for auto-proxying)
2020-09-01 17:09:23.356 [main] INFO  o.s.boot.web.embedded.tomcat.TomcatWebServer - Tomcat initialized with port(s): 8085 (http)
2020-09-01 17:09:23.377 [main] INFO  org.apache.coyote.http11.Http11NioProtocol - Initializing ProtocolHandler ["http-nio-8085"]
2020-09-01 17:09:23.380 [main] INFO  org.apache.catalina.core.StandardService - Starting service [Tomcat]
2020-09-01 17:09:23.381 [main] INFO  org.apache.catalina.core.StandardEngine - Starting Servlet engine: [Apache Tomcat/9.0.35]
2020-09-01 17:09:23.637 [main] INFO  o.a.c.c.C.[Tomcat].[localhost].[/JwtVue] - Initializing Spring embedded WebApplicationContext
2020-09-01 17:09:23.637 [main] INFO  org.springframework.web.context.ContextLoader - Root WebApplicationContext: initialization completed in 5926 ms
2020-09-01 17:09:26.561 [main] INFO  com.inspur.executor.config.XxlJobConfig - >>>>>>>>>>> xxl-job config init.
2020-09-01 17:09:26.903 [main] INFO  o.s.security.web.DefaultSecurityFilterChain - Creating filter chain: Ant [pattern='/resources/**'], []
2020-09-01 17:09:27.058 [main] INFO  o.s.security.web.DefaultSecurityFilterChain - Creating filter chain: any request, [org.springframework.security.web.context.request.async.WebAsyncManagerIntegrationFilter@26994c6a, org.springframework.security.web.context.SecurityContextPersistenceFilter@619c3546, org.springframework.security.web.header.HeaderWriterFilter@7f8c48f3, org.springframework.security.web.authentication.logout.LogoutFilter@58739e5e, com.inspur.system.security.filter.JwtLoginAuthenticationFilter@6b16de91, com.inspur.system.security.filter.JwtRequestAuthorizationFilter@3b6c2be6, org.springframework.security.web.savedrequest.RequestCacheAwareFilter@30cafd13, org.springframework.security.web.servletapi.SecurityContextHolderAwareRequestFilter@7548e1fb, org.springframework.security.web.authentication.AnonymousAuthenticationFilter@3cd46491, org.springframework.security.web.session.SessionManagementFilter@6cceb281, org.springframework.security.web.access.ExceptionTranslationFilter@d28c214, org.springframework.security.web.access.intercept.FilterSecurityInterceptor@1f39269d]
2020-09-01 17:09:27.398 [main] INFO  o.s.scheduling.concurrent.ThreadPoolTaskExecutor - Initializing ExecutorService 'applicationTaskExecutor'
2020-09-01 17:09:29.108 [main] INFO  o.s.scheduling.concurrent.ThreadPoolTaskScheduler - Initializing ExecutorService 'taskScheduler'
2020-09-01 17:09:29.245 [main] INFO  com.xxl.job.core.executor.XxlJobExecutor - >>>>>>>>>>> xxl-job register jobhandler success, name:commandJobHandler, jobHandler:com.xxl.job.core.handler.impl.MethodJobHandler@5dacf18d[class com.inspur.executor.handler.SampleXxlJob#commandJobHandler]
2020-09-01 17:09:29.246 [main] INFO  com.xxl.job.core.executor.XxlJobExecutor - >>>>>>>>>>> xxl-job register jobhandler success, name:shardingJobHandler, jobHandler:com.xxl.job.core.handler.impl.MethodJobHandler@432a6a69[class com.inspur.executor.handler.SampleXxlJob#shardingJobHandler]
2020-09-01 17:09:29.246 [main] INFO  com.xxl.job.core.executor.XxlJobExecutor - >>>>>>>>>>> xxl-job register jobhandler success, name:demoJobHandler, jobHandler:com.xxl.job.core.handler.impl.MethodJobHandler@6f52a229[class com.inspur.executor.handler.SampleXxlJob#demoJobHandler]
2020-09-01 17:09:29.259 [main] INFO  com.xxl.job.core.executor.XxlJobExecutor - >>>>>>>>>>> xxl-job register jobhandler success, name:httpJobHandler, jobHandler:com.xxl.job.core.handler.impl.MethodJobHandler@3fe98084[class com.inspur.executor.handler.SampleXxlJob#httpJobHandler]
2020-09-01 17:09:29.260 [main] INFO  com.xxl.job.core.executor.XxlJobExecutor - >>>>>>>>>>> xxl-job register jobhandler success, name:demoJobHandler2, jobHandler:com.xxl.job.core.handler.impl.MethodJobHandler@5f33e6d[class com.inspur.executor.handler.SampleXxlJob#demoJobHandler2]
2020-09-01 17:09:29.515 [main] INFO  o.s.integration.endpoint.EventDrivenConsumer - Adding {logging-channel-adapter:_org.springframework.integration.errorLogger} as a subscriber to the 'errorChannel' channel
2020-09-01 17:09:29.516 [main] INFO  o.s.integration.channel.PublishSubscribeChannel - Channel 'application.errorChannel' has 1 subscriber(s).
2020-09-01 17:09:29.517 [main] INFO  o.s.integration.endpoint.EventDrivenConsumer - started bean '_org.springframework.integration.errorLogger'
2020-09-01 17:09:29.517 [main] INFO  org.apache.coyote.http11.Http11NioProtocol - Starting ProtocolHandler ["http-nio-8085"]
2020-09-01 17:09:29.568 [main] INFO  o.s.scheduling.concurrent.ThreadPoolTaskScheduler - Shutting down ExecutorService 'taskScheduler'
2020-09-01 17:09:29.571 [main] INFO  o.s.scheduling.concurrent.ThreadPoolTaskExecutor - Shutting down ExecutorService 'applicationTaskExecutor'
2020-09-01 17:09:29.578 [xxl-job, executor JobLogFileCleanThread] INFO  com.xxl.job.core.thread.JobLogFileCleanThread - >>>>>>>>>>> xxl-job, executor JobLogFileCleanThread thread destory.
2020-09-01 17:09:29.579 [xxl-job, executor TriggerCallbackThread] INFO  com.xxl.job.core.thread.TriggerCallbackThread - >>>>>>>>>>> xxl-job, executor callback thread destory.
2020-09-01 17:09:29.579 [Thread-225] INFO  com.xxl.job.core.thread.TriggerCallbackThread - >>>>>>>>>>> xxl-job, executor retry callback thread destory.
2020-09-01 17:09:29.623 [main] INFO  org.apache.coyote.http11.Http11NioProtocol - Pausing ProtocolHandler ["http-nio-8085"]
2020-09-01 17:09:29.623 [main] INFO  org.apache.catalina.core.StandardService - Stopping service [Tomcat]
2020-09-01 17:09:29.634 [main] INFO  org.apache.coyote.http11.Http11NioProtocol - Stopping ProtocolHandler ["http-nio-8085"]
2020-09-01 17:09:29.635 [main] INFO  org.apache.coyote.http11.Http11NioProtocol - Destroying ProtocolHandler ["http-nio-8085"]
2020-09-01 17:09:29.667 [main] INFO  o.s.b.a.l.ConditionEvaluationReportLoggingListener - 

Error starting ApplicationContext. To display the conditions report re-run your application with 'debug' enabled.
2020-09-01 17:10:19.217 [main] INFO  com.inspur.VueAppApplication - Starting VueAppApplication on zhuanghuan00 with PID 7088 (E:\IDEA_PROJECT\zh-vue\vue-app\target\classes started by zhuanghuan in E:\IDEA_PROJECT\zh-vue)
2020-09-01 17:10:19.233 [main] INFO  com.inspur.VueAppApplication - No active profile set, falling back to default profiles: default
2020-09-01 17:10:22.793 [main] INFO  o.s.d.r.config.RepositoryConfigurationDelegate - Multiple Spring Data modules found, entering strict repository configuration mode!
2020-09-01 17:10:22.800 [main] INFO  o.s.d.r.config.RepositoryConfigurationDelegate - Bootstrapping Spring Data Redis repositories in DEFAULT mode.
2020-09-01 17:10:22.919 [main] INFO  o.s.d.r.config.RepositoryConfigurationDelegate - Finished Spring Data repository scanning in 86ms. Found 0 Redis repository interfaces.
2020-09-01 17:10:24.784 [main] INFO  o.s.i.c.DefaultConfiguringBeanFactoryPostProcessor - No bean named 'errorChannel' has been explicitly defined. Therefore, a default PublishSubscribeChannel will be created.
2020-09-01 17:10:24.806 [main] INFO  o.s.i.c.DefaultConfiguringBeanFactoryPostProcessor - No bean named 'taskScheduler' has been explicitly defined. Therefore, a default ThreadPoolTaskScheduler will be created.
2020-09-01 17:10:24.818 [main] INFO  o.s.i.c.DefaultConfiguringBeanFactoryPostProcessor - No bean named 'integrationHeaderChannelRegistry' has been explicitly defined. Therefore, a default DefaultHeaderChannelRegistry will be created.
2020-09-01 17:10:25.111 [main] INFO  o.s.c.s.PostProcessorRegistrationDelegate$BeanPostProcessorChecker - Bean 'redisConfiguration' of type [com.inspur.system.redis.config.RedisConfiguration$$EnhancerBySpringCGLIB$$1142186] is not eligible for getting processed by all BeanPostProcessors (for example: not eligible for auto-proxying)
2020-09-01 17:10:25.200 [main] INFO  o.s.c.s.PostProcessorRegistrationDelegate$BeanPostProcessorChecker - Bean 'org.springframework.integration.config.IntegrationManagementConfiguration' of type [org.springframework.integration.config.IntegrationManagementConfiguration] is not eligible for getting processed by all BeanPostProcessors (for example: not eligible for auto-proxying)
2020-09-01 17:10:25.239 [main] INFO  o.s.c.s.PostProcessorRegistrationDelegate$BeanPostProcessorChecker - Bean 'integrationChannelResolver' of type [org.springframework.integration.support.channel.BeanFactoryChannelResolver] is not eligible for getting processed by all BeanPostProcessors (for example: not eligible for auto-proxying)
2020-09-01 17:10:25.243 [main] INFO  o.s.c.s.PostProcessorRegistrationDelegate$BeanPostProcessorChecker - Bean 'integrationDisposableAutoCreatedBeans' of type [org.springframework.integration.config.annotation.Disposables] is not eligible for getting processed by all BeanPostProcessors (for example: not eligible for auto-proxying)
2020-09-01 17:10:26.064 [main] INFO  o.s.boot.web.embedded.tomcat.TomcatWebServer - Tomcat initialized with port(s): 8085 (http)
2020-09-01 17:10:26.101 [main] INFO  org.apache.coyote.http11.Http11NioProtocol - Initializing ProtocolHandler ["http-nio-8085"]
2020-09-01 17:10:26.106 [main] INFO  org.apache.catalina.core.StandardService - Starting service [Tomcat]
2020-09-01 17:10:26.107 [main] INFO  org.apache.catalina.core.StandardEngine - Starting Servlet engine: [Apache Tomcat/9.0.35]
2020-09-01 17:10:26.382 [main] INFO  o.a.c.c.C.[Tomcat].[localhost].[/JwtVue] - Initializing Spring embedded WebApplicationContext
2020-09-01 17:10:26.383 [main] INFO  org.springframework.web.context.ContextLoader - Root WebApplicationContext: initialization completed in 6372 ms
2020-09-01 17:10:29.525 [main] INFO  com.inspur.executor.config.XxlJobConfig - >>>>>>>>>>> xxl-job config init.
2020-09-01 17:10:29.830 [main] INFO  o.s.security.web.DefaultSecurityFilterChain - Creating filter chain: Ant [pattern='/resources/**'], []
2020-09-01 17:10:29.946 [main] INFO  o.s.security.web.DefaultSecurityFilterChain - Creating filter chain: any request, [org.springframework.security.web.context.request.async.WebAsyncManagerIntegrationFilter@1182d1df, org.springframework.security.web.context.SecurityContextPersistenceFilter@2d24cdd9, org.springframework.security.web.header.HeaderWriterFilter@2969a9a6, org.springframework.security.web.authentication.logout.LogoutFilter@7e31062c, com.inspur.system.security.filter.JwtLoginAuthenticationFilter@50f4b83d, com.inspur.system.security.filter.JwtRequestAuthorizationFilter@7cc2c551, org.springframework.security.web.savedrequest.RequestCacheAwareFilter@4656fcc5, org.springframework.security.web.servletapi.SecurityContextHolderAwareRequestFilter@6bd7439d, org.springframework.security.web.authentication.AnonymousAuthenticationFilter@31c7c281, org.springframework.security.web.session.SessionManagementFilter@6182ffef, org.springframework.security.web.access.ExceptionTranslationFilter@58739e5e, org.springframework.security.web.access.intercept.FilterSecurityInterceptor@54b44879]
2020-09-01 17:10:30.237 [main] INFO  o.s.scheduling.concurrent.ThreadPoolTaskExecutor - Initializing ExecutorService 'applicationTaskExecutor'
2020-09-01 17:10:31.552 [main] INFO  o.s.scheduling.concurrent.ThreadPoolTaskScheduler - Initializing ExecutorService 'taskScheduler'
2020-09-01 17:10:31.694 [main] INFO  com.xxl.job.core.executor.XxlJobExecutor - >>>>>>>>>>> xxl-job register jobhandler success, name:demoJobHandler, jobHandler:com.xxl.job.core.handler.impl.MethodJobHandler@41f7c02d[class com.inspur.executor.handler.SampleXxlJob#demoJobHandler]
2020-09-01 17:10:31.695 [main] INFO  com.xxl.job.core.executor.XxlJobExecutor - >>>>>>>>>>> xxl-job register jobhandler success, name:demoJobHandler2, jobHandler:com.xxl.job.core.handler.impl.MethodJobHandler@66314fee[class com.inspur.executor.handler.SampleXxlJob#demoJobHandler2]
2020-09-01 17:10:31.696 [main] INFO  com.xxl.job.core.executor.XxlJobExecutor - >>>>>>>>>>> xxl-job register jobhandler success, name:httpJobHandler, jobHandler:com.xxl.job.core.handler.impl.MethodJobHandler@14b5325f[class com.inspur.executor.handler.SampleXxlJob#httpJobHandler]
2020-09-01 17:10:31.696 [main] INFO  com.xxl.job.core.executor.XxlJobExecutor - >>>>>>>>>>> xxl-job register jobhandler success, name:commandJobHandler, jobHandler:com.xxl.job.core.handler.impl.MethodJobHandler@13404f75[class com.inspur.executor.handler.SampleXxlJob#commandJobHandler]
2020-09-01 17:10:31.696 [main] INFO  com.xxl.job.core.executor.XxlJobExecutor - >>>>>>>>>>> xxl-job register jobhandler success, name:shardingJobHandler, jobHandler:com.xxl.job.core.handler.impl.MethodJobHandler@6cc90398[class com.inspur.executor.handler.SampleXxlJob#shardingJobHandler]
2020-09-01 17:10:31.966 [main] INFO  o.s.integration.endpoint.EventDrivenConsumer - Adding {logging-channel-adapter:_org.springframework.integration.errorLogger} as a subscriber to the 'errorChannel' channel
2020-09-01 17:10:31.966 [main] INFO  o.s.integration.channel.PublishSubscribeChannel - Channel 'application.errorChannel' has 1 subscriber(s).
2020-09-01 17:10:32.000 [main] INFO  o.s.integration.endpoint.EventDrivenConsumer - started bean '_org.springframework.integration.errorLogger'
2020-09-01 17:10:32.001 [main] INFO  org.apache.coyote.http11.Http11NioProtocol - Starting ProtocolHandler ["http-nio-8085"]
2020-09-01 17:10:32.592 [main] INFO  o.s.boot.web.embedded.tomcat.TomcatWebServer - Tomcat started on port(s): 8085 (http) with context path '/JwtVue'
2020-09-01 17:10:32.618 [main] INFO  com.inspur.VueAppApplication - Started VueAppApplication in 18.654 seconds (JVM running for 22.665)
2020-09-01 17:10:35.542 [Thread-231] INFO  com.xxl.job.core.server.EmbedServer - >>>>>>>>>>> xxl-job remoting server start success, nettype = class com.xxl.job.core.server.EmbedServer, port = 9999
2020-09-01 17:10:40.196 [xxl-rpc, EmbedServer bizThreadPool-1873333988] INFO  com.xxl.job.core.executor.XxlJobExecutor - >>>>>>>>>>> xxl-job regist JobThread success, jobId:5, handler:com.xxl.job.core.handler.impl.MethodJobHandler@41f7c02d[class com.inspur.executor.handler.SampleXxlJob#demoJobHandler]
2020-09-01 17:10:45.335 [http-nio-8085-exec-10] INFO  o.a.c.c.C.[Tomcat].[localhost].[/JwtVue] - Initializing Spring DispatcherServlet 'dispatcherServlet'
2020-09-01 17:10:45.340 [http-nio-8085-exec-10] INFO  org.springframework.web.servlet.DispatcherServlet - Initializing Servlet 'dispatcherServlet'
2020-09-01 17:10:45.360 [http-nio-8085-exec-10] INFO  org.springframework.web.servlet.DispatcherServlet - Completed initialization in 20 ms
2020-09-01 17:10:46.481 [http-nio-8085-exec-10] INFO  com.zaxxer.hikari.HikariDataSource - HikariPool-1 - Starting...
2020-09-01 17:10:47.288 [http-nio-8085-exec-10] INFO  com.zaxxer.hikari.HikariDataSource - HikariPool-1 - Start completed.
