2020-07-02 13:29:09.249 [restartedMain] INFO  com.inspur.Application - Starting Application on zhuanghuan00 with PID 82436 (E:\IDEA_PROJECT\company\zh-vue\vue-app\target\classes started by zhuanghuan in E:\IDEA_PROJECT\company\zh-vue)
2020-07-02 13:29:09.258 [restartedMain] INFO  com.inspur.Application - No active profile set, falling back to default profiles: default
2020-07-02 13:29:09.372 [restartedMain] INFO  o.s.b.d.env.DevToolsPropertyDefaultsPostProcessor - Devtools property defaults active! Set 'spring.devtools.add-properties' to 'false' to disable
2020-07-02 13:29:09.373 [restartedMain] INFO  o.s.b.d.env.DevToolsPropertyDefaultsPostProcessor - For additional web related logging consider setting the 'logging.level.web' property to 'DEBUG'
2020-07-02 13:29:11.336 [restartedMain] INFO  o.s.d.r.config.RepositoryConfigurationDelegate - Multiple Spring Data modules found, entering strict repository configuration mode!
2020-07-02 13:29:11.341 [restartedMain] INFO  o.s.d.r.config.RepositoryConfigurationDelegate - Bootstrapping Spring Data Redis repositories in DEFAULT mode.
2020-07-02 13:29:11.457 [restartedMain] INFO  o.s.d.r.config.RepositoryConfigurationDelegate - Finished Spring Data repository scanning in 66ms. Found 0 Redis repository interfaces.
2020-07-02 13:29:12.717 [restartedMain] INFO  o.s.boot.web.embedded.tomcat.TomcatWebServer - Tomcat initialized with port(s): 8085 (http)
2020-07-02 13:29:12.738 [restartedMain] INFO  org.apache.coyote.http11.Http11NioProtocol - Initializing ProtocolHandler ["http-nio-8085"]
2020-07-02 13:29:12.739 [restartedMain] INFO  org.apache.catalina.core.StandardService - Starting service [Tomcat]
2020-07-02 13:29:12.740 [restartedMain] INFO  org.apache.catalina.core.StandardEngine - Starting Servlet engine: [Apache Tomcat/9.0.35]
2020-07-02 13:29:12.965 [restartedMain] INFO  o.a.c.c.C.[Tomcat].[localhost].[/JwtVue] - Initializing Spring embedded WebApplicationContext
2020-07-02 13:29:12.968 [restartedMain] INFO  org.springframework.web.context.ContextLoader - Root WebApplicationContext: initialization completed in 3594 ms
2020-07-02 13:29:15.112 [restartedMain] INFO  o.s.security.web.DefaultSecurityFilterChain - Creating filter chain: Ant [pattern='/resources/**'], []
2020-07-02 13:29:15.176 [restartedMain] INFO  o.s.security.web.DefaultSecurityFilterChain - Creating filter chain: any request, [org.springframework.security.web.context.request.async.WebAsyncManagerIntegrationFilter@3b7643f9, org.springframework.security.web.context.SecurityContextPersistenceFilter@5198bf4e, org.springframework.security.web.header.HeaderWriterFilter@2ed00b16, org.springframework.security.web.authentication.logout.LogoutFilter@8cd938d, com.inspur.system.security.filter.JwtLoginAuthenticationFilter@5d9b6673, com.inspur.system.security.filter.JwtRequestAuthorizationFilter@5af6605a, org.springframework.security.web.savedrequest.RequestCacheAwareFilter@2497bfd6, org.springframework.security.web.servletapi.SecurityContextHolderAwareRequestFilter@40929844, org.springframework.security.web.authentication.AnonymousAuthenticationFilter@43a61259, org.springframework.security.web.session.SessionManagementFilter@664e37f1, org.springframework.security.web.access.ExceptionTranslationFilter@32f70e4d, org.springframework.security.web.access.intercept.FilterSecurityInterceptor@7296bf24]
2020-07-02 13:29:15.413 [restartedMain] INFO  o.s.scheduling.concurrent.ThreadPoolTaskExecutor - Initializing ExecutorService 'applicationTaskExecutor'
2020-07-02 13:29:16.001 [restartedMain] INFO  o.s.b.d.autoconfigure.OptionalLiveReloadServer - LiveReload server is running on port 35729
2020-07-02 13:29:16.046 [restartedMain] INFO  org.apache.coyote.http11.Http11NioProtocol - Starting ProtocolHandler ["http-nio-8085"]
2020-07-02 13:29:16.117 [restartedMain] INFO  o.s.boot.web.embedded.tomcat.TomcatWebServer - Tomcat started on port(s): 8085 (http) with context path '/JwtVue'
2020-07-02 13:29:16.144 [restartedMain] INFO  com.inspur.Application - Started Application in 8.854 seconds (JVM running for 12.437)
2020-07-02 13:29:22.573 [http-nio-8085-exec-1] INFO  o.a.c.c.C.[Tomcat].[localhost].[/JwtVue] - Initializing Spring DispatcherServlet 'dispatcherServlet'
2020-07-02 13:29:22.580 [http-nio-8085-exec-1] INFO  org.springframework.web.servlet.DispatcherServlet - Initializing Servlet 'dispatcherServlet'
2020-07-02 13:29:22.601 [http-nio-8085-exec-1] INFO  org.springframework.web.servlet.DispatcherServlet - Completed initialization in 15 ms
2020-07-02 13:29:22.735 [http-nio-8085-exec-1] INFO  com.zaxxer.hikari.HikariDataSource - HikariPool-1 - Starting...
2020-07-02 13:29:23.296 [http-nio-8085-exec-1] INFO  com.zaxxer.hikari.HikariDataSource - HikariPool-1 - Start completed.
2020-07-02 13:29:27.462 [http-nio-8085-exec-1] INFO  c.i.s.s.filter.JwtRequestAuthorizationFilter - token不存在
2020-07-02 13:29:38.685 [http-nio-8085-exec-2] INFO  c.i.s.s.filter.JwtRequestAuthorizationFilter - token已无效
2020-07-02 13:29:40.579 [http-nio-8085-exec-3] INFO  c.i.s.s.filter.JwtRequestAuthorizationFilter - token已无效
2020-07-02 13:29:42.443 [http-nio-8085-exec-4] INFO  c.i.s.s.filter.JwtRequestAuthorizationFilter - token已无效
2020-07-02 13:29:44.021 [http-nio-8085-exec-5] INFO  c.i.s.s.filter.JwtRequestAuthorizationFilter - token已无效
2020-07-02 13:29:45.438 [http-nio-8085-exec-6] INFO  c.i.s.s.filter.JwtRequestAuthorizationFilter - token已无效
2020-07-02 13:29:46.592 [http-nio-8085-exec-7] INFO  c.i.s.s.filter.JwtRequestAuthorizationFilter - token已无效
2020-07-02 13:29:47.882 [http-nio-8085-exec-8] INFO  c.i.s.s.filter.JwtRequestAuthorizationFilter - token已无效
2020-07-02 13:31:20.201 [http-nio-8085-exec-9] INFO  c.i.s.s.filter.JwtRequestAuthorizationFilter - token已无效
2020-07-02 13:32:06.647 [http-nio-8085-exec-10] INFO  c.i.s.s.filter.JwtRequestAuthorizationFilter - token已无效
2020-07-02 13:32:14.054 [http-nio-8085-exec-1] INFO  c.i.s.s.filter.JwtRequestAuthorizationFilter - token已无效
2020-07-02 13:32:15.760 [http-nio-8085-exec-2] INFO  c.i.s.s.filter.JwtRequestAuthorizationFilter - token已无效
2020-07-02 13:32:20.189 [http-nio-8085-exec-3] INFO  c.i.s.s.filter.JwtRequestAuthorizationFilter - token已无效
2020-07-02 13:32:38.120 [http-nio-8085-exec-4] INFO  c.i.s.s.filter.JwtRequestAuthorizationFilter - token已无效
2020-07-02 13:32:46.415 [http-nio-8085-exec-5] INFO  c.i.s.s.filter.JwtRequestAuthorizationFilter - token已无效
2020-07-02 13:32:58.389 [http-nio-8085-exec-6] INFO  c.i.s.s.filter.JwtRequestAuthorizationFilter - token已无效
2020-07-02 13:33:00.073 [http-nio-8085-exec-7] INFO  c.i.s.s.filter.JwtRequestAuthorizationFilter - token已无效
2020-07-02 13:33:09.409 [http-nio-8085-exec-8] INFO  c.i.s.s.filter.JwtRequestAuthorizationFilter - token已无效
2020-07-02 13:33:12.648 [http-nio-8085-exec-9] INFO  c.i.s.s.filter.JwtRequestAuthorizationFilter - token已无效
2020-07-02 13:34:11.091 [http-nio-8085-exec-10] INFO  c.i.s.s.filter.JwtRequestAuthorizationFilter - token已无效
2020-07-02 13:34:22.127 [Thread-213] INFO  o.s.scheduling.concurrent.ThreadPoolTaskExecutor - Shutting down ExecutorService 'applicationTaskExecutor'
2020-07-02 13:34:22.295 [Thread-213] INFO  com.zaxxer.hikari.HikariDataSource - HikariPool-1 - Shutdown initiated...
2020-07-02 13:34:22.360 [Thread-213] INFO  com.zaxxer.hikari.HikariDataSource - HikariPool-1 - Shutdown completed.
2020-07-02 13:34:23.336 [restartedMain] INFO  com.inspur.Application - Starting Application on zhuanghuan00 with PID 82436 (E:\IDEA_PROJECT\company\zh-vue\vue-app\target\classes started by zhuanghuan in E:\IDEA_PROJECT\company\zh-vue)
2020-07-02 13:34:23.337 [restartedMain] INFO  com.inspur.Application - No active profile set, falling back to default profiles: default
2020-07-02 13:34:24.882 [restartedMain] INFO  o.s.d.r.config.RepositoryConfigurationDelegate - Multiple Spring Data modules found, entering strict repository configuration mode!
2020-07-02 13:34:24.883 [restartedMain] INFO  o.s.d.r.config.RepositoryConfigurationDelegate - Bootstrapping Spring Data Redis repositories in DEFAULT mode.
2020-07-02 13:34:24.884 [restartedMain] INFO  o.s.d.r.config.RepositoryConfigurationDelegate - Finished Spring Data repository scanning in 1ms. Found 0 Redis repository interfaces.
2020-07-02 13:34:25.196 [restartedMain] INFO  o.s.boot.web.embedded.tomcat.TomcatWebServer - Tomcat initialized with port(s): 8085 (http)
2020-07-02 13:34:25.197 [restartedMain] INFO  org.apache.coyote.http11.Http11NioProtocol - Initializing ProtocolHandler ["http-nio-8085"]
2020-07-02 13:34:25.198 [restartedMain] INFO  org.apache.catalina.core.StandardService - Starting service [Tomcat]
2020-07-02 13:34:25.199 [restartedMain] INFO  org.apache.catalina.core.StandardEngine - Starting Servlet engine: [Apache Tomcat/9.0.35]
2020-07-02 13:34:25.268 [restartedMain] INFO  o.a.c.c.C.[Tomcat].[localhost].[/JwtVue] - Initializing Spring embedded WebApplicationContext
2020-07-02 13:34:25.269 [restartedMain] INFO  org.springframework.web.context.ContextLoader - Root WebApplicationContext: initialization completed in 1924 ms
2020-07-02 13:34:25.419 [restartedMain] INFO  o.s.scheduling.concurrent.ThreadPoolTaskExecutor - Initializing ExecutorService 'applicationTaskExecutor'
2020-07-02 13:34:25.589 [restartedMain] INFO  org.apache.catalina.loader.WebappClassLoaderBase - Illegal access: this web application instance has been stopped already. Could not load [mapping/]. The following stack trace is thrown for debugging purposes as well as to attempt to terminate the thread which caused the illegal access.
java.lang.IllegalStateException: Illegal access: this web application instance has been stopped already. Could not load [mapping/]. The following stack trace is thrown for debugging purposes as well as to attempt to terminate the thread which caused the illegal access.
	at org.apache.catalina.loader.WebappClassLoaderBase.checkStateForResourceLoading(WebappClassLoaderBase.java:1385)
	at org.apache.catalina.loader.WebappClassLoaderBase.getResource(WebappClassLoaderBase.java:1038)
	at org.springframework.core.io.ClassPathResource.resolveURL(ClassPathResource.java:155)
	at org.springframework.core.io.ClassPathResource.getURL(ClassPathResource.java:193)
	at org.springframework.core.io.support.PathMatchingResourcePatternResolver.findPathMatchingResources(PathMatchingResourcePatternResolver.java:498)
	at org.springframework.core.io.support.PathMatchingResourcePatternResolver.getResources(PathMatchingResourcePatternResolver.java:298)
	at org.mybatis.spring.boot.autoconfigure.MybatisProperties.getResources(MybatisProperties.java:210)
	at org.mybatis.spring.boot.autoconfigure.MybatisProperties.lambda$resolveMapperLocations$0(MybatisProperties.java:205)
	at java.util.stream.ReferencePipeline$7$1.accept(ReferencePipeline.java:269)
	at java.util.Spliterators$ArraySpliterator.forEachRemaining(Spliterators.java:948)
	at java.util.stream.AbstractPipeline.copyInto(AbstractPipeline.java:482)
	at java.util.stream.AbstractPipeline.wrapAndCopyInto(AbstractPipeline.java:472)
	at java.util.stream.AbstractPipeline.evaluate(AbstractPipeline.java:546)
	at java.util.stream.AbstractPipeline.evaluateToArrayNode(AbstractPipeline.java:260)
	at java.util.stream.ReferencePipeline.toArray(ReferencePipeline.java:505)
	at org.mybatis.spring.boot.autoconfigure.MybatisProperties.resolveMapperLocations(MybatisProperties.java:205)
	at org.mybatis.spring.boot.autoconfigure.MybatisAutoConfiguration.sqlSessionFactory(MybatisAutoConfiguration.java:161)
	at org.mybatis.spring.boot.autoconfigure.MybatisAutoConfiguration$$EnhancerBySpringCGLIB$$c223d5c4.CGLIB$sqlSessionFactory$1(<generated>)
	at org.mybatis.spring.boot.autoconfigure.MybatisAutoConfiguration$$EnhancerBySpringCGLIB$$c223d5c4$$FastClassBySpringCGLIB$$a8466920.invoke(<generated>)
	at org.springframework.cglib.proxy.MethodProxy.invokeSuper(MethodProxy.java:244)
	at org.springframework.context.annotation.ConfigurationClassEnhancer$BeanMethodInterceptor.intercept(ConfigurationClassEnhancer.java:331)
	at org.mybatis.spring.boot.autoconfigure.MybatisAutoConfiguration$$EnhancerBySpringCGLIB$$c223d5c4.sqlSessionFactory(<generated>)
	at sun.reflect.NativeMethodAccessorImpl.invoke0(Native Method)
	at sun.reflect.NativeMethodAccessorImpl.invoke(NativeMethodAccessorImpl.java:62)
	at sun.reflect.DelegatingMethodAccessorImpl.invoke(DelegatingMethodAccessorImpl.java:43)
	at java.lang.reflect.Method.invoke(Method.java:498)
	at org.springframework.beans.factory.support.SimpleInstantiationStrategy.instantiate(SimpleInstantiationStrategy.java:154)
	at org.springframework.beans.factory.support.ConstructorResolver.instantiate(ConstructorResolver.java:651)
	at org.springframework.beans.factory.support.ConstructorResolver.instantiateUsingFactoryMethod(ConstructorResolver.java:636)
	at org.springframework.beans.factory.support.AbstractAutowireCapableBeanFactory.instantiateUsingFactoryMethod(AbstractAutowireCapableBeanFactory.java:1338)
	at org.springframework.beans.factory.support.AbstractAutowireCapableBeanFactory.createBeanInstance(AbstractAutowireCapableBeanFactory.java:1177)
	at org.springframework.beans.factory.support.AbstractAutowireCapableBeanFactory.doCreateBean(AbstractAutowireCapableBeanFactory.java:557)
	at org.springframework.beans.factory.support.AbstractAutowireCapableBeanFactory.createBean(AbstractAutowireCapableBeanFactory.java:517)
	at org.springframework.beans.factory.support.AbstractBeanFactory.lambda$doGetBean$0(AbstractBeanFactory.java:323)
	at org.springframework.beans.factory.support.DefaultSingletonBeanRegistry.getSingleton(DefaultSingletonBeanRegistry.java:226)
	at org.springframework.beans.factory.support.AbstractBeanFactory.doGetBean(AbstractBeanFactory.java:321)
	at org.springframework.beans.factory.support.AbstractBeanFactory.getBean(AbstractBeanFactory.java:202)
	at org.springframework.beans.factory.support.DefaultListableBeanFactory.preInstantiateSingletons(DefaultListableBeanFactory.java:895)
	at org.springframework.context.support.AbstractApplicationContext.finishBeanFactoryInitialization(AbstractApplicationContext.java:878)
	at org.springframework.context.support.AbstractApplicationContext.refresh(AbstractApplicationContext.java:550)
	at org.springframework.boot.web.servlet.context.ServletWebServerApplicationContext.refresh(ServletWebServerApplicationContext.java:143)
	at org.springframework.boot.SpringApplication.refresh(SpringApplication.java:758)
	at org.springframework.boot.SpringApplication.refresh(SpringApplication.java:750)
	at org.springframework.boot.SpringApplication.refreshContext(SpringApplication.java:397)
	at org.springframework.boot.SpringApplication.run(SpringApplication.java:315)
	at org.springframework.boot.SpringApplication.run(SpringApplication.java:1237)
	at org.springframework.boot.SpringApplication.run(SpringApplication.java:1226)
	at com.inspur.Application.main(Application.java:9)
	at sun.reflect.NativeMethodAccessorImpl.invoke0(Native Method)
	at sun.reflect.NativeMethodAccessorImpl.invoke(NativeMethodAccessorImpl.java:62)
	at sun.reflect.DelegatingMethodAccessorImpl.invoke(DelegatingMethodAccessorImpl.java:43)
	at java.lang.reflect.Method.invoke(Method.java:498)
	at org.springframework.boot.devtools.restart.RestartLauncher.run(RestartLauncher.java:49)
2020-07-02 13:34:25.593 [restartedMain] INFO  o.s.scheduling.concurrent.ThreadPoolTaskExecutor - Shutting down ExecutorService 'applicationTaskExecutor'
2020-07-02 13:34:25.594 [restartedMain] INFO  org.apache.catalina.core.StandardService - Stopping service [Tomcat]
2020-07-02 13:34:25.608 [restartedMain] INFO  o.s.b.a.l.ConditionEvaluationReportLoggingListener - 

Error starting ApplicationContext. To display the conditions report re-run your application with 'debug' enabled.
2020-07-02 13:34:33.020 [restartedMain] INFO  com.inspur.Application - Starting Application on zhuanghuan00 with PID 82436 (E:\IDEA_PROJECT\company\zh-vue\vue-app\target\classes started by zhuanghuan in E:\IDEA_PROJECT\company\zh-vue)
2020-07-02 13:34:33.021 [restartedMain] INFO  com.inspur.Application - No active profile set, falling back to default profiles: default
2020-07-02 13:34:34.126 [restartedMain] INFO  o.s.d.r.config.RepositoryConfigurationDelegate - Multiple Spring Data modules found, entering strict repository configuration mode!
2020-07-02 13:34:34.127 [restartedMain] INFO  o.s.d.r.config.RepositoryConfigurationDelegate - Bootstrapping Spring Data Redis repositories in DEFAULT mode.
2020-07-02 13:34:34.135 [restartedMain] INFO  o.s.d.r.config.RepositoryConfigurationDelegate - Finished Spring Data repository scanning in 6ms. Found 0 Redis repository interfaces.
2020-07-02 13:34:34.477 [restartedMain] INFO  o.s.boot.web.embedded.tomcat.TomcatWebServer - Tomcat initialized with port(s): 8085 (http)
2020-07-02 13:34:34.479 [restartedMain] INFO  org.apache.coyote.http11.Http11NioProtocol - Initializing ProtocolHandler ["http-nio-8085"]
2020-07-02 13:34:34.483 [restartedMain] INFO  org.apache.catalina.core.StandardService - Starting service [Tomcat]
2020-07-02 13:34:34.485 [restartedMain] INFO  org.apache.catalina.core.StandardEngine - Starting Servlet engine: [Apache Tomcat/9.0.35]
2020-07-02 13:34:34.558 [restartedMain] INFO  o.a.c.c.C.[Tomcat-1].[localhost].[/JwtVue] - Initializing Spring embedded WebApplicationContext
2020-07-02 13:34:34.558 [restartedMain] INFO  org.springframework.web.context.ContextLoader - Root WebApplicationContext: initialization completed in 1528 ms
2020-07-02 13:34:34.710 [restartedMain] INFO  org.apache.catalina.core.StandardService - Stopping service [Tomcat]
2020-07-02 13:34:34.722 [restartedMain] INFO  o.s.b.a.l.ConditionEvaluationReportLoggingListener - 

Error starting ApplicationContext. To display the conditions report re-run your application with 'debug' enabled.
2020-07-02 13:35:26.054 [restartedMain] INFO  com.inspur.Application - Starting Application on zhuanghuan00 with PID 35220 (E:\IDEA_PROJECT\company\zh-vue\vue-app\target\classes started by zhuanghuan in E:\IDEA_PROJECT\company\zh-vue)
2020-07-02 13:35:26.070 [restartedMain] INFO  com.inspur.Application - No active profile set, falling back to default profiles: default
2020-07-02 13:35:26.260 [restartedMain] INFO  o.s.b.d.env.DevToolsPropertyDefaultsPostProcessor - Devtools property defaults active! Set 'spring.devtools.add-properties' to 'false' to disable
2020-07-02 13:35:26.261 [restartedMain] INFO  o.s.b.d.env.DevToolsPropertyDefaultsPostProcessor - For additional web related logging consider setting the 'logging.level.web' property to 'DEBUG'
2020-07-02 13:35:28.906 [restartedMain] INFO  o.s.d.r.config.RepositoryConfigurationDelegate - Multiple Spring Data modules found, entering strict repository configuration mode!
2020-07-02 13:35:28.912 [restartedMain] INFO  o.s.d.r.config.RepositoryConfigurationDelegate - Bootstrapping Spring Data Redis repositories in DEFAULT mode.
2020-07-02 13:35:29.015 [restartedMain] INFO  o.s.d.r.config.RepositoryConfigurationDelegate - Finished Spring Data repository scanning in 65ms. Found 0 Redis repository interfaces.
2020-07-02 13:35:30.698 [restartedMain] INFO  o.s.boot.web.embedded.tomcat.TomcatWebServer - Tomcat initialized with port(s): 8085 (http)
2020-07-02 13:35:30.717 [restartedMain] INFO  org.apache.coyote.http11.Http11NioProtocol - Initializing ProtocolHandler ["http-nio-8085"]
2020-07-02 13:35:30.718 [restartedMain] INFO  org.apache.catalina.core.StandardService - Starting service [Tomcat]
2020-07-02 13:35:30.718 [restartedMain] INFO  org.apache.catalina.core.StandardEngine - Starting Servlet engine: [Apache Tomcat/9.0.35]
2020-07-02 13:35:30.956 [restartedMain] INFO  o.a.c.c.C.[Tomcat].[localhost].[/JwtVue] - Initializing Spring embedded WebApplicationContext
2020-07-02 13:35:30.956 [restartedMain] INFO  org.springframework.web.context.ContextLoader - Root WebApplicationContext: initialization completed in 4694 ms
2020-07-02 13:35:33.539 [restartedMain] INFO  o.s.security.web.DefaultSecurityFilterChain - Creating filter chain: Ant [pattern='/resources/**'], []
2020-07-02 13:35:33.638 [restartedMain] INFO  o.s.security.web.DefaultSecurityFilterChain - Creating filter chain: any request, [org.springframework.security.web.context.request.async.WebAsyncManagerIntegrationFilter@38471fb1, org.springframework.security.web.context.SecurityContextPersistenceFilter@23a1571f, org.springframework.security.web.header.HeaderWriterFilter@4e1ea94d, org.springframework.security.web.authentication.logout.LogoutFilter@5f955674, com.inspur.system.security.filter.JwtLoginAuthenticationFilter@23a6b4d0, com.inspur.system.security.filter.JwtRequestAuthorizationFilter@607dff62, org.springframework.security.web.savedrequest.RequestCacheAwareFilter@27f907f2, org.springframework.security.web.servletapi.SecurityContextHolderAwareRequestFilter@34bd2f3, org.springframework.security.web.authentication.AnonymousAuthenticationFilter@13dfd01e, org.springframework.security.web.session.SessionManagementFilter@10f84853, org.springframework.security.web.access.ExceptionTranslationFilter@27d3760, org.springframework.security.web.access.intercept.FilterSecurityInterceptor@3f67cc4b]
2020-07-02 13:35:33.969 [restartedMain] INFO  o.s.scheduling.concurrent.ThreadPoolTaskExecutor - Initializing ExecutorService 'applicationTaskExecutor'
2020-07-02 13:35:34.822 [restartedMain] INFO  o.s.b.d.autoconfigure.OptionalLiveReloadServer - LiveReload server is running on port 35729
2020-07-02 13:35:34.866 [restartedMain] INFO  org.apache.coyote.http11.Http11NioProtocol - Starting ProtocolHandler ["http-nio-8085"]
2020-07-02 13:35:35.203 [restartedMain] INFO  o.s.boot.web.embedded.tomcat.TomcatWebServer - Tomcat started on port(s): 8085 (http) with context path '/JwtVue'
2020-07-02 13:35:35.229 [restartedMain] INFO  com.inspur.Application - Started Application in 12.698 seconds (JVM running for 16.49)
2020-07-02 13:35:52.769 [http-nio-8085-exec-1] INFO  o.a.c.c.C.[Tomcat].[localhost].[/JwtVue] - Initializing Spring DispatcherServlet 'dispatcherServlet'
2020-07-02 13:35:52.771 [http-nio-8085-exec-1] INFO  org.springframework.web.servlet.DispatcherServlet - Initializing Servlet 'dispatcherServlet'
2020-07-02 13:35:52.790 [http-nio-8085-exec-1] INFO  org.springframework.web.servlet.DispatcherServlet - Completed initialization in 19 ms
2020-07-02 13:35:52.898 [http-nio-8085-exec-1] INFO  com.zaxxer.hikari.HikariDataSource - HikariPool-1 - Starting...
2020-07-02 13:35:53.267 [http-nio-8085-exec-1] INFO  com.zaxxer.hikari.HikariDataSource - HikariPool-1 - Start completed.
