2020-08-03 09:43:16.261 [restartedMain] INFO  com.inspur.VueAppApplication - Starting VueAppApplication on zhuanghuan00 with PID 127956 (E:\IDEA_PROJECT\zh-vue\vue-app\target\classes started by zhuanghuan in E:\IDEA_PROJECT\zh-vue)
2020-08-03 09:43:19.737 [restartedMain] INFO  com.inspur.VueAppApplication - No active profile set, falling back to default profiles: default
2020-08-03 09:43:20.422 [restartedMain] INFO  o.s.b.d.env.DevToolsPropertyDefaultsPostProcessor - Devtools property defaults active! Set 'spring.devtools.add-properties' to 'false' to disable
2020-08-03 09:43:20.422 [restartedMain] INFO  o.s.b.d.env.DevToolsPropertyDefaultsPostProcessor - For additional web related logging consider setting the 'logging.level.web' property to 'DEBUG'
2020-08-03 09:43:35.798 [restartedMain] INFO  o.s.d.r.config.RepositoryConfigurationDelegate - Multiple Spring Data modules found, entering strict repository configuration mode!
2020-08-03 09:43:36.022 [restartedMain] INFO  o.s.d.r.config.RepositoryConfigurationDelegate - Bootstrapping Spring Data Redis repositories in DEFAULT mode.
2020-08-03 09:43:37.617 [restartedMain] INFO  o.s.d.r.config.RepositoryConfigurationDelegate - Finished Spring Data repository scanning in 674ms. Found 0 Redis repository interfaces.
2020-08-03 09:43:44.322 [restartedMain] INFO  o.s.i.c.DefaultConfiguringBeanFactoryPostProcessor - No bean named 'errorChannel' has been explicitly defined. Therefore, a default PublishSubscribeChannel will be created.
2020-08-03 09:43:44.806 [restartedMain] INFO  o.s.i.c.DefaultConfiguringBeanFactoryPostProcessor - No bean named 'taskScheduler' has been explicitly defined. Therefore, a default ThreadPoolTaskScheduler will be created.
2020-08-03 09:43:44.919 [restartedMain] INFO  o.s.i.c.DefaultConfiguringBeanFactoryPostProcessor - No bean named 'integrationHeaderChannelRegistry' has been explicitly defined. Therefore, a default DefaultHeaderChannelRegistry will be created.
2020-08-03 09:43:46.482 [restartedMain] INFO  o.s.c.s.PostProcessorRegistrationDelegate$BeanPostProcessorChecker - Bean 'org.springframework.integration.config.IntegrationManagementConfiguration' of type [org.springframework.integration.config.IntegrationManagementConfiguration] is not eligible for getting processed by all BeanPostProcessors (for example: not eligible for auto-proxying)
2020-08-03 09:43:46.914 [restartedMain] INFO  o.s.c.s.PostProcessorRegistrationDelegate$BeanPostProcessorChecker - Bean 'integrationChannelResolver' of type [org.springframework.integration.support.channel.BeanFactoryChannelResolver] is not eligible for getting processed by all BeanPostProcessors (for example: not eligible for auto-proxying)
2020-08-03 09:43:46.919 [restartedMain] INFO  o.s.c.s.PostProcessorRegistrationDelegate$BeanPostProcessorChecker - Bean 'integrationDisposableAutoCreatedBeans' of type [org.springframework.integration.config.annotation.Disposables] is not eligible for getting processed by all BeanPostProcessors (for example: not eligible for auto-proxying)
2020-08-03 09:43:47.971 [restartedMain] INFO  o.s.boot.web.embedded.tomcat.TomcatWebServer - Tomcat initialized with port(s): 8085 (http)
2020-08-03 09:43:47.997 [restartedMain] INFO  org.apache.coyote.http11.Http11NioProtocol - Initializing ProtocolHandler ["http-nio-8085"]
2020-08-03 09:43:47.999 [restartedMain] INFO  org.apache.catalina.core.StandardService - Starting service [Tomcat]
2020-08-03 09:43:47.999 [restartedMain] INFO  org.apache.catalina.core.StandardEngine - Starting Servlet engine: [Apache Tomcat/9.0.35]
2020-08-03 09:43:48.389 [restartedMain] INFO  o.a.c.c.C.[Tomcat].[localhost].[/JwtVue] - Initializing Spring embedded WebApplicationContext
2020-08-03 09:43:48.390 [restartedMain] INFO  org.springframework.web.context.ContextLoader - Root WebApplicationContext: initialization completed in 27964 ms
2020-08-03 09:43:59.427 [restartedMain] INFO  com.inspur.executor.config.XxlJobConfig - >>>>>>>>>>> xxl-job config init.
2020-08-03 09:44:06.348 [restartedMain] INFO  o.s.security.web.DefaultSecurityFilterChain - Creating filter chain: Ant [pattern='/resources/**'], []
2020-08-03 09:44:06.850 [restartedMain] INFO  o.s.security.web.DefaultSecurityFilterChain - Creating filter chain: any request, [org.springframework.security.web.context.request.async.WebAsyncManagerIntegrationFilter@7aeafb82, org.springframework.security.web.context.SecurityContextPersistenceFilter@6dc789f0, org.springframework.security.web.header.HeaderWriterFilter@680e4b22, org.springframework.security.web.authentication.logout.LogoutFilter@79cf7cef, com.inspur.system.security.filter.JwtLoginAuthenticationFilter@1c172d15, com.inspur.system.security.filter.JwtRequestAuthorizationFilter@1607aad1, org.springframework.security.web.savedrequest.RequestCacheAwareFilter@4fa35b30, org.springframework.security.web.servletapi.SecurityContextHolderAwareRequestFilter@4b7846a2, org.springframework.security.web.authentication.AnonymousAuthenticationFilter@64d16781, org.springframework.security.web.session.SessionManagementFilter@76708f91, org.springframework.security.web.access.ExceptionTranslationFilter@619c0d30, org.springframework.security.web.access.intercept.FilterSecurityInterceptor@7ea8428e]
2020-08-03 09:44:07.918 [restartedMain] INFO  o.s.scheduling.concurrent.ThreadPoolTaskExecutor - Initializing ExecutorService 'applicationTaskExecutor'
2020-08-03 09:44:11.298 [restartedMain] INFO  o.s.b.d.autoconfigure.OptionalLiveReloadServer - LiveReload server is running on port 35729
2020-08-03 09:44:12.011 [restartedMain] INFO  o.s.scheduling.concurrent.ThreadPoolTaskScheduler - Initializing ExecutorService 'taskScheduler'
2020-08-03 09:44:12.391 [restartedMain] INFO  com.xxl.job.core.executor.XxlJobExecutor - >>>>>>>>>>> xxl-job register jobhandler success, name:commandJobHandler, jobHandler:com.xxl.job.core.handler.impl.MethodJobHandler@2902aade[class com.inspur.executor.handler.SampleXxlJob#commandJobHandler]
2020-08-03 09:44:12.392 [restartedMain] INFO  com.xxl.job.core.executor.XxlJobExecutor - >>>>>>>>>>> xxl-job register jobhandler success, name:shardingJobHandler, jobHandler:com.xxl.job.core.handler.impl.MethodJobHandler@1eb0ad65[class com.inspur.executor.handler.SampleXxlJob#shardingJobHandler]
2020-08-03 09:44:12.393 [restartedMain] INFO  com.xxl.job.core.executor.XxlJobExecutor - >>>>>>>>>>> xxl-job register jobhandler success, name:httpJobHandler, jobHandler:com.xxl.job.core.handler.impl.MethodJobHandler@1f7c6dea[class com.inspur.executor.handler.SampleXxlJob#httpJobHandler]
2020-08-03 09:44:12.393 [restartedMain] INFO  com.xxl.job.core.executor.XxlJobExecutor - >>>>>>>>>>> xxl-job register jobhandler success, name:demoJobHandler, jobHandler:com.xxl.job.core.handler.impl.MethodJobHandler@5f06b3b6[class com.inspur.executor.handler.SampleXxlJob#demoJobHandler]
2020-08-03 09:44:12.395 [restartedMain] INFO  com.xxl.job.core.executor.XxlJobExecutor - >>>>>>>>>>> xxl-job register jobhandler success, name:demoJobHandler2, jobHandler:com.xxl.job.core.handler.impl.MethodJobHandler@63eea6d2[class com.inspur.executor.handler.SampleXxlJob#demoJobHandler2]
2020-08-03 09:44:13.547 [restartedMain] INFO  o.s.integration.endpoint.EventDrivenConsumer - Adding {logging-channel-adapter:_org.springframework.integration.errorLogger} as a subscriber to the 'errorChannel' channel
2020-08-03 09:44:13.547 [restartedMain] INFO  o.s.integration.channel.PublishSubscribeChannel - Channel 'application.errorChannel' has 1 subscriber(s).
2020-08-03 09:44:13.548 [restartedMain] INFO  o.s.integration.endpoint.EventDrivenConsumer - started bean '_org.springframework.integration.errorLogger'
2020-08-03 09:44:13.549 [restartedMain] INFO  org.apache.coyote.http11.Http11NioProtocol - Starting ProtocolHandler ["http-nio-8085"]
2020-08-03 09:44:14.303 [restartedMain] INFO  o.s.boot.web.embedded.tomcat.TomcatWebServer - Tomcat started on port(s): 8085 (http) with context path '/JwtVue'
2020-08-03 09:44:14.436 [restartedMain] INFO  com.inspur.VueAppApplication - Started VueAppApplication in 61.406 seconds (JVM running for 67.743)
2020-08-03 09:44:16.999 [Thread-326] INFO  com.xxl.job.core.server.EmbedServer - >>>>>>>>>>> xxl-job remoting server start success, nettype = class com.xxl.job.core.server.EmbedServer, port = 9999
2020-08-03 09:44:22.435 [xxl-rpc, EmbedServer bizThreadPool-2104730879] INFO  com.xxl.job.core.executor.XxlJobExecutor - >>>>>>>>>>> xxl-job regist JobThread success, jobId:5, handler:com.xxl.job.core.handler.impl.MethodJobHandler@5f06b3b6[class com.inspur.executor.handler.SampleXxlJob#demoJobHandler]
2020-08-03 09:46:28.130 [http-nio-8085-exec-1] INFO  o.a.c.c.C.[Tomcat].[localhost].[/JwtVue] - Initializing Spring DispatcherServlet 'dispatcherServlet'
2020-08-03 09:46:28.131 [http-nio-8085-exec-1] INFO  org.springframework.web.servlet.DispatcherServlet - Initializing Servlet 'dispatcherServlet'
2020-08-03 09:46:28.158 [http-nio-8085-exec-1] INFO  org.springframework.web.servlet.DispatcherServlet - Completed initialization in 26 ms
2020-08-03 09:46:28.700 [http-nio-8085-exec-1] INFO  com.zaxxer.hikari.HikariDataSource - HikariPool-1 - Starting...
2020-08-03 09:46:29.037 [http-nio-8085-exec-1] INFO  com.zaxxer.hikari.HikariDataSource - HikariPool-1 - Start completed.
2020-08-03 13:04:05.742 [SpringContextShutdownHook] INFO  o.s.integration.endpoint.EventDrivenConsumer - Removing {logging-channel-adapter:_org.springframework.integration.errorLogger} as a subscriber to the 'errorChannel' channel
2020-08-03 13:04:05.743 [SpringContextShutdownHook] INFO  o.s.integration.channel.PublishSubscribeChannel - Channel 'application.errorChannel' has 0 subscriber(s).
2020-08-03 13:04:05.744 [SpringContextShutdownHook] INFO  o.s.integration.endpoint.EventDrivenConsumer - stopped bean '_org.springframework.integration.errorLogger'
2020-08-03 13:04:05.746 [SpringContextShutdownHook] INFO  o.s.scheduling.concurrent.ThreadPoolTaskScheduler - Shutting down ExecutorService 'taskScheduler'
2020-08-03 13:04:05.783 [SpringContextShutdownHook] INFO  o.s.scheduling.concurrent.ThreadPoolTaskExecutor - Shutting down ExecutorService 'applicationTaskExecutor'
2020-08-03 13:04:05.784 [Thread-326] INFO  com.xxl.job.core.server.EmbedServer - >>>>>>>>>>> xxl-job remoting server stop.
2020-08-03 13:04:06.905 [xxl-job, executor ExecutorRegistryThread] INFO  com.xxl.job.core.thread.ExecutorRegistryThread - >>>>>>>>>>> xxl-job registry-remove fail, registryParam:RegistryParam{registryGroup='EXECUTOR', registryKey='xxl-job-executor-sample', registryValue='http://192.168.30.3:9999/'}, registryResult:ReturnT [code=500, msg=xxl-rpc remoting error(Connection refused: connect), for url : http://127.0.0.1:8081/xxl-job-admin/api/registryRemove, content=null]
2020-08-03 13:04:06.906 [xxl-job, executor ExecutorRegistryThread] INFO  com.xxl.job.core.thread.ExecutorRegistryThread - >>>>>>>>>>> xxl-job, executor registry thread destory.
2020-08-03 13:04:06.907 [SpringContextShutdownHook] INFO  com.xxl.job.core.server.EmbedServer - >>>>>>>>>>> xxl-job remoting server destroy success.
2020-08-03 13:04:06.915 [Thread-335] INFO  com.xxl.job.core.thread.JobThread - >>>>>>>>>>> xxl-job JobThread stoped, hashCode:Thread[Thread-335,10,main]
2020-08-03 13:04:06.917 [xxl-job, executor JobLogFileCleanThread] INFO  com.xxl.job.core.thread.JobLogFileCleanThread - >>>>>>>>>>> xxl-job, executor JobLogFileCleanThread thread destory.
2020-08-03 13:04:08.104 [xxl-job, executor TriggerCallbackThread] INFO  com.xxl.job.core.thread.TriggerCallbackThread - >>>>>>>>>>> xxl-job, executor callback thread destory.
2020-08-03 13:04:08.105 [Thread-325] INFO  com.xxl.job.core.thread.TriggerCallbackThread - >>>>>>>>>>> xxl-job, executor retry callback thread destory.
2020-08-03 13:04:08.390 [SpringContextShutdownHook] INFO  com.zaxxer.hikari.HikariDataSource - HikariPool-1 - Shutdown initiated...
2020-08-03 13:04:08.433 [SpringContextShutdownHook] INFO  com.zaxxer.hikari.HikariDataSource - HikariPool-1 - Shutdown completed.
