2020-07-15 08:49:37.019 [restartedMain] INFO  com.inspur.VueAppApplication - Starting VueAppApplication on zhuanghuan00 with PID 67352 (E:\IDEA_PROJECT\zh-vue\vue-app\target\classes started by zhuanghuan in E:\IDEA_PROJECT\zh-vue)
2020-07-15 08:49:37.138 [restartedMain] INFO  com.inspur.VueAppApplication - No active profile set, falling back to default profiles: default
2020-07-15 08:49:37.998 [restartedMain] INFO  o.s.b.d.env.DevToolsPropertyDefaultsPostProcessor - Devtools property defaults active! Set 'spring.devtools.add-properties' to 'false' to disable
2020-07-15 08:49:37.998 [restartedMain] INFO  o.s.b.d.env.DevToolsPropertyDefaultsPostProcessor - For additional web related logging consider setting the 'logging.level.web' property to 'DEBUG'
2020-07-15 08:49:43.636 [restartedMain] INFO  o.s.d.r.config.RepositoryConfigurationDelegate - Multiple Spring Data modules found, entering strict repository configuration mode!
2020-07-15 08:49:43.658 [restartedMain] INFO  o.s.d.r.config.RepositoryConfigurationDelegate - Bootstrapping Spring Data Redis repositories in DEFAULT mode.
2020-07-15 08:49:43.968 [restartedMain] INFO  o.s.d.r.config.RepositoryConfigurationDelegate - Finished Spring Data repository scanning in 142ms. Found 0 Redis repository interfaces.
2020-07-15 08:49:45.849 [restartedMain] INFO  o.s.boot.web.embedded.tomcat.TomcatWebServer - Tomcat initialized with port(s): 8085 (http)
2020-07-15 08:49:45.876 [restartedMain] INFO  org.apache.coyote.http11.Http11NioProtocol - Initializing ProtocolHandler ["http-nio-8085"]
2020-07-15 08:49:45.879 [restartedMain] INFO  org.apache.catalina.core.StandardService - Starting service [Tomcat]
2020-07-15 08:49:45.881 [restartedMain] INFO  org.apache.catalina.core.StandardEngine - Starting Servlet engine: [Apache Tomcat/9.0.35]
2020-07-15 08:49:46.061 [restartedMain] INFO  o.a.c.c.C.[Tomcat].[localhost].[/JwtVue] - Initializing Spring embedded WebApplicationContext
2020-07-15 08:49:46.062 [restartedMain] INFO  org.springframework.web.context.ContextLoader - Root WebApplicationContext: initialization completed in 8063 ms
2020-07-15 08:49:50.972 [restartedMain] INFO  com.inspur.executor.config.XxlJobConfig - >>>>>>>>>>> xxl-job config init.
2020-07-15 08:49:51.418 [restartedMain] INFO  o.s.security.web.DefaultSecurityFilterChain - Creating filter chain: Ant [pattern='/resources/**'], []
2020-07-15 08:49:51.484 [restartedMain] INFO  o.s.security.web.DefaultSecurityFilterChain - Creating filter chain: any request, [org.springframework.security.web.context.request.async.WebAsyncManagerIntegrationFilter@80e6962, org.springframework.security.web.context.SecurityContextPersistenceFilter@15272828, org.springframework.security.web.header.HeaderWriterFilter@79ea4360, org.springframework.security.web.authentication.logout.LogoutFilter@59301b18, com.inspur.system.security.filter.JwtLoginAuthenticationFilter@673da4f7, com.inspur.system.security.filter.JwtRequestAuthorizationFilter@7234690a, org.springframework.security.web.savedrequest.RequestCacheAwareFilter@7663697a, org.springframework.security.web.servletapi.SecurityContextHolderAwareRequestFilter@7dcf110a, org.springframework.security.web.authentication.AnonymousAuthenticationFilter@2835cce0, org.springframework.security.web.session.SessionManagementFilter@1f254b16, org.springframework.security.web.access.ExceptionTranslationFilter@5947c407, org.springframework.security.web.access.intercept.FilterSecurityInterceptor@3978dc0a]
2020-07-15 08:49:51.711 [restartedMain] INFO  o.s.scheduling.concurrent.ThreadPoolTaskExecutor - Initializing ExecutorService 'applicationTaskExecutor'
2020-07-15 08:49:52.541 [restartedMain] INFO  o.s.b.d.autoconfigure.OptionalLiveReloadServer - LiveReload server is running on port 35729
2020-07-15 08:49:52.562 [restartedMain] INFO  com.xxl.job.core.executor.XxlJobExecutor - >>>>>>>>>>> xxl-job register jobhandler success, name:demoJobHandler2, jobHandler:com.xxl.job.core.handler.impl.MethodJobHandler@5b450e52[class com.inspur.executor.handler.SampleXxlJob#demoJobHandler2]
2020-07-15 08:49:52.563 [restartedMain] INFO  com.xxl.job.core.executor.XxlJobExecutor - >>>>>>>>>>> xxl-job register jobhandler success, name:demoJobHandler, jobHandler:com.xxl.job.core.handler.impl.MethodJobHandler@40427109[class com.inspur.executor.handler.SampleXxlJob#demoJobHandler]
2020-07-15 08:49:52.564 [restartedMain] INFO  com.xxl.job.core.executor.XxlJobExecutor - >>>>>>>>>>> xxl-job register jobhandler success, name:httpJobHandler, jobHandler:com.xxl.job.core.handler.impl.MethodJobHandler@26012723[class com.inspur.executor.handler.SampleXxlJob#httpJobHandler]
2020-07-15 08:49:52.565 [restartedMain] INFO  com.xxl.job.core.executor.XxlJobExecutor - >>>>>>>>>>> xxl-job register jobhandler success, name:commandJobHandler, jobHandler:com.xxl.job.core.handler.impl.MethodJobHandler@d695f2b[class com.inspur.executor.handler.SampleXxlJob#commandJobHandler]
2020-07-15 08:49:52.565 [restartedMain] INFO  com.xxl.job.core.executor.XxlJobExecutor - >>>>>>>>>>> xxl-job register jobhandler success, name:shardingJobHandler, jobHandler:com.xxl.job.core.handler.impl.MethodJobHandler@7e2df74a[class com.inspur.executor.handler.SampleXxlJob#shardingJobHandler]
2020-07-15 08:49:52.745 [restartedMain] INFO  org.apache.coyote.http11.Http11NioProtocol - Starting ProtocolHandler ["http-nio-8085"]
2020-07-15 08:49:52.894 [restartedMain] INFO  o.s.boot.web.embedded.tomcat.TomcatWebServer - Tomcat started on port(s): 8085 (http) with context path '/JwtVue'
2020-07-15 08:49:52.977 [restartedMain] INFO  com.inspur.VueAppApplication - Started VueAppApplication in 18.88 seconds (JVM running for 22.612)
2020-07-15 08:49:55.490 [Thread-245] INFO  com.xxl.job.core.server.EmbedServer - >>>>>>>>>>> xxl-job remoting server start success, nettype = class com.xxl.job.core.server.EmbedServer, port = 9999
2020-07-15 08:50:11.744 [xxl-rpc, EmbedServer bizThreadPool-1558630922] INFO  com.xxl.job.core.executor.XxlJobExecutor - >>>>>>>>>>> xxl-job regist JobThread success, jobId:5, handler:com.xxl.job.core.handler.impl.MethodJobHandler@40427109[class com.inspur.executor.handler.SampleXxlJob#demoJobHandler]
2020-07-15 08:50:11.843 [http-nio-8085-exec-1] INFO  o.a.c.c.C.[Tomcat].[localhost].[/JwtVue] - Initializing Spring DispatcherServlet 'dispatcherServlet'
2020-07-15 08:50:11.843 [http-nio-8085-exec-1] INFO  org.springframework.web.servlet.DispatcherServlet - Initializing Servlet 'dispatcherServlet'
2020-07-15 08:50:11.859 [http-nio-8085-exec-1] INFO  org.springframework.web.servlet.DispatcherServlet - Completed initialization in 15 ms
2020-07-15 08:51:30.942 [SpringContextShutdownHook] INFO  o.s.scheduling.concurrent.ThreadPoolTaskExecutor - Shutting down ExecutorService 'applicationTaskExecutor'
2020-07-15 08:51:30.943 [Thread-245] INFO  com.xxl.job.core.server.EmbedServer - >>>>>>>>>>> xxl-job remoting server stop.
2020-07-15 08:51:30.985 [xxl-job, executor ExecutorRegistryThread] INFO  com.xxl.job.core.thread.ExecutorRegistryThread - >>>>>>>>>>> xxl-job registry-remove success, registryParam:RegistryParam{registryGroup='EXECUTOR', registryKey='xxl-job-executor-sample', registryValue='http://192.168.30.3:9999/'}, registryResult:ReturnT [code=200, msg=null, content=null]
2020-07-15 08:51:30.985 [xxl-job, executor ExecutorRegistryThread] INFO  com.xxl.job.core.thread.ExecutorRegistryThread - >>>>>>>>>>> xxl-job, executor registry thread destory.
2020-07-15 08:51:30.988 [SpringContextShutdownHook] INFO  com.xxl.job.core.server.EmbedServer - >>>>>>>>>>> xxl-job remoting server destroy success.
2020-07-15 08:51:30.996 [Thread-253] INFO  com.xxl.job.core.thread.JobThread - >>>>>>>>>>> xxl-job JobThread stoped, hashCode:Thread[Thread-253,10,main]
2020-07-15 08:51:30.997 [xxl-job, executor JobLogFileCleanThread] INFO  com.xxl.job.core.thread.JobLogFileCleanThread - >>>>>>>>>>> xxl-job, executor JobLogFileCleanThread thread destory.
2020-07-15 08:51:31.027 [xxl-job, executor TriggerCallbackThread] INFO  com.xxl.job.core.thread.TriggerCallbackThread - >>>>>>>>>>> xxl-job, executor callback thread destory.
2020-07-15 08:51:31.027 [Thread-244] INFO  com.xxl.job.core.thread.TriggerCallbackThread - >>>>>>>>>>> xxl-job, executor retry callback thread destory.
2020-07-15 08:51:57.523 [restartedMain] INFO  com.inspur.VueAppApplication - Starting VueAppApplication on zhuanghuan00 with PID 65604 (E:\IDEA_PROJECT\zh-vue\vue-app\target\classes started by zhuanghuan in E:\IDEA_PROJECT\zh-vue)
2020-07-15 08:51:57.530 [restartedMain] INFO  com.inspur.VueAppApplication - No active profile set, falling back to default profiles: default
2020-07-15 08:51:58.209 [restartedMain] INFO  o.s.b.d.env.DevToolsPropertyDefaultsPostProcessor - Devtools property defaults active! Set 'spring.devtools.add-properties' to 'false' to disable
2020-07-15 08:51:58.210 [restartedMain] INFO  o.s.b.d.env.DevToolsPropertyDefaultsPostProcessor - For additional web related logging consider setting the 'logging.level.web' property to 'DEBUG'
2020-07-15 08:52:00.290 [restartedMain] INFO  o.s.d.r.config.RepositoryConfigurationDelegate - Multiple Spring Data modules found, entering strict repository configuration mode!
2020-07-15 08:52:00.294 [restartedMain] INFO  o.s.d.r.config.RepositoryConfigurationDelegate - Bootstrapping Spring Data Redis repositories in DEFAULT mode.
2020-07-15 08:52:00.369 [restartedMain] INFO  o.s.d.r.config.RepositoryConfigurationDelegate - Finished Spring Data repository scanning in 49ms. Found 0 Redis repository interfaces.
2020-07-15 08:52:02.458 [restartedMain] INFO  o.s.boot.web.embedded.tomcat.TomcatWebServer - Tomcat initialized with port(s): 8085 (http)
2020-07-15 08:52:02.494 [restartedMain] INFO  org.apache.coyote.http11.Http11NioProtocol - Initializing ProtocolHandler ["http-nio-8085"]
2020-07-15 08:52:02.496 [restartedMain] INFO  org.apache.catalina.core.StandardService - Starting service [Tomcat]
2020-07-15 08:52:02.497 [restartedMain] INFO  org.apache.catalina.core.StandardEngine - Starting Servlet engine: [Apache Tomcat/9.0.35]
2020-07-15 08:52:02.982 [restartedMain] INFO  o.a.c.c.C.[Tomcat].[localhost].[/JwtVue] - Initializing Spring embedded WebApplicationContext
2020-07-15 08:52:02.986 [restartedMain] INFO  org.springframework.web.context.ContextLoader - Root WebApplicationContext: initialization completed in 4775 ms
2020-07-15 08:52:04.882 [restartedMain] INFO  com.inspur.executor.config.XxlJobConfig - >>>>>>>>>>> xxl-job config init.
2020-07-15 08:52:05.123 [restartedMain] INFO  o.s.security.web.DefaultSecurityFilterChain - Creating filter chain: Ant [pattern='/resources/**'], []
2020-07-15 08:52:05.187 [restartedMain] INFO  o.s.security.web.DefaultSecurityFilterChain - Creating filter chain: any request, [org.springframework.security.web.context.request.async.WebAsyncManagerIntegrationFilter@43108241, org.springframework.security.web.context.SecurityContextPersistenceFilter@137eb681, org.springframework.security.web.header.HeaderWriterFilter@1304ccbe, org.springframework.security.web.authentication.logout.LogoutFilter@41240af4, com.inspur.system.security.filter.JwtLoginAuthenticationFilter@20a5a500, com.inspur.system.security.filter.JwtRequestAuthorizationFilter@3b40f588, org.springframework.security.web.savedrequest.RequestCacheAwareFilter@26abeefd, org.springframework.security.web.servletapi.SecurityContextHolderAwareRequestFilter@6c277bae, org.springframework.security.web.authentication.AnonymousAuthenticationFilter@fc3ccde, org.springframework.security.web.session.SessionManagementFilter@2a2c62a1, org.springframework.security.web.access.ExceptionTranslationFilter@5e273b52, org.springframework.security.web.access.intercept.FilterSecurityInterceptor@4dea1e26]
2020-07-15 08:52:05.435 [restartedMain] INFO  o.s.scheduling.concurrent.ThreadPoolTaskExecutor - Initializing ExecutorService 'applicationTaskExecutor'
2020-07-15 08:52:06.095 [restartedMain] INFO  o.s.b.d.autoconfigure.OptionalLiveReloadServer - LiveReload server is running on port 35729
2020-07-15 08:52:06.113 [restartedMain] INFO  com.xxl.job.core.executor.XxlJobExecutor - >>>>>>>>>>> xxl-job register jobhandler success, name:demoJobHandler2, jobHandler:com.xxl.job.core.handler.impl.MethodJobHandler@c523456[class com.inspur.executor.handler.SampleXxlJob#demoJobHandler2]
2020-07-15 08:52:06.114 [restartedMain] INFO  com.xxl.job.core.executor.XxlJobExecutor - >>>>>>>>>>> xxl-job register jobhandler success, name:demoJobHandler, jobHandler:com.xxl.job.core.handler.impl.MethodJobHandler@2285c837[class com.inspur.executor.handler.SampleXxlJob#demoJobHandler]
2020-07-15 08:52:06.115 [restartedMain] INFO  com.xxl.job.core.executor.XxlJobExecutor - >>>>>>>>>>> xxl-job register jobhandler success, name:httpJobHandler, jobHandler:com.xxl.job.core.handler.impl.MethodJobHandler@1b11bf9[class com.inspur.executor.handler.SampleXxlJob#httpJobHandler]
2020-07-15 08:52:06.116 [restartedMain] INFO  com.xxl.job.core.executor.XxlJobExecutor - >>>>>>>>>>> xxl-job register jobhandler success, name:commandJobHandler, jobHandler:com.xxl.job.core.handler.impl.MethodJobHandler@12a59861[class com.inspur.executor.handler.SampleXxlJob#commandJobHandler]
2020-07-15 08:52:06.116 [restartedMain] INFO  com.xxl.job.core.executor.XxlJobExecutor - >>>>>>>>>>> xxl-job register jobhandler success, name:shardingJobHandler, jobHandler:com.xxl.job.core.handler.impl.MethodJobHandler@fc8eee7[class com.inspur.executor.handler.SampleXxlJob#shardingJobHandler]
2020-07-15 08:52:06.209 [restartedMain] INFO  org.apache.coyote.http11.Http11NioProtocol - Starting ProtocolHandler ["http-nio-8085"]
2020-07-15 08:52:06.263 [restartedMain] INFO  o.s.boot.web.embedded.tomcat.TomcatWebServer - Tomcat started on port(s): 8085 (http) with context path '/JwtVue'
2020-07-15 08:52:06.293 [restartedMain] INFO  com.inspur.VueAppApplication - Started VueAppApplication in 10.197 seconds (JVM running for 15.062)
2020-07-15 08:52:07.988 [Thread-227] INFO  com.xxl.job.core.server.EmbedServer - >>>>>>>>>>> xxl-job remoting server start success, nettype = class com.xxl.job.core.server.EmbedServer, port = 9999
2020-07-15 08:52:10.231 [xxl-rpc, EmbedServer bizThreadPool-443009745] INFO  com.xxl.job.core.executor.XxlJobExecutor - >>>>>>>>>>> xxl-job regist JobThread success, jobId:5, handler:com.xxl.job.core.handler.impl.MethodJobHandler@2285c837[class com.inspur.executor.handler.SampleXxlJob#demoJobHandler]
2020-07-15 08:52:17.307 [http-nio-8085-exec-1] INFO  o.a.c.c.C.[Tomcat].[localhost].[/JwtVue] - Initializing Spring DispatcherServlet 'dispatcherServlet'
2020-07-15 08:52:17.308 [http-nio-8085-exec-1] INFO  org.springframework.web.servlet.DispatcherServlet - Initializing Servlet 'dispatcherServlet'
2020-07-15 08:52:17.324 [http-nio-8085-exec-1] INFO  org.springframework.web.servlet.DispatcherServlet - Completed initialization in 15 ms
2020-07-15 08:52:17.525 [http-nio-8085-exec-1] INFO  com.zaxxer.hikari.HikariDataSource - HikariPool-1 - Starting...
2020-07-15 08:52:18.029 [http-nio-8085-exec-1] INFO  com.zaxxer.hikari.HikariDataSource - HikariPool-1 - Start completed.
2020-07-15 09:28:00.712 [SpringContextShutdownHook] INFO  o.s.scheduling.concurrent.ThreadPoolTaskExecutor - Shutting down ExecutorService 'applicationTaskExecutor'
2020-07-15 09:28:00.714 [Thread-227] INFO  com.xxl.job.core.server.EmbedServer - >>>>>>>>>>> xxl-job remoting server stop.
2020-07-15 09:28:01.807 [xxl-job, executor ExecutorRegistryThread] INFO  com.xxl.job.core.thread.ExecutorRegistryThread - >>>>>>>>>>> xxl-job registry-remove fail, registryParam:RegistryParam{registryGroup='EXECUTOR', registryKey='xxl-job-executor-sample', registryValue='http://192.168.30.3:9999/'}, registryResult:ReturnT [code=500, msg=xxl-rpc remoting error(Connection refused: connect), for url : http://127.0.0.1:8080/xxl-job-admin/api/registryRemove, content=null]
2020-07-15 09:28:01.808 [xxl-job, executor ExecutorRegistryThread] INFO  com.xxl.job.core.thread.ExecutorRegistryThread - >>>>>>>>>>> xxl-job, executor registry thread destory.
2020-07-15 09:28:01.810 [SpringContextShutdownHook] INFO  com.xxl.job.core.server.EmbedServer - >>>>>>>>>>> xxl-job remoting server destroy success.
2020-07-15 09:28:01.819 [Thread-234] INFO  com.xxl.job.core.thread.JobThread - >>>>>>>>>>> xxl-job JobThread stoped, hashCode:Thread[Thread-234,10,main]
2020-07-15 09:28:01.820 [xxl-job, executor JobLogFileCleanThread] INFO  com.xxl.job.core.thread.JobLogFileCleanThread - >>>>>>>>>>> xxl-job, executor JobLogFileCleanThread thread destory.
2020-07-15 09:28:03.083 [xxl-job, executor TriggerCallbackThread] INFO  com.xxl.job.core.thread.TriggerCallbackThread - >>>>>>>>>>> xxl-job, executor callback thread destory.
2020-07-15 09:28:03.084 [Thread-226] INFO  com.xxl.job.core.thread.TriggerCallbackThread - >>>>>>>>>>> xxl-job, executor retry callback thread destory.
2020-07-15 09:28:03.344 [SpringContextShutdownHook] INFO  com.zaxxer.hikari.HikariDataSource - HikariPool-1 - Shutdown initiated...
2020-07-15 09:28:03.371 [SpringContextShutdownHook] INFO  com.zaxxer.hikari.HikariDataSource - HikariPool-1 - Shutdown completed.
2020-07-15 09:50:35.754 [restartedMain] INFO  com.inspur.VueAppApplication - Starting VueAppApplication on zhuanghuan00 with PID 64968 (E:\IDEA_PROJECT\zh-vue\vue-app\target\classes started by zhuanghuan in E:\IDEA_PROJECT\zh-vue)
2020-07-15 09:50:35.763 [restartedMain] INFO  com.inspur.VueAppApplication - No active profile set, falling back to default profiles: default
2020-07-15 09:50:36.596 [restartedMain] INFO  o.s.b.d.env.DevToolsPropertyDefaultsPostProcessor - Devtools property defaults active! Set 'spring.devtools.add-properties' to 'false' to disable
2020-07-15 09:50:36.596 [restartedMain] INFO  o.s.b.d.env.DevToolsPropertyDefaultsPostProcessor - For additional web related logging consider setting the 'logging.level.web' property to 'DEBUG'
2020-07-15 09:50:39.963 [restartedMain] INFO  o.s.d.r.config.RepositoryConfigurationDelegate - Multiple Spring Data modules found, entering strict repository configuration mode!
2020-07-15 09:50:39.980 [restartedMain] INFO  o.s.d.r.config.RepositoryConfigurationDelegate - Bootstrapping Spring Data Redis repositories in DEFAULT mode.
2020-07-15 09:50:40.264 [restartedMain] INFO  o.s.d.r.config.RepositoryConfigurationDelegate - Finished Spring Data repository scanning in 241ms. Found 0 Redis repository interfaces.
2020-07-15 09:50:45.793 [restartedMain] INFO  o.s.boot.web.embedded.tomcat.TomcatWebServer - Tomcat initialized with port(s): 8085 (http)
2020-07-15 09:50:45.839 [restartedMain] INFO  org.apache.coyote.http11.Http11NioProtocol - Initializing ProtocolHandler ["http-nio-8085"]
2020-07-15 09:50:45.841 [restartedMain] INFO  org.apache.catalina.core.StandardService - Starting service [Tomcat]
2020-07-15 09:50:45.842 [restartedMain] INFO  org.apache.catalina.core.StandardEngine - Starting Servlet engine: [Apache Tomcat/9.0.35]
2020-07-15 09:50:46.248 [restartedMain] INFO  o.a.c.c.C.[Tomcat].[localhost].[/JwtVue] - Initializing Spring embedded WebApplicationContext
2020-07-15 09:50:46.248 [restartedMain] INFO  org.springframework.web.context.ContextLoader - Root WebApplicationContext: initialization completed in 9651 ms
2020-07-15 09:50:55.605 [restartedMain] INFO  com.inspur.executor.config.XxlJobConfig - >>>>>>>>>>> xxl-job config init.
2020-07-15 09:50:55.920 [restartedMain] INFO  o.s.security.web.DefaultSecurityFilterChain - Creating filter chain: Ant [pattern='/resources/**'], []
2020-07-15 09:50:56.025 [restartedMain] INFO  o.s.security.web.DefaultSecurityFilterChain - Creating filter chain: any request, [org.springframework.security.web.context.request.async.WebAsyncManagerIntegrationFilter@452b6683, org.springframework.security.web.context.SecurityContextPersistenceFilter@32970cef, org.springframework.security.web.header.HeaderWriterFilter@6ad90aa9, org.springframework.security.web.authentication.logout.LogoutFilter@574bd387, com.inspur.system.security.filter.JwtLoginAuthenticationFilter@13faaa3a, com.inspur.system.security.filter.JwtRequestAuthorizationFilter@5bd785dc, org.springframework.security.web.savedrequest.RequestCacheAwareFilter@317ea32c, org.springframework.security.web.servletapi.SecurityContextHolderAwareRequestFilter@30cf6329, org.springframework.security.web.authentication.AnonymousAuthenticationFilter@7cace06c, org.springframework.security.web.session.SessionManagementFilter@795f0744, org.springframework.security.web.access.ExceptionTranslationFilter@530368a, org.springframework.security.web.access.intercept.FilterSecurityInterceptor@9911851]
2020-07-15 09:50:56.443 [restartedMain] INFO  o.s.scheduling.concurrent.ThreadPoolTaskExecutor - Initializing ExecutorService 'applicationTaskExecutor'
2020-07-15 09:50:57.909 [restartedMain] INFO  o.s.b.d.autoconfigure.OptionalLiveReloadServer - LiveReload server is running on port 35729
2020-07-15 09:50:57.944 [restartedMain] INFO  com.xxl.job.core.executor.XxlJobExecutor - >>>>>>>>>>> xxl-job register jobhandler success, name:commandJobHandler, jobHandler:com.xxl.job.core.handler.impl.MethodJobHandler@62db3777[class com.inspur.executor.handler.SampleXxlJob#commandJobHandler]
2020-07-15 09:50:57.952 [restartedMain] INFO  com.xxl.job.core.executor.XxlJobExecutor - >>>>>>>>>>> xxl-job register jobhandler success, name:shardingJobHandler, jobHandler:com.xxl.job.core.handler.impl.MethodJobHandler@4a858dc7[class com.inspur.executor.handler.SampleXxlJob#shardingJobHandler]
2020-07-15 09:50:57.953 [restartedMain] INFO  com.xxl.job.core.executor.XxlJobExecutor - >>>>>>>>>>> xxl-job register jobhandler success, name:demoJobHandler, jobHandler:com.xxl.job.core.handler.impl.MethodJobHandler@515b522a[class com.inspur.executor.handler.SampleXxlJob#demoJobHandler]
2020-07-15 09:50:57.953 [restartedMain] INFO  com.xxl.job.core.executor.XxlJobExecutor - >>>>>>>>>>> xxl-job register jobhandler success, name:httpJobHandler, jobHandler:com.xxl.job.core.handler.impl.MethodJobHandler@6a3578c7[class com.inspur.executor.handler.SampleXxlJob#httpJobHandler]
2020-07-15 09:50:57.953 [restartedMain] INFO  com.xxl.job.core.executor.XxlJobExecutor - >>>>>>>>>>> xxl-job register jobhandler success, name:demoJobHandler2, jobHandler:com.xxl.job.core.handler.impl.MethodJobHandler@51ee9a79[class com.inspur.executor.handler.SampleXxlJob#demoJobHandler2]
2020-07-15 09:50:58.162 [restartedMain] INFO  org.apache.coyote.http11.Http11NioProtocol - Starting ProtocolHandler ["http-nio-8085"]
2020-07-15 09:50:58.345 [restartedMain] INFO  o.s.boot.web.embedded.tomcat.TomcatWebServer - Tomcat started on port(s): 8085 (http) with context path '/JwtVue'
2020-07-15 09:50:58.433 [restartedMain] INFO  com.inspur.VueAppApplication - Started VueAppApplication in 27.762 seconds (JVM running for 38.56)
2020-07-15 09:51:03.233 [Thread-228] INFO  com.xxl.job.core.server.EmbedServer - >>>>>>>>>>> xxl-job remoting server start success, nettype = class com.xxl.job.core.server.EmbedServer, port = 9999
2020-07-15 09:51:10.269 [xxl-rpc, EmbedServer bizThreadPool-666480268] INFO  com.xxl.job.core.executor.XxlJobExecutor - >>>>>>>>>>> xxl-job regist JobThread success, jobId:5, handler:com.xxl.job.core.handler.impl.MethodJobHandler@515b522a[class com.inspur.executor.handler.SampleXxlJob#demoJobHandler]
2020-07-15 10:08:30.463 [http-nio-8085-exec-10] INFO  o.a.c.c.C.[Tomcat].[localhost].[/JwtVue] - Initializing Spring DispatcherServlet 'dispatcherServlet'
2020-07-15 10:08:30.464 [http-nio-8085-exec-10] INFO  org.springframework.web.servlet.DispatcherServlet - Initializing Servlet 'dispatcherServlet'
2020-07-15 10:08:30.479 [http-nio-8085-exec-10] INFO  org.springframework.web.servlet.DispatcherServlet - Completed initialization in 15 ms
2020-07-15 10:08:30.573 [http-nio-8085-exec-10] INFO  com.zaxxer.hikari.HikariDataSource - HikariPool-1 - Starting...
2020-07-15 10:08:30.929 [http-nio-8085-exec-10] INFO  com.zaxxer.hikari.HikariDataSource - HikariPool-1 - Start completed.
2020-07-15 13:14:44.817 [http-nio-8085-exec-5] INFO  c.i.s.s.filter.JwtRequestAuthorizationFilter - token已失效
2020-07-15 13:46:15.771 [xxl-job, executor ExecutorRegistryThread] INFO  com.xxl.job.core.thread.ExecutorRegistryThread - >>>>>>>>>>> xxl-job registry fail, registryParam:RegistryParam{registryGroup='EXECUTOR', registryKey='xxl-job-executor-sample', registryValue='http://192.168.30.3:9999/'}, registryResult:ReturnT [code=500, msg=xxl-rpc remoting error(Software caused connection abort: recv failed), for url : http://127.0.0.1:8080/xxl-job-admin/api/registry, content=null]
2020-07-15 13:46:27.674 [SpringContextShutdownHook] INFO  o.s.scheduling.concurrent.ThreadPoolTaskExecutor - Shutting down ExecutorService 'applicationTaskExecutor'
2020-07-15 13:46:27.676 [Thread-228] INFO  com.xxl.job.core.server.EmbedServer - >>>>>>>>>>> xxl-job remoting server stop.
2020-07-15 13:46:28.680 [xxl-job, executor ExecutorRegistryThread] INFO  com.xxl.job.core.thread.ExecutorRegistryThread - >>>>>>>>>>> xxl-job registry-remove fail, registryParam:RegistryParam{registryGroup='EXECUTOR', registryKey='xxl-job-executor-sample', registryValue='http://192.168.30.3:9999/'}, registryResult:ReturnT [code=500, msg=xxl-rpc remoting error(Connection refused: connect), for url : http://127.0.0.1:8080/xxl-job-admin/api/registryRemove, content=null]
2020-07-15 13:46:28.681 [xxl-job, executor ExecutorRegistryThread] INFO  com.xxl.job.core.thread.ExecutorRegistryThread - >>>>>>>>>>> xxl-job, executor registry thread destory.
2020-07-15 13:46:28.681 [SpringContextShutdownHook] INFO  com.xxl.job.core.server.EmbedServer - >>>>>>>>>>> xxl-job remoting server destroy success.
2020-07-15 13:46:28.690 [Thread-235] INFO  com.xxl.job.core.thread.JobThread - >>>>>>>>>>> xxl-job JobThread stoped, hashCode:Thread[Thread-235,10,main]
2020-07-15 13:46:28.691 [xxl-job, executor JobLogFileCleanThread] INFO  com.xxl.job.core.thread.JobLogFileCleanThread - >>>>>>>>>>> xxl-job, executor JobLogFileCleanThread thread destory.
2020-07-15 13:46:30.865 [xxl-job, executor TriggerCallbackThread] INFO  com.xxl.job.core.thread.TriggerCallbackThread - >>>>>>>>>>> xxl-job, executor callback thread destory.
2020-07-15 13:46:30.866 [Thread-227] INFO  com.xxl.job.core.thread.TriggerCallbackThread - >>>>>>>>>>> xxl-job, executor retry callback thread destory.
2020-07-15 13:46:31.000 [SpringContextShutdownHook] INFO  com.zaxxer.hikari.HikariDataSource - HikariPool-1 - Shutdown initiated...
2020-07-15 13:46:31.024 [SpringContextShutdownHook] INFO  com.zaxxer.hikari.HikariDataSource - HikariPool-1 - Shutdown completed.
