2020-08-08 10:05:54.676 [restartedMain] INFO  com.inspur.VueAppApplication - Starting VueAppApplication on zhuanghuan00 with PID 107960 (E:\IDEA_PROJECT\zh-vue\vue-app\target\classes started by zhuanghuan in E:\IDEA_PROJECT\zh-vue)
2020-08-08 10:05:54.714 [restartedMain] INFO  com.inspur.VueAppApplication - No active profile set, falling back to default profiles: default
2020-08-08 10:05:55.746 [restartedMain] INFO  o.s.b.d.env.DevToolsPropertyDefaultsPostProcessor - Devtools property defaults active! Set 'spring.devtools.add-properties' to 'false' to disable
2020-08-08 10:05:55.754 [restartedMain] INFO  o.s.b.d.env.DevToolsPropertyDefaultsPostProcessor - For additional web related logging consider setting the 'logging.level.web' property to 'DEBUG'
2020-08-08 10:06:01.182 [restartedMain] INFO  o.s.d.r.config.RepositoryConfigurationDelegate - Multiple Spring Data modules found, entering strict repository configuration mode!
2020-08-08 10:06:01.196 [restartedMain] INFO  o.s.d.r.config.RepositoryConfigurationDelegate - Bootstrapping Spring Data Redis repositories in DEFAULT mode.
2020-08-08 10:06:01.347 [restartedMain] INFO  o.s.d.r.config.RepositoryConfigurationDelegate - Finished Spring Data repository scanning in 70ms. Found 0 Redis repository interfaces.
2020-08-08 10:06:02.698 [restartedMain] INFO  o.s.i.c.DefaultConfiguringBeanFactoryPostProcessor - No bean named 'errorChannel' has been explicitly defined. Therefore, a default PublishSubscribeChannel will be created.
2020-08-08 10:06:02.734 [restartedMain] INFO  o.s.i.c.DefaultConfiguringBeanFactoryPostProcessor - No bean named 'taskScheduler' has been explicitly defined. Therefore, a default ThreadPoolTaskScheduler will be created.
2020-08-08 10:06:02.750 [restartedMain] INFO  o.s.i.c.DefaultConfiguringBeanFactoryPostProcessor - No bean named 'integrationHeaderChannelRegistry' has been explicitly defined. Therefore, a default DefaultHeaderChannelRegistry will be created.
2020-08-08 10:06:03.244 [restartedMain] INFO  o.s.c.s.PostProcessorRegistrationDelegate$BeanPostProcessorChecker - Bean 'org.springframework.integration.config.IntegrationManagementConfiguration' of type [org.springframework.integration.config.IntegrationManagementConfiguration] is not eligible for getting processed by all BeanPostProcessors (for example: not eligible for auto-proxying)
2020-08-08 10:06:03.284 [restartedMain] INFO  o.s.c.s.PostProcessorRegistrationDelegate$BeanPostProcessorChecker - Bean 'integrationChannelResolver' of type [org.springframework.integration.support.channel.BeanFactoryChannelResolver] is not eligible for getting processed by all BeanPostProcessors (for example: not eligible for auto-proxying)
2020-08-08 10:06:03.287 [restartedMain] INFO  o.s.c.s.PostProcessorRegistrationDelegate$BeanPostProcessorChecker - Bean 'integrationDisposableAutoCreatedBeans' of type [org.springframework.integration.config.annotation.Disposables] is not eligible for getting processed by all BeanPostProcessors (for example: not eligible for auto-proxying)
2020-08-08 10:06:04.239 [restartedMain] INFO  o.s.boot.web.embedded.tomcat.TomcatWebServer - Tomcat initialized with port(s): 8085 (http)
2020-08-08 10:06:04.261 [restartedMain] INFO  org.apache.coyote.http11.Http11NioProtocol - Initializing ProtocolHandler ["http-nio-8085"]
2020-08-08 10:06:04.263 [restartedMain] INFO  org.apache.catalina.core.StandardService - Starting service [Tomcat]
2020-08-08 10:06:04.264 [restartedMain] INFO  org.apache.catalina.core.StandardEngine - Starting Servlet engine: [Apache Tomcat/9.0.35]
2020-08-08 10:06:04.518 [restartedMain] INFO  o.a.c.c.C.[Tomcat].[localhost].[/JwtVue] - Initializing Spring embedded WebApplicationContext
2020-08-08 10:06:04.518 [restartedMain] INFO  org.springframework.web.context.ContextLoader - Root WebApplicationContext: initialization completed in 7646 ms
2020-08-08 10:06:08.603 [restartedMain] INFO  com.inspur.executor.config.XxlJobConfig - >>>>>>>>>>> xxl-job config init.
2020-08-08 10:06:09.064 [restartedMain] INFO  o.s.security.web.DefaultSecurityFilterChain - Creating filter chain: Ant [pattern='/resources/**'], []
2020-08-08 10:06:09.162 [restartedMain] INFO  o.s.security.web.DefaultSecurityFilterChain - Creating filter chain: any request, [org.springframework.security.web.context.request.async.WebAsyncManagerIntegrationFilter@5c3d22a9, org.springframework.security.web.context.SecurityContextPersistenceFilter@52de51cd, org.springframework.security.web.header.HeaderWriterFilter@2def5a22, org.springframework.security.web.authentication.logout.LogoutFilter@5dfe2a32, com.inspur.system.security.filter.JwtLoginAuthenticationFilter@5f1886e3, com.inspur.system.security.filter.JwtRequestAuthorizationFilter@4564711a, org.springframework.security.web.savedrequest.RequestCacheAwareFilter@78becfb3, org.springframework.security.web.servletapi.SecurityContextHolderAwareRequestFilter@3e8a0b90, org.springframework.security.web.authentication.AnonymousAuthenticationFilter@a2d6bed, org.springframework.security.web.session.SessionManagementFilter@1891156a, org.springframework.security.web.access.ExceptionTranslationFilter@1276e04c, org.springframework.security.web.access.intercept.FilterSecurityInterceptor@6d1ad821]
2020-08-08 10:06:09.496 [restartedMain] INFO  o.s.scheduling.concurrent.ThreadPoolTaskExecutor - Initializing ExecutorService 'applicationTaskExecutor'
2020-08-08 10:06:11.728 [restartedMain] INFO  o.s.b.d.autoconfigure.OptionalLiveReloadServer - LiveReload server is running on port 35729
2020-08-08 10:06:12.088 [restartedMain] INFO  o.s.scheduling.concurrent.ThreadPoolTaskScheduler - Initializing ExecutorService 'taskScheduler'
2020-08-08 10:06:12.220 [restartedMain] INFO  com.xxl.job.core.executor.XxlJobExecutor - >>>>>>>>>>> xxl-job register jobhandler success, name:httpJobHandler, jobHandler:com.xxl.job.core.handler.impl.MethodJobHandler@28a5b39[class com.inspur.executor.handler.SampleXxlJob#httpJobHandler]
2020-08-08 10:06:12.222 [restartedMain] INFO  com.xxl.job.core.executor.XxlJobExecutor - >>>>>>>>>>> xxl-job register jobhandler success, name:demoJobHandler, jobHandler:com.xxl.job.core.handler.impl.MethodJobHandler@578a0e53[class com.inspur.executor.handler.SampleXxlJob#demoJobHandler]
2020-08-08 10:06:12.223 [restartedMain] INFO  com.xxl.job.core.executor.XxlJobExecutor - >>>>>>>>>>> xxl-job register jobhandler success, name:demoJobHandler2, jobHandler:com.xxl.job.core.handler.impl.MethodJobHandler@74ecc13e[class com.inspur.executor.handler.SampleXxlJob#demoJobHandler2]
2020-08-08 10:06:12.224 [restartedMain] INFO  com.xxl.job.core.executor.XxlJobExecutor - >>>>>>>>>>> xxl-job register jobhandler success, name:shardingJobHandler, jobHandler:com.xxl.job.core.handler.impl.MethodJobHandler@67444b0f[class com.inspur.executor.handler.SampleXxlJob#shardingJobHandler]
2020-08-08 10:06:12.226 [restartedMain] INFO  com.xxl.job.core.executor.XxlJobExecutor - >>>>>>>>>>> xxl-job register jobhandler success, name:commandJobHandler, jobHandler:com.xxl.job.core.handler.impl.MethodJobHandler@3747974d[class com.inspur.executor.handler.SampleXxlJob#commandJobHandler]
2020-08-08 10:06:12.799 [restartedMain] INFO  o.s.integration.endpoint.EventDrivenConsumer - Adding {logging-channel-adapter:_org.springframework.integration.errorLogger} as a subscriber to the 'errorChannel' channel
2020-08-08 10:06:12.799 [restartedMain] INFO  o.s.integration.channel.PublishSubscribeChannel - Channel 'application.errorChannel' has 1 subscriber(s).
2020-08-08 10:06:12.800 [restartedMain] INFO  o.s.integration.endpoint.EventDrivenConsumer - started bean '_org.springframework.integration.errorLogger'
2020-08-08 10:06:12.800 [restartedMain] INFO  org.apache.coyote.http11.Http11NioProtocol - Starting ProtocolHandler ["http-nio-8085"]
2020-08-08 10:06:12.952 [restartedMain] INFO  o.s.boot.web.embedded.tomcat.TomcatWebServer - Tomcat started on port(s): 8085 (http) with context path '/JwtVue'
2020-08-08 10:06:12.988 [restartedMain] INFO  com.inspur.VueAppApplication - Started VueAppApplication in 20.96 seconds (JVM running for 26.722)
2020-08-08 10:06:15.049 [Thread-261] INFO  com.xxl.job.core.server.EmbedServer - >>>>>>>>>>> xxl-job remoting server start success, nettype = class com.xxl.job.core.server.EmbedServer, port = 9999
2020-08-08 10:06:25.112 [http-nio-8085-exec-2] INFO  o.a.c.c.C.[Tomcat].[localhost].[/JwtVue] - Initializing Spring DispatcherServlet 'dispatcherServlet'
2020-08-08 10:06:25.114 [http-nio-8085-exec-2] INFO  org.springframework.web.servlet.DispatcherServlet - Initializing Servlet 'dispatcherServlet'
2020-08-08 10:06:25.130 [http-nio-8085-exec-2] INFO  org.springframework.web.servlet.DispatcherServlet - Completed initialization in 16 ms
2020-08-08 10:06:27.548 [http-nio-8085-exec-2] INFO  c.i.s.s.filter.JwtRequestAuthorizationFilter - token已失效
2020-08-08 10:06:33.773 [http-nio-8085-exec-1] INFO  c.i.s.s.filter.JwtRequestAuthorizationFilter - token已失效
2020-08-08 10:06:41.223 [xxl-rpc, EmbedServer bizThreadPool-1422094096] INFO  com.xxl.job.core.executor.XxlJobExecutor - >>>>>>>>>>> xxl-job regist JobThread success, jobId:5, handler:com.xxl.job.core.handler.impl.MethodJobHandler@578a0e53[class com.inspur.executor.handler.SampleXxlJob#demoJobHandler]
2020-08-08 10:06:42.970 [http-nio-8085-exec-3] INFO  com.zaxxer.hikari.HikariDataSource - HikariPool-1 - Starting...
2020-08-08 10:06:43.350 [http-nio-8085-exec-3] INFO  com.zaxxer.hikari.HikariDataSource - HikariPool-1 - Start completed.
2020-08-08 11:57:05.703 [SpringContextShutdownHook] INFO  o.s.integration.endpoint.EventDrivenConsumer - Removing {logging-channel-adapter:_org.springframework.integration.errorLogger} as a subscriber to the 'errorChannel' channel
2020-08-08 11:57:05.704 [SpringContextShutdownHook] INFO  o.s.integration.channel.PublishSubscribeChannel - Channel 'application.errorChannel' has 0 subscriber(s).
2020-08-08 11:57:05.705 [SpringContextShutdownHook] INFO  o.s.integration.endpoint.EventDrivenConsumer - stopped bean '_org.springframework.integration.errorLogger'
2020-08-08 11:57:05.707 [SpringContextShutdownHook] INFO  o.s.scheduling.concurrent.ThreadPoolTaskScheduler - Shutting down ExecutorService 'taskScheduler'
2020-08-08 11:57:05.714 [SpringContextShutdownHook] INFO  o.s.scheduling.concurrent.ThreadPoolTaskExecutor - Shutting down ExecutorService 'applicationTaskExecutor'
2020-08-08 11:57:05.715 [Thread-261] INFO  com.xxl.job.core.server.EmbedServer - >>>>>>>>>>> xxl-job remoting server stop.
2020-08-08 11:57:06.721 [xxl-job, executor ExecutorRegistryThread] INFO  com.xxl.job.core.thread.ExecutorRegistryThread - >>>>>>>>>>> xxl-job registry-remove fail, registryParam:RegistryParam{registryGroup='EXECUTOR', registryKey='xxl-job-executor-sample', registryValue='http://192.168.30.3:9999/'}, registryResult:ReturnT [code=500, msg=xxl-rpc remoting error(Connection refused: connect), for url : http://127.0.0.1:8081/xxl-job-admin/api/registryRemove, content=null]
2020-08-08 11:57:06.721 [xxl-job, executor ExecutorRegistryThread] INFO  com.xxl.job.core.thread.ExecutorRegistryThread - >>>>>>>>>>> xxl-job, executor registry thread destory.
2020-08-08 11:57:06.721 [SpringContextShutdownHook] INFO  com.xxl.job.core.server.EmbedServer - >>>>>>>>>>> xxl-job remoting server destroy success.
2020-08-08 11:57:06.731 [Thread-268] INFO  com.xxl.job.core.thread.JobThread - >>>>>>>>>>> xxl-job JobThread stoped, hashCode:Thread[Thread-268,10,main]
2020-08-08 11:57:06.732 [xxl-job, executor JobLogFileCleanThread] INFO  com.xxl.job.core.thread.JobLogFileCleanThread - >>>>>>>>>>> xxl-job, executor JobLogFileCleanThread thread destory.
2020-08-08 11:57:08.760 [xxl-job, executor TriggerCallbackThread] INFO  com.xxl.job.core.thread.TriggerCallbackThread - >>>>>>>>>>> xxl-job, executor callback thread destory.
2020-08-08 11:57:08.762 [Thread-260] INFO  com.xxl.job.core.thread.TriggerCallbackThread - >>>>>>>>>>> xxl-job, executor retry callback thread destory.
2020-08-08 11:57:08.987 [SpringContextShutdownHook] INFO  com.zaxxer.hikari.HikariDataSource - HikariPool-1 - Shutdown initiated...
2020-08-08 11:57:09.017 [SpringContextShutdownHook] INFO  com.zaxxer.hikari.HikariDataSource - HikariPool-1 - Shutdown completed.
