2020-07-21 08:25:40.448 [lettuce-eventExecutorLoop-1-2] INFO  io.lettuce.core.protocol.ConnectionWatchdog - Reconnecting, last destination was 192.168.30.10:6379
2020-07-21 08:25:50.671 [lettuce-eventExecutorLoop-1-3] INFO  io.lettuce.core.protocol.ConnectionWatchdog - Reconnecting, last destination was 192.168.30.10:6379
2020-07-21 08:26:02.479 [lettuce-eventExecutorLoop-1-4] INFO  io.lettuce.core.protocol.ConnectionWatchdog - Reconnecting, last destination was 192.168.30.10:6379
2020-07-21 08:26:12.644 [lettuce-eventExecutorLoop-1-1] INFO  io.lettuce.core.protocol.ConnectionWatchdog - Reconnecting, last destination was 192.168.30.10:6379
2020-07-21 08:26:22.733 [lettuce-eventExecutorLoop-1-2] INFO  io.lettuce.core.protocol.ConnectionWatchdog - Reconnecting, last destination was 192.168.30.10:6379
2020-07-21 08:26:32.831 [lettuce-eventExecutorLoop-1-3] INFO  io.lettuce.core.protocol.ConnectionWatchdog - Reconnecting, last destination was 192.168.30.10:6379
2020-07-21 08:26:43.027 [lettuce-eventExecutorLoop-1-4] INFO  io.lettuce.core.protocol.ConnectionWatchdog - Reconnecting, last destination was 192.168.30.10:6379
2020-07-21 08:26:53.325 [lettuce-eventExecutorLoop-1-1] INFO  io.lettuce.core.protocol.ConnectionWatchdog - Reconnecting, last destination was 192.168.30.10:6379
2020-07-21 08:26:53.368 [SpringContextShutdownHook] INFO  o.s.scheduling.concurrent.ThreadPoolTaskExecutor - Shutting down ExecutorService 'applicationTaskExecutor'
2020-07-21 08:26:53.370 [Thread-242] INFO  com.xxl.job.core.server.EmbedServer - >>>>>>>>>>> xxl-job remoting server stop.
2020-07-21 08:26:53.395 [xxl-job, executor ExecutorRegistryThread] INFO  com.xxl.job.core.thread.ExecutorRegistryThread - >>>>>>>>>>> xxl-job registry-remove success, registryParam:RegistryParam{registryGroup='EXECUTOR', registryKey='xxl-job-executor-sample', registryValue='http://192.168.30.3:9999/'}, registryResult:ReturnT [code=200, msg=null, content=null]
2020-07-21 08:26:53.396 [xxl-job, executor ExecutorRegistryThread] INFO  com.xxl.job.core.thread.ExecutorRegistryThread - >>>>>>>>>>> xxl-job, executor registry thread destory.
2020-07-21 08:26:53.396 [SpringContextShutdownHook] INFO  com.xxl.job.core.server.EmbedServer - >>>>>>>>>>> xxl-job remoting server destroy success.
2020-07-21 08:26:53.635 [Thread-249] INFO  com.xxl.job.core.thread.JobThread - >>>>>>>>>>> xxl-job JobThread stoped, hashCode:Thread[Thread-249,10,main]
2020-07-21 08:26:53.636 [xxl-job, executor JobLogFileCleanThread] INFO  com.xxl.job.core.thread.JobLogFileCleanThread - >>>>>>>>>>> xxl-job, executor JobLogFileCleanThread thread destory.
2020-07-21 08:26:53.676 [xxl-job, executor TriggerCallbackThread] INFO  com.xxl.job.core.thread.TriggerCallbackThread - >>>>>>>>>>> xxl-job, executor callback thread destory.
2020-07-21 08:26:53.682 [Thread-241] INFO  com.xxl.job.core.thread.TriggerCallbackThread - >>>>>>>>>>> xxl-job, executor retry callback thread destory.
2020-07-21 08:26:54.535 [SpringContextShutdownHook] INFO  com.zaxxer.hikari.HikariDataSource - HikariPool-1 - Shutdown initiated...
2020-07-21 08:26:54.613 [SpringContextShutdownHook] INFO  com.zaxxer.hikari.HikariDataSource - HikariPool-1 - Shutdown completed.
2020-07-21 09:28:34.180 [restartedMain] INFO  com.inspur.VueAppApplication - Starting VueAppApplication on zhuanghuan00 with PID 23152 (E:\IDEA_PROJECT\zh-vue\vue-app\target\classes started by zhuanghuan in E:\IDEA_PROJECT\zh-vue)
2020-07-21 09:28:34.187 [restartedMain] INFO  com.inspur.VueAppApplication - No active profile set, falling back to default profiles: default
2020-07-21 09:28:34.904 [restartedMain] INFO  o.s.b.d.env.DevToolsPropertyDefaultsPostProcessor - Devtools property defaults active! Set 'spring.devtools.add-properties' to 'false' to disable
2020-07-21 09:28:34.905 [restartedMain] INFO  o.s.b.d.env.DevToolsPropertyDefaultsPostProcessor - For additional web related logging consider setting the 'logging.level.web' property to 'DEBUG'
2020-07-21 09:28:40.314 [restartedMain] INFO  o.s.d.r.config.RepositoryConfigurationDelegate - Multiple Spring Data modules found, entering strict repository configuration mode!
2020-07-21 09:28:40.338 [restartedMain] INFO  o.s.d.r.config.RepositoryConfigurationDelegate - Bootstrapping Spring Data Redis repositories in DEFAULT mode.
2020-07-21 09:28:40.532 [restartedMain] INFO  o.s.d.r.config.RepositoryConfigurationDelegate - Finished Spring Data repository scanning in 100ms. Found 0 Redis repository interfaces.
2020-07-21 09:28:43.057 [restartedMain] INFO  o.s.boot.web.embedded.tomcat.TomcatWebServer - Tomcat initialized with port(s): 8085 (http)
2020-07-21 09:28:43.113 [restartedMain] INFO  org.apache.coyote.http11.Http11NioProtocol - Initializing ProtocolHandler ["http-nio-8085"]
2020-07-21 09:28:43.116 [restartedMain] INFO  org.apache.catalina.core.StandardService - Starting service [Tomcat]
2020-07-21 09:28:43.120 [restartedMain] INFO  org.apache.catalina.core.StandardEngine - Starting Servlet engine: [Apache Tomcat/9.0.35]
2020-07-21 09:28:43.546 [restartedMain] INFO  o.a.c.c.C.[Tomcat].[localhost].[/JwtVue] - Initializing Spring embedded WebApplicationContext
2020-07-21 09:28:43.587 [restartedMain] INFO  org.springframework.web.context.ContextLoader - Root WebApplicationContext: initialization completed in 8681 ms
2020-07-21 09:28:48.127 [restartedMain] INFO  com.inspur.executor.config.XxlJobConfig - >>>>>>>>>>> xxl-job config init.
2020-07-21 09:28:48.906 [restartedMain] INFO  o.s.security.web.DefaultSecurityFilterChain - Creating filter chain: Ant [pattern='/resources/**'], []
2020-07-21 09:28:49.039 [restartedMain] INFO  o.s.security.web.DefaultSecurityFilterChain - Creating filter chain: any request, [org.springframework.security.web.context.request.async.WebAsyncManagerIntegrationFilter@6259e1f, org.springframework.security.web.context.SecurityContextPersistenceFilter@7947bfea, org.springframework.security.web.header.HeaderWriterFilter@530b6a47, org.springframework.security.web.authentication.logout.LogoutFilter@701ed436, com.inspur.system.security.filter.JwtLoginAuthenticationFilter@a7db26e, com.inspur.system.security.filter.JwtRequestAuthorizationFilter@2f8fc6b0, org.springframework.security.web.savedrequest.RequestCacheAwareFilter@107905f6, org.springframework.security.web.servletapi.SecurityContextHolderAwareRequestFilter@65bfc986, org.springframework.security.web.authentication.AnonymousAuthenticationFilter@3979cf82, org.springframework.security.web.session.SessionManagementFilter@5e3a5c67, org.springframework.security.web.access.ExceptionTranslationFilter@9b5f94d, org.springframework.security.web.access.intercept.FilterSecurityInterceptor@5252805c]
2020-07-21 09:28:49.758 [restartedMain] INFO  o.s.scheduling.concurrent.ThreadPoolTaskExecutor - Initializing ExecutorService 'applicationTaskExecutor'
2020-07-21 09:28:51.843 [restartedMain] INFO  o.s.b.d.autoconfigure.OptionalLiveReloadServer - LiveReload server is running on port 35729
2020-07-21 09:28:51.888 [restartedMain] INFO  com.xxl.job.core.executor.XxlJobExecutor - >>>>>>>>>>> xxl-job register jobhandler success, name:httpJobHandler, jobHandler:com.xxl.job.core.handler.impl.MethodJobHandler@19d525c4[class com.inspur.executor.handler.SampleXxlJob#httpJobHandler]
2020-07-21 09:28:51.893 [restartedMain] INFO  com.xxl.job.core.executor.XxlJobExecutor - >>>>>>>>>>> xxl-job register jobhandler success, name:demoJobHandler, jobHandler:com.xxl.job.core.handler.impl.MethodJobHandler@5f499636[class com.inspur.executor.handler.SampleXxlJob#demoJobHandler]
2020-07-21 09:28:51.894 [restartedMain] INFO  com.xxl.job.core.executor.XxlJobExecutor - >>>>>>>>>>> xxl-job register jobhandler success, name:demoJobHandler2, jobHandler:com.xxl.job.core.handler.impl.MethodJobHandler@7f2a11e2[class com.inspur.executor.handler.SampleXxlJob#demoJobHandler2]
2020-07-21 09:28:51.894 [restartedMain] INFO  com.xxl.job.core.executor.XxlJobExecutor - >>>>>>>>>>> xxl-job register jobhandler success, name:shardingJobHandler, jobHandler:com.xxl.job.core.handler.impl.MethodJobHandler@5c7de3bb[class com.inspur.executor.handler.SampleXxlJob#shardingJobHandler]
2020-07-21 09:28:51.895 [restartedMain] INFO  com.xxl.job.core.executor.XxlJobExecutor - >>>>>>>>>>> xxl-job register jobhandler success, name:commandJobHandler, jobHandler:com.xxl.job.core.handler.impl.MethodJobHandler@6c3606f5[class com.inspur.executor.handler.SampleXxlJob#commandJobHandler]
2020-07-21 09:28:52.690 [restartedMain] INFO  org.apache.coyote.http11.Http11NioProtocol - Starting ProtocolHandler ["http-nio-8085"]
2020-07-21 09:28:53.070 [restartedMain] INFO  o.s.boot.web.embedded.tomcat.TomcatWebServer - Tomcat started on port(s): 8085 (http) with context path '/JwtVue'
2020-07-21 09:28:53.152 [restartedMain] INFO  com.inspur.VueAppApplication - Started VueAppApplication in 20.422 seconds (JVM running for 24.061)
2020-07-21 09:28:58.755 [Thread-249] INFO  com.xxl.job.core.server.EmbedServer - >>>>>>>>>>> xxl-job remoting server start success, nettype = class com.xxl.job.core.server.EmbedServer, port = 9999
2020-07-21 09:29:11.935 [xxl-rpc, EmbedServer bizThreadPool-266602673] INFO  com.xxl.job.core.executor.XxlJobExecutor - >>>>>>>>>>> xxl-job regist JobThread success, jobId:5, handler:com.xxl.job.core.handler.impl.MethodJobHandler@5f499636[class com.inspur.executor.handler.SampleXxlJob#demoJobHandler]
2020-07-21 09:33:11.724 [http-nio-8085-exec-10] INFO  o.a.c.c.C.[Tomcat].[localhost].[/JwtVue] - Initializing Spring DispatcherServlet 'dispatcherServlet'
2020-07-21 09:33:11.724 [http-nio-8085-exec-10] INFO  org.springframework.web.servlet.DispatcherServlet - Initializing Servlet 'dispatcherServlet'
2020-07-21 09:33:11.744 [http-nio-8085-exec-10] INFO  org.springframework.web.servlet.DispatcherServlet - Completed initialization in 20 ms
2020-07-21 09:33:13.588 [http-nio-8085-exec-10] INFO  com.zaxxer.hikari.HikariDataSource - HikariPool-1 - Starting...
2020-07-21 09:33:14.035 [http-nio-8085-exec-10] INFO  com.zaxxer.hikari.HikariDataSource - HikariPool-1 - Start completed.
2020-07-21 09:46:41.588 [Thread-243] INFO  o.s.scheduling.concurrent.ThreadPoolTaskExecutor - Shutting down ExecutorService 'applicationTaskExecutor'
2020-07-21 09:46:41.589 [Thread-249] INFO  com.xxl.job.core.server.EmbedServer - >>>>>>>>>>> xxl-job remoting server stop.
2020-07-21 09:46:41.614 [xxl-job, executor ExecutorRegistryThread] INFO  com.xxl.job.core.thread.ExecutorRegistryThread - >>>>>>>>>>> xxl-job registry-remove success, registryParam:RegistryParam{registryGroup='EXECUTOR', registryKey='xxl-job-executor-sample', registryValue='http://192.168.30.3:9999/'}, registryResult:ReturnT [code=200, msg=null, content=null]
2020-07-21 09:46:41.614 [xxl-job, executor ExecutorRegistryThread] INFO  com.xxl.job.core.thread.ExecutorRegistryThread - >>>>>>>>>>> xxl-job, executor registry thread destory.
2020-07-21 09:46:41.615 [Thread-243] INFO  com.xxl.job.core.server.EmbedServer - >>>>>>>>>>> xxl-job remoting server destroy success.
2020-07-21 09:46:41.622 [Thread-256] INFO  com.xxl.job.core.thread.JobThread - >>>>>>>>>>> xxl-job JobThread stoped, hashCode:Thread[Thread-256,10,main]
2020-07-21 09:46:41.623 [xxl-job, executor JobLogFileCleanThread] INFO  com.xxl.job.core.thread.JobLogFileCleanThread - >>>>>>>>>>> xxl-job, executor JobLogFileCleanThread thread destory.
2020-07-21 09:46:41.677 [xxl-job, executor TriggerCallbackThread] INFO  com.xxl.job.core.thread.TriggerCallbackThread - >>>>>>>>>>> xxl-job, executor callback thread destory.
2020-07-21 09:46:41.677 [Thread-248] INFO  com.xxl.job.core.thread.TriggerCallbackThread - >>>>>>>>>>> xxl-job, executor retry callback thread destory.
2020-07-21 09:46:41.929 [Thread-243] INFO  com.zaxxer.hikari.HikariDataSource - HikariPool-1 - Shutdown initiated...
2020-07-21 09:46:41.965 [Thread-243] INFO  com.zaxxer.hikari.HikariDataSource - HikariPool-1 - Shutdown completed.
2020-07-21 09:46:42.421 [restartedMain] INFO  com.inspur.VueAppApplication - Starting VueAppApplication on zhuanghuan00 with PID 23152 (E:\IDEA_PROJECT\zh-vue\vue-app\target\classes started by zhuanghuan in E:\IDEA_PROJECT\zh-vue)
2020-07-21 09:46:42.421 [restartedMain] INFO  com.inspur.VueAppApplication - No active profile set, falling back to default profiles: default
2020-07-21 09:46:43.227 [restartedMain] INFO  o.s.d.r.config.RepositoryConfigurationDelegate - Multiple Spring Data modules found, entering strict repository configuration mode!
2020-07-21 09:46:43.227 [restartedMain] INFO  o.s.d.r.config.RepositoryConfigurationDelegate - Bootstrapping Spring Data Redis repositories in DEFAULT mode.
2020-07-21 09:46:43.230 [restartedMain] INFO  o.s.d.r.config.RepositoryConfigurationDelegate - Finished Spring Data repository scanning in 1ms. Found 0 Redis repository interfaces.
2020-07-21 09:46:43.697 [restartedMain] INFO  o.s.boot.web.embedded.tomcat.TomcatWebServer - Tomcat initialized with port(s): 8085 (http)
2020-07-21 09:46:43.700 [restartedMain] INFO  org.apache.coyote.http11.Http11NioProtocol - Initializing ProtocolHandler ["http-nio-8085"]
2020-07-21 09:46:43.701 [restartedMain] INFO  org.apache.catalina.core.StandardService - Starting service [Tomcat]
2020-07-21 09:46:43.702 [restartedMain] INFO  org.apache.catalina.core.StandardEngine - Starting Servlet engine: [Apache Tomcat/9.0.35]
2020-07-21 09:46:43.771 [restartedMain] INFO  o.a.c.c.C.[Tomcat].[localhost].[/JwtVue] - Initializing Spring embedded WebApplicationContext
2020-07-21 09:46:43.771 [restartedMain] INFO  org.springframework.web.context.ContextLoader - Root WebApplicationContext: initialization completed in 1343 ms
2020-07-21 09:46:44.009 [restartedMain] INFO  o.s.scheduling.concurrent.ThreadPoolTaskExecutor - Initializing ExecutorService 'applicationTaskExecutor'
2020-07-21 09:46:44.393 [restartedMain] INFO  org.apache.catalina.loader.WebappClassLoaderBase - Illegal access: this web application instance has been stopped already. Could not load [mapping/]. The following stack trace is thrown for debugging purposes as well as to attempt to terminate the thread which caused the illegal access.
java.lang.IllegalStateException: Illegal access: this web application instance has been stopped already. Could not load [mapping/]. The following stack trace is thrown for debugging purposes as well as to attempt to terminate the thread which caused the illegal access.
	at org.apache.catalina.loader.WebappClassLoaderBase.checkStateForResourceLoading(WebappClassLoaderBase.java:1385)
	at org.apache.catalina.loader.WebappClassLoaderBase.getResource(WebappClassLoaderBase.java:1038)
	at org.springframework.core.io.ClassPathResource.resolveURL(ClassPathResource.java:155)
	at org.springframework.core.io.ClassPathResource.getURL(ClassPathResource.java:193)
	at org.springframework.core.io.support.PathMatchingResourcePatternResolver.findPathMatchingResources(PathMatchingResourcePatternResolver.java:498)
	at org.springframework.core.io.support.PathMatchingResourcePatternResolver.getResources(PathMatchingResourcePatternResolver.java:298)
	at org.mybatis.spring.boot.autoconfigure.MybatisProperties.getResources(MybatisProperties.java:210)
	at org.mybatis.spring.boot.autoconfigure.MybatisProperties.lambda$resolveMapperLocations$0(MybatisProperties.java:205)
	at java.util.stream.ReferencePipeline$7$1.accept(ReferencePipeline.java:269)
	at java.util.Spliterators$ArraySpliterator.forEachRemaining(Spliterators.java:948)
	at java.util.stream.AbstractPipeline.copyInto(AbstractPipeline.java:482)
	at java.util.stream.AbstractPipeline.wrapAndCopyInto(AbstractPipeline.java:472)
	at java.util.stream.AbstractPipeline.evaluate(AbstractPipeline.java:546)
	at java.util.stream.AbstractPipeline.evaluateToArrayNode(AbstractPipeline.java:260)
	at java.util.stream.ReferencePipeline.toArray(ReferencePipeline.java:505)
	at org.mybatis.spring.boot.autoconfigure.MybatisProperties.resolveMapperLocations(MybatisProperties.java:205)
	at org.mybatis.spring.boot.autoconfigure.MybatisAutoConfiguration.sqlSessionFactory(MybatisAutoConfiguration.java:161)
	at org.mybatis.spring.boot.autoconfigure.MybatisAutoConfiguration$$EnhancerBySpringCGLIB$$dcb648a3.CGLIB$sqlSessionFactory$0(<generated>)
	at org.mybatis.spring.boot.autoconfigure.MybatisAutoConfiguration$$EnhancerBySpringCGLIB$$dcb648a3$$FastClassBySpringCGLIB$$82360af7.invoke(<generated>)
	at org.springframework.cglib.proxy.MethodProxy.invokeSuper(MethodProxy.java:244)
	at org.springframework.context.annotation.ConfigurationClassEnhancer$BeanMethodInterceptor.intercept(ConfigurationClassEnhancer.java:331)
	at org.mybatis.spring.boot.autoconfigure.MybatisAutoConfiguration$$EnhancerBySpringCGLIB$$dcb648a3.sqlSessionFactory(<generated>)
	at sun.reflect.NativeMethodAccessorImpl.invoke0(Native Method)
	at sun.reflect.NativeMethodAccessorImpl.invoke(NativeMethodAccessorImpl.java:62)
	at sun.reflect.DelegatingMethodAccessorImpl.invoke(DelegatingMethodAccessorImpl.java:43)
	at java.lang.reflect.Method.invoke(Method.java:498)
	at org.springframework.beans.factory.support.SimpleInstantiationStrategy.instantiate(SimpleInstantiationStrategy.java:154)
	at org.springframework.beans.factory.support.ConstructorResolver.instantiate(ConstructorResolver.java:651)
	at org.springframework.beans.factory.support.ConstructorResolver.instantiateUsingFactoryMethod(ConstructorResolver.java:636)
	at org.springframework.beans.factory.support.AbstractAutowireCapableBeanFactory.instantiateUsingFactoryMethod(AbstractAutowireCapableBeanFactory.java:1338)
	at org.springframework.beans.factory.support.AbstractAutowireCapableBeanFactory.createBeanInstance(AbstractAutowireCapableBeanFactory.java:1177)
	at org.springframework.beans.factory.support.AbstractAutowireCapableBeanFactory.doCreateBean(AbstractAutowireCapableBeanFactory.java:557)
	at org.springframework.beans.factory.support.AbstractAutowireCapableBeanFactory.createBean(AbstractAutowireCapableBeanFactory.java:517)
	at org.springframework.beans.factory.support.AbstractBeanFactory.lambda$doGetBean$0(AbstractBeanFactory.java:323)
	at org.springframework.beans.factory.support.DefaultSingletonBeanRegistry.getSingleton(DefaultSingletonBeanRegistry.java:226)
	at org.springframework.beans.factory.support.AbstractBeanFactory.doGetBean(AbstractBeanFactory.java:321)
	at org.springframework.beans.factory.support.AbstractBeanFactory.getBean(AbstractBeanFactory.java:202)
	at org.springframework.beans.factory.support.DefaultListableBeanFactory.preInstantiateSingletons(DefaultListableBeanFactory.java:895)
	at org.springframework.context.support.AbstractApplicationContext.finishBeanFactoryInitialization(AbstractApplicationContext.java:878)
	at org.springframework.context.support.AbstractApplicationContext.refresh(AbstractApplicationContext.java:550)
	at org.springframework.boot.web.servlet.context.ServletWebServerApplicationContext.refresh(ServletWebServerApplicationContext.java:143)
	at org.springframework.boot.SpringApplication.refresh(SpringApplication.java:758)
	at org.springframework.boot.SpringApplication.refresh(SpringApplication.java:750)
	at org.springframework.boot.SpringApplication.refreshContext(SpringApplication.java:397)
	at org.springframework.boot.SpringApplication.run(SpringApplication.java:315)
	at org.springframework.boot.SpringApplication.run(SpringApplication.java:1237)
	at org.springframework.boot.SpringApplication.run(SpringApplication.java:1226)
	at com.inspur.VueAppApplication.main(VueAppApplication.java:9)
	at sun.reflect.NativeMethodAccessorImpl.invoke0(Native Method)
	at sun.reflect.NativeMethodAccessorImpl.invoke(NativeMethodAccessorImpl.java:62)
	at sun.reflect.DelegatingMethodAccessorImpl.invoke(DelegatingMethodAccessorImpl.java:43)
	at java.lang.reflect.Method.invoke(Method.java:498)
	at org.springframework.boot.devtools.restart.RestartLauncher.run(RestartLauncher.java:49)
2020-07-21 09:46:44.410 [restartedMain] INFO  o.s.scheduling.concurrent.ThreadPoolTaskExecutor - Shutting down ExecutorService 'applicationTaskExecutor'
2020-07-21 09:46:44.411 [restartedMain] INFO  org.apache.catalina.core.StandardService - Stopping service [Tomcat]
2020-07-21 09:46:44.428 [restartedMain] INFO  o.s.b.a.l.ConditionEvaluationReportLoggingListener - 

Error starting ApplicationContext. To display the conditions report re-run your application with 'debug' enabled.
2020-07-21 09:46:48.506 [restartedMain] INFO  com.inspur.VueAppApplication - Starting VueAppApplication on zhuanghuan00 with PID 23152 (E:\IDEA_PROJECT\zh-vue\vue-app\target\classes started by zhuanghuan in E:\IDEA_PROJECT\zh-vue)
2020-07-21 09:46:48.506 [restartedMain] INFO  com.inspur.VueAppApplication - No active profile set, falling back to default profiles: default
2020-07-21 09:46:53.600 [restartedMain] INFO  o.s.d.r.config.RepositoryConfigurationDelegate - Multiple Spring Data modules found, entering strict repository configuration mode!
2020-07-21 09:46:53.601 [restartedMain] INFO  o.s.d.r.config.RepositoryConfigurationDelegate - Bootstrapping Spring Data Redis repositories in DEFAULT mode.
2020-07-21 09:46:53.602 [restartedMain] INFO  o.s.d.r.config.RepositoryConfigurationDelegate - Finished Spring Data repository scanning in 1ms. Found 0 Redis repository interfaces.
2020-07-21 09:46:53.968 [restartedMain] INFO  o.s.boot.web.embedded.tomcat.TomcatWebServer - Tomcat initialized with port(s): 8085 (http)
2020-07-21 09:46:53.969 [restartedMain] INFO  org.apache.coyote.http11.Http11NioProtocol - Initializing ProtocolHandler ["http-nio-8085"]
2020-07-21 09:46:53.970 [restartedMain] INFO  org.apache.catalina.core.StandardService - Starting service [Tomcat]
2020-07-21 09:46:53.971 [restartedMain] INFO  org.apache.catalina.core.StandardEngine - Starting Servlet engine: [Apache Tomcat/9.0.35]
2020-07-21 09:46:54.029 [restartedMain] INFO  o.a.c.c.C.[Tomcat-1].[localhost].[/JwtVue] - Initializing Spring embedded WebApplicationContext
2020-07-21 09:46:54.029 [restartedMain] INFO  org.springframework.web.context.ContextLoader - Root WebApplicationContext: initialization completed in 5515 ms
2020-07-21 09:46:54.212 [restartedMain] INFO  o.s.scheduling.concurrent.ThreadPoolTaskExecutor - Initializing ExecutorService 'applicationTaskExecutor'
2020-07-21 09:46:54.409 [restartedMain] INFO  org.apache.catalina.loader.WebappClassLoaderBase - Illegal access: this web application instance has been stopped already. Could not load [mapping/]. The following stack trace is thrown for debugging purposes as well as to attempt to terminate the thread which caused the illegal access.
java.lang.IllegalStateException: Illegal access: this web application instance has been stopped already. Could not load [mapping/]. The following stack trace is thrown for debugging purposes as well as to attempt to terminate the thread which caused the illegal access.
	at org.apache.catalina.loader.WebappClassLoaderBase.checkStateForResourceLoading(WebappClassLoaderBase.java:1385)
	at org.apache.catalina.loader.WebappClassLoaderBase.getResource(WebappClassLoaderBase.java:1038)
	at org.springframework.core.io.ClassPathResource.resolveURL(ClassPathResource.java:155)
	at org.springframework.core.io.ClassPathResource.getURL(ClassPathResource.java:193)
	at org.springframework.core.io.support.PathMatchingResourcePatternResolver.findPathMatchingResources(PathMatchingResourcePatternResolver.java:498)
	at org.springframework.core.io.support.PathMatchingResourcePatternResolver.getResources(PathMatchingResourcePatternResolver.java:298)
	at org.mybatis.spring.boot.autoconfigure.MybatisProperties.getResources(MybatisProperties.java:210)
	at org.mybatis.spring.boot.autoconfigure.MybatisProperties.lambda$resolveMapperLocations$0(MybatisProperties.java:205)
	at java.util.stream.ReferencePipeline$7$1.accept(ReferencePipeline.java:269)
	at java.util.Spliterators$ArraySpliterator.forEachRemaining(Spliterators.java:948)
	at java.util.stream.AbstractPipeline.copyInto(AbstractPipeline.java:482)
	at java.util.stream.AbstractPipeline.wrapAndCopyInto(AbstractPipeline.java:472)
	at java.util.stream.AbstractPipeline.evaluate(AbstractPipeline.java:546)
	at java.util.stream.AbstractPipeline.evaluateToArrayNode(AbstractPipeline.java:260)
	at java.util.stream.ReferencePipeline.toArray(ReferencePipeline.java:505)
	at org.mybatis.spring.boot.autoconfigure.MybatisProperties.resolveMapperLocations(MybatisProperties.java:205)
	at org.mybatis.spring.boot.autoconfigure.MybatisAutoConfiguration.sqlSessionFactory(MybatisAutoConfiguration.java:161)
	at org.mybatis.spring.boot.autoconfigure.MybatisAutoConfiguration$$EnhancerBySpringCGLIB$$dcb648a3.CGLIB$sqlSessionFactory$0(<generated>)
	at org.mybatis.spring.boot.autoconfigure.MybatisAutoConfiguration$$EnhancerBySpringCGLIB$$dcb648a3$$FastClassBySpringCGLIB$$82360af7.invoke(<generated>)
	at org.springframework.cglib.proxy.MethodProxy.invokeSuper(MethodProxy.java:244)
	at org.springframework.context.annotation.ConfigurationClassEnhancer$BeanMethodInterceptor.intercept(ConfigurationClassEnhancer.java:331)
	at org.mybatis.spring.boot.autoconfigure.MybatisAutoConfiguration$$EnhancerBySpringCGLIB$$dcb648a3.sqlSessionFactory(<generated>)
	at sun.reflect.NativeMethodAccessorImpl.invoke0(Native Method)
	at sun.reflect.NativeMethodAccessorImpl.invoke(NativeMethodAccessorImpl.java:62)
	at sun.reflect.DelegatingMethodAccessorImpl.invoke(DelegatingMethodAccessorImpl.java:43)
	at java.lang.reflect.Method.invoke(Method.java:498)
	at org.springframework.beans.factory.support.SimpleInstantiationStrategy.instantiate(SimpleInstantiationStrategy.java:154)
	at org.springframework.beans.factory.support.ConstructorResolver.instantiate(ConstructorResolver.java:651)
	at org.springframework.beans.factory.support.ConstructorResolver.instantiateUsingFactoryMethod(ConstructorResolver.java:636)
	at org.springframework.beans.factory.support.AbstractAutowireCapableBeanFactory.instantiateUsingFactoryMethod(AbstractAutowireCapableBeanFactory.java:1338)
	at org.springframework.beans.factory.support.AbstractAutowireCapableBeanFactory.createBeanInstance(AbstractAutowireCapableBeanFactory.java:1177)
	at org.springframework.beans.factory.support.AbstractAutowireCapableBeanFactory.doCreateBean(AbstractAutowireCapableBeanFactory.java:557)
	at org.springframework.beans.factory.support.AbstractAutowireCapableBeanFactory.createBean(AbstractAutowireCapableBeanFactory.java:517)
	at org.springframework.beans.factory.support.AbstractBeanFactory.lambda$doGetBean$0(AbstractBeanFactory.java:323)
	at org.springframework.beans.factory.support.DefaultSingletonBeanRegistry.getSingleton(DefaultSingletonBeanRegistry.java:226)
	at org.springframework.beans.factory.support.AbstractBeanFactory.doGetBean(AbstractBeanFactory.java:321)
	at org.springframework.beans.factory.support.AbstractBeanFactory.getBean(AbstractBeanFactory.java:202)
	at org.springframework.beans.factory.support.DefaultListableBeanFactory.preInstantiateSingletons(DefaultListableBeanFactory.java:895)
	at org.springframework.context.support.AbstractApplicationContext.finishBeanFactoryInitialization(AbstractApplicationContext.java:878)
	at org.springframework.context.support.AbstractApplicationContext.refresh(AbstractApplicationContext.java:550)
	at org.springframework.boot.web.servlet.context.ServletWebServerApplicationContext.refresh(ServletWebServerApplicationContext.java:143)
	at org.springframework.boot.SpringApplication.refresh(SpringApplication.java:758)
	at org.springframework.boot.SpringApplication.refresh(SpringApplication.java:750)
	at org.springframework.boot.SpringApplication.refreshContext(SpringApplication.java:397)
	at org.springframework.boot.SpringApplication.run(SpringApplication.java:315)
	at org.springframework.boot.SpringApplication.run(SpringApplication.java:1237)
	at org.springframework.boot.SpringApplication.run(SpringApplication.java:1226)
	at com.inspur.VueAppApplication.main(VueAppApplication.java:9)
	at sun.reflect.NativeMethodAccessorImpl.invoke0(Native Method)
	at sun.reflect.NativeMethodAccessorImpl.invoke(NativeMethodAccessorImpl.java:62)
	at sun.reflect.DelegatingMethodAccessorImpl.invoke(DelegatingMethodAccessorImpl.java:43)
	at java.lang.reflect.Method.invoke(Method.java:498)
	at org.springframework.boot.devtools.restart.RestartLauncher.run(RestartLauncher.java:49)
2020-07-21 09:46:54.428 [restartedMain] INFO  o.s.scheduling.concurrent.ThreadPoolTaskExecutor - Shutting down ExecutorService 'applicationTaskExecutor'
2020-07-21 09:46:54.429 [restartedMain] INFO  org.apache.catalina.core.StandardService - Stopping service [Tomcat]
2020-07-21 09:46:54.446 [restartedMain] INFO  o.s.b.a.l.ConditionEvaluationReportLoggingListener - 

Error starting ApplicationContext. To display the conditions report re-run your application with 'debug' enabled.
2020-07-21 09:47:02.592 [restartedMain] INFO  com.inspur.VueAppApplication - Starting VueAppApplication on zhuanghuan00 with PID 23152 (E:\IDEA_PROJECT\zh-vue\vue-app\target\classes started by zhuanghuan in E:\IDEA_PROJECT\zh-vue)
2020-07-21 09:47:02.592 [restartedMain] INFO  com.inspur.VueAppApplication - No active profile set, falling back to default profiles: default
2020-07-21 09:47:06.462 [restartedMain] INFO  o.s.d.r.config.RepositoryConfigurationDelegate - Multiple Spring Data modules found, entering strict repository configuration mode!
2020-07-21 09:47:06.467 [restartedMain] INFO  o.s.d.r.config.RepositoryConfigurationDelegate - Bootstrapping Spring Data Redis repositories in DEFAULT mode.
2020-07-21 09:47:06.557 [restartedMain] INFO  o.s.d.r.config.RepositoryConfigurationDelegate - Finished Spring Data repository scanning in 88ms. Found 0 Redis repository interfaces.
2020-07-21 09:47:07.130 [restartedMain] INFO  o.s.boot.web.embedded.tomcat.TomcatWebServer - Tomcat initialized with port(s): 8085 (http)
2020-07-21 09:47:07.132 [restartedMain] INFO  org.apache.coyote.http11.Http11NioProtocol - Initializing ProtocolHandler ["http-nio-8085"]
2020-07-21 09:47:07.134 [restartedMain] INFO  org.apache.catalina.core.StandardService - Starting service [Tomcat]
2020-07-21 09:47:07.134 [restartedMain] INFO  org.apache.catalina.core.StandardEngine - Starting Servlet engine: [Apache Tomcat/9.0.35]
2020-07-21 09:47:07.190 [restartedMain] INFO  o.a.c.c.C.[Tomcat-2].[localhost].[/JwtVue] - Initializing Spring embedded WebApplicationContext
2020-07-21 09:47:07.190 [restartedMain] INFO  org.springframework.web.context.ContextLoader - Root WebApplicationContext: initialization completed in 4593 ms
2020-07-21 09:47:09.356 [restartedMain] INFO  org.apache.catalina.loader.WebappClassLoaderBase - Illegal access: this web application instance has been stopped already. Could not load [mapping/]. The following stack trace is thrown for debugging purposes as well as to attempt to terminate the thread which caused the illegal access.
java.lang.IllegalStateException: Illegal access: this web application instance has been stopped already. Could not load [mapping/]. The following stack trace is thrown for debugging purposes as well as to attempt to terminate the thread which caused the illegal access.
	at org.apache.catalina.loader.WebappClassLoaderBase.checkStateForResourceLoading(WebappClassLoaderBase.java:1385)
	at org.apache.catalina.loader.WebappClassLoaderBase.getResource(WebappClassLoaderBase.java:1038)
	at org.springframework.core.io.ClassPathResource.resolveURL(ClassPathResource.java:155)
	at org.springframework.core.io.ClassPathResource.getURL(ClassPathResource.java:193)
	at org.springframework.core.io.support.PathMatchingResourcePatternResolver.findPathMatchingResources(PathMatchingResourcePatternResolver.java:498)
	at org.springframework.core.io.support.PathMatchingResourcePatternResolver.getResources(PathMatchingResourcePatternResolver.java:298)
	at org.mybatis.spring.boot.autoconfigure.MybatisProperties.getResources(MybatisProperties.java:210)
	at org.mybatis.spring.boot.autoconfigure.MybatisProperties.lambda$resolveMapperLocations$0(MybatisProperties.java:205)
	at java.util.stream.ReferencePipeline$7$1.accept(ReferencePipeline.java:269)
	at java.util.Spliterators$ArraySpliterator.forEachRemaining(Spliterators.java:948)
	at java.util.stream.AbstractPipeline.copyInto(AbstractPipeline.java:482)
	at java.util.stream.AbstractPipeline.wrapAndCopyInto(AbstractPipeline.java:472)
	at java.util.stream.AbstractPipeline.evaluate(AbstractPipeline.java:546)
	at java.util.stream.AbstractPipeline.evaluateToArrayNode(AbstractPipeline.java:260)
	at java.util.stream.ReferencePipeline.toArray(ReferencePipeline.java:505)
	at org.mybatis.spring.boot.autoconfigure.MybatisProperties.resolveMapperLocations(MybatisProperties.java:205)
	at org.mybatis.spring.boot.autoconfigure.MybatisAutoConfiguration.sqlSessionFactory(MybatisAutoConfiguration.java:161)
	at org.mybatis.spring.boot.autoconfigure.MybatisAutoConfiguration$$EnhancerBySpringCGLIB$$dcb648a3.CGLIB$sqlSessionFactory$0(<generated>)
	at org.mybatis.spring.boot.autoconfigure.MybatisAutoConfiguration$$EnhancerBySpringCGLIB$$dcb648a3$$FastClassBySpringCGLIB$$82360af7.invoke(<generated>)
	at org.springframework.cglib.proxy.MethodProxy.invokeSuper(MethodProxy.java:244)
	at org.springframework.context.annotation.ConfigurationClassEnhancer$BeanMethodInterceptor.intercept(ConfigurationClassEnhancer.java:331)
	at org.mybatis.spring.boot.autoconfigure.MybatisAutoConfiguration$$EnhancerBySpringCGLIB$$dcb648a3.sqlSessionFactory(<generated>)
	at sun.reflect.NativeMethodAccessorImpl.invoke0(Native Method)
	at sun.reflect.NativeMethodAccessorImpl.invoke(NativeMethodAccessorImpl.java:62)
	at sun.reflect.DelegatingMethodAccessorImpl.invoke(DelegatingMethodAccessorImpl.java:43)
	at java.lang.reflect.Method.invoke(Method.java:498)
	at org.springframework.beans.factory.support.SimpleInstantiationStrategy.instantiate(SimpleInstantiationStrategy.java:154)
	at org.springframework.beans.factory.support.ConstructorResolver.instantiate(ConstructorResolver.java:651)
	at org.springframework.beans.factory.support.ConstructorResolver.instantiateUsingFactoryMethod(ConstructorResolver.java:636)
	at org.springframework.beans.factory.support.AbstractAutowireCapableBeanFactory.instantiateUsingFactoryMethod(AbstractAutowireCapableBeanFactory.java:1338)
	at org.springframework.beans.factory.support.AbstractAutowireCapableBeanFactory.createBeanInstance(AbstractAutowireCapableBeanFactory.java:1177)
	at org.springframework.beans.factory.support.AbstractAutowireCapableBeanFactory.doCreateBean(AbstractAutowireCapableBeanFactory.java:557)
	at org.springframework.beans.factory.support.AbstractAutowireCapableBeanFactory.createBean(AbstractAutowireCapableBeanFactory.java:517)
	at org.springframework.beans.factory.support.AbstractBeanFactory.lambda$doGetBean$0(AbstractBeanFactory.java:323)
	at org.springframework.beans.factory.support.DefaultSingletonBeanRegistry.getSingleton(DefaultSingletonBeanRegistry.java:226)
	at org.springframework.beans.factory.support.AbstractBeanFactory.doGetBean(AbstractBeanFactory.java:321)
	at org.springframework.beans.factory.support.AbstractBeanFactory.getBean(AbstractBeanFactory.java:202)
	at org.springframework.beans.factory.config.DependencyDescriptor.resolveCandidate(DependencyDescriptor.java:276)
	at org.springframework.beans.factory.support.DefaultListableBeanFactory.doResolveDependency(DefaultListableBeanFactory.java:1306)
	at org.springframework.beans.factory.support.DefaultListableBeanFactory.resolveDependency(DefaultListableBeanFactory.java:1226)
	at org.springframework.beans.factory.support.AbstractAutowireCapableBeanFactory.autowireByType(AbstractAutowireCapableBeanFactory.java:1511)
	at org.springframework.beans.factory.support.AbstractAutowireCapableBeanFactory.populateBean(AbstractAutowireCapableBeanFactory.java:1406)
	at org.springframework.beans.factory.support.AbstractAutowireCapableBeanFactory.doCreateBean(AbstractAutowireCapableBeanFactory.java:594)
	at org.springframework.beans.factory.support.AbstractAutowireCapableBeanFactory.createBean(AbstractAutowireCapableBeanFactory.java:517)
	at org.springframework.beans.factory.support.AbstractBeanFactory.lambda$doGetBean$0(AbstractBeanFactory.java:323)
	at org.springframework.beans.factory.support.DefaultSingletonBeanRegistry.getSingleton(DefaultSingletonBeanRegistry.java:226)
	at org.springframework.beans.factory.support.AbstractBeanFactory.doGetBean(AbstractBeanFactory.java:321)
	at org.springframework.beans.factory.support.AbstractBeanFactory.getBean(AbstractBeanFactory.java:202)
	at org.springframework.beans.factory.config.DependencyDescriptor.resolveCandidate(DependencyDescriptor.java:276)
	at org.springframework.beans.factory.support.DefaultListableBeanFactory.doResolveDependency(DefaultListableBeanFactory.java:1306)
	at org.springframework.beans.factory.support.DefaultListableBeanFactory.resolveDependency(DefaultListableBeanFactory.java:1226)
	at org.springframework.beans.factory.annotation.AutowiredAnnotationBeanPostProcessor$AutowiredFieldElement.inject(AutowiredAnnotationBeanPostProcessor.java:640)
	at org.springframework.beans.factory.annotation.InjectionMetadata.inject(InjectionMetadata.java:130)
	at org.springframework.beans.factory.annotation.AutowiredAnnotationBeanPostProcessor.postProcessProperties(AutowiredAnnotationBeanPostProcessor.java:399)
	at org.springframework.beans.factory.support.AbstractAutowireCapableBeanFactory.populateBean(AbstractAutowireCapableBeanFactory.java:1422)
	at org.springframework.beans.factory.support.AbstractAutowireCapableBeanFactory.doCreateBean(AbstractAutowireCapableBeanFactory.java:594)
	at org.springframework.beans.factory.support.AbstractAutowireCapableBeanFactory.createBean(AbstractAutowireCapableBeanFactory.java:517)
	at org.springframework.beans.factory.support.AbstractBeanFactory.lambda$doGetBean$0(AbstractBeanFactory.java:323)
	at org.springframework.beans.factory.support.DefaultSingletonBeanRegistry.getSingleton(DefaultSingletonBeanRegistry.java:226)
	at org.springframework.beans.factory.support.AbstractBeanFactory.doGetBean(AbstractBeanFactory.java:321)
	at org.springframework.beans.factory.support.AbstractBeanFactory.getBean(AbstractBeanFactory.java:202)
	at org.springframework.beans.factory.config.DependencyDescriptor.resolveCandidate(DependencyDescriptor.java:276)
	at org.springframework.beans.factory.support.DefaultListableBeanFactory.doResolveDependency(DefaultListableBeanFactory.java:1306)
	at org.springframework.beans.factory.support.DefaultListableBeanFactory.resolveDependency(DefaultListableBeanFactory.java:1226)
	at org.springframework.beans.factory.annotation.AutowiredAnnotationBeanPostProcessor$AutowiredFieldElement.inject(AutowiredAnnotationBeanPostProcessor.java:640)
	at org.springframework.beans.factory.annotation.InjectionMetadata.inject(InjectionMetadata.java:130)
	at org.springframework.beans.factory.annotation.AutowiredAnnotationBeanPostProcessor.postProcessProperties(AutowiredAnnotationBeanPostProcessor.java:399)
	at org.springframework.beans.factory.support.AbstractAutowireCapableBeanFactory.populateBean(AbstractAutowireCapableBeanFactory.java:1422)
	at org.springframework.beans.factory.support.AbstractAutowireCapableBeanFactory.doCreateBean(AbstractAutowireCapableBeanFactory.java:594)
	at org.springframework.beans.factory.support.AbstractAutowireCapableBeanFactory.createBean(AbstractAutowireCapableBeanFactory.java:517)
	at org.springframework.beans.factory.support.AbstractBeanFactory.lambda$doGetBean$0(AbstractBeanFactory.java:323)
	at org.springframework.beans.factory.support.DefaultSingletonBeanRegistry.getSingleton(DefaultSingletonBeanRegistry.java:226)
	at org.springframework.beans.factory.support.AbstractBeanFactory.doGetBean(AbstractBeanFactory.java:321)
	at org.springframework.beans.factory.support.AbstractBeanFactory.getBean(AbstractBeanFactory.java:202)
	at org.springframework.beans.factory.config.DependencyDescriptor.resolveCandidate(DependencyDescriptor.java:276)
	at org.springframework.beans.factory.support.DefaultListableBeanFactory.doResolveDependency(DefaultListableBeanFactory.java:1306)
	at org.springframework.beans.factory.support.DefaultListableBeanFactory.resolveDependency(DefaultListableBeanFactory.java:1226)
	at org.springframework.beans.factory.annotation.AutowiredAnnotationBeanPostProcessor$AutowiredFieldElement.inject(AutowiredAnnotationBeanPostProcessor.java:640)
	at org.springframework.beans.factory.annotation.InjectionMetadata.inject(InjectionMetadata.java:130)
	at org.springframework.beans.factory.annotation.AutowiredAnnotationBeanPostProcessor.postProcessProperties(AutowiredAnnotationBeanPostProcessor.java:399)
	at org.springframework.beans.factory.support.AbstractAutowireCapableBeanFactory.populateBean(AbstractAutowireCapableBeanFactory.java:1422)
	at org.springframework.beans.factory.support.AbstractAutowireCapableBeanFactory.doCreateBean(AbstractAutowireCapableBeanFactory.java:594)
	at org.springframework.beans.factory.support.AbstractAutowireCapableBeanFactory.createBean(AbstractAutowireCapableBeanFactory.java:517)
	at org.springframework.beans.factory.support.AbstractBeanFactory.lambda$doGetBean$0(AbstractBeanFactory.java:323)
	at org.springframework.beans.factory.support.DefaultSingletonBeanRegistry.getSingleton(DefaultSingletonBeanRegistry.java:226)
	at org.springframework.beans.factory.support.AbstractBeanFactory.doGetBean(AbstractBeanFactory.java:321)
	at org.springframework.beans.factory.support.AbstractBeanFactory.getBean(AbstractBeanFactory.java:202)
	at org.springframework.beans.factory.support.ConstructorResolver.instantiateUsingFactoryMethod(ConstructorResolver.java:409)
	at org.springframework.beans.factory.support.AbstractAutowireCapableBeanFactory.instantiateUsingFactoryMethod(AbstractAutowireCapableBeanFactory.java:1338)
	at org.springframework.beans.factory.support.AbstractAutowireCapableBeanFactory.createBeanInstance(AbstractAutowireCapableBeanFactory.java:1177)
	at org.springframework.beans.factory.support.AbstractAutowireCapableBeanFactory.doCreateBean(AbstractAutowireCapableBeanFactory.java:557)
	at org.springframework.beans.factory.support.AbstractAutowireCapableBeanFactory.createBean(AbstractAutowireCapableBeanFactory.java:517)
	at org.springframework.beans.factory.support.AbstractBeanFactory.lambda$doGetBean$0(AbstractBeanFactory.java:323)
	at org.springframework.beans.factory.support.DefaultSingletonBeanRegistry.getSingleton(DefaultSingletonBeanRegistry.java:226)
	at org.springframework.beans.factory.support.AbstractBeanFactory.doGetBean(AbstractBeanFactory.java:321)
	at org.springframework.beans.factory.support.AbstractBeanFactory.getBean(AbstractBeanFactory.java:207)
	at org.springframework.boot.web.servlet.ServletContextInitializerBeans.getOrderedBeansOfType(ServletContextInitializerBeans.java:211)
	at org.springframework.boot.web.servlet.ServletContextInitializerBeans.addAsRegistrationBean(ServletContextInitializerBeans.java:174)
	at org.springframework.boot.web.servlet.ServletContextInitializerBeans.addAsRegistrationBean(ServletContextInitializerBeans.java:169)
	at org.springframework.boot.web.servlet.ServletContextInitializerBeans.addAdaptableBeans(ServletContextInitializerBeans.java:154)
	at org.springframework.boot.web.servlet.ServletContextInitializerBeans.<init>(ServletContextInitializerBeans.java:86)
	at org.springframework.boot.web.servlet.context.ServletWebServerApplicationContext.getServletContextInitializerBeans(ServletWebServerApplicationContext.java:253)
	at org.springframework.boot.web.servlet.context.ServletWebServerApplicationContext.selfInitialize(ServletWebServerApplicationContext.java:227)
	at org.springframework.boot.web.embedded.tomcat.TomcatStarter.onStartup(TomcatStarter.java:53)
	at org.apache.catalina.core.StandardContext.startInternal(StandardContext.java:5136)
	at org.apache.catalina.util.LifecycleBase.start(LifecycleBase.java:183)
	at org.apache.catalina.core.ContainerBase$StartChild.call(ContainerBase.java:1384)
	at org.apache.catalina.core.ContainerBase$StartChild.call(ContainerBase.java:1374)
	at java.util.concurrent.FutureTask.run$$$capture(FutureTask.java:266)
	at java.util.concurrent.FutureTask.run(FutureTask.java)
	at org.apache.tomcat.util.threads.InlineExecutorService.execute(InlineExecutorService.java:75)
	at java.util.concurrent.AbstractExecutorService.submit(AbstractExecutorService.java:134)
	at org.apache.catalina.core.ContainerBase.startInternal(ContainerBase.java:909)
	at org.apache.catalina.core.StandardHost.startInternal(StandardHost.java:841)
	at org.apache.catalina.util.LifecycleBase.start(LifecycleBase.java:183)
	at org.apache.catalina.core.ContainerBase$StartChild.call(ContainerBase.java:1384)
	at org.apache.catalina.core.ContainerBase$StartChild.call(ContainerBase.java:1374)
	at java.util.concurrent.FutureTask.run$$$capture(FutureTask.java:266)
	at java.util.concurrent.FutureTask.run(FutureTask.java)
	at org.apache.tomcat.util.threads.InlineExecutorService.execute(InlineExecutorService.java:75)
	at java.util.concurrent.AbstractExecutorService.submit(AbstractExecutorService.java:134)
	at org.apache.catalina.core.ContainerBase.startInternal(ContainerBase.java:909)
	at org.apache.catalina.core.StandardEngine.startInternal(StandardEngine.java:262)
	at org.apache.catalina.util.LifecycleBase.start(LifecycleBase.java:183)
	at org.apache.catalina.core.StandardService.startInternal(StandardService.java:421)
	at org.apache.catalina.util.LifecycleBase.start(LifecycleBase.java:183)
	at org.apache.catalina.core.StandardServer.startInternal(StandardServer.java:930)
	at org.apache.catalina.util.LifecycleBase.start(LifecycleBase.java:183)
	at org.apache.catalina.startup.Tomcat.start(Tomcat.java:468)
	at org.springframework.boot.web.embedded.tomcat.TomcatWebServer.initialize(TomcatWebServer.java:123)
	at org.springframework.boot.web.embedded.tomcat.TomcatWebServer.<init>(TomcatWebServer.java:104)
	at org.springframework.boot.web.embedded.tomcat.TomcatServletWebServerFactory.getTomcatWebServer(TomcatServletWebServerFactory.java:437)
	at org.springframework.boot.web.embedded.tomcat.TomcatServletWebServerFactory.getWebServer(TomcatServletWebServerFactory.java:191)
	at org.springframework.boot.web.servlet.context.ServletWebServerApplicationContext.createWebServer(ServletWebServerApplicationContext.java:176)
	at org.springframework.boot.web.servlet.context.ServletWebServerApplicationContext.onRefresh(ServletWebServerApplicationContext.java:158)
	at org.springframework.context.support.AbstractApplicationContext.refresh(AbstractApplicationContext.java:544)
	at org.springframework.boot.web.servlet.context.ServletWebServerApplicationContext.refresh(ServletWebServerApplicationContext.java:143)
	at org.springframework.boot.SpringApplication.refresh(SpringApplication.java:758)
	at org.springframework.boot.SpringApplication.refresh(SpringApplication.java:750)
	at org.springframework.boot.SpringApplication.refreshContext(SpringApplication.java:397)
	at org.springframework.boot.SpringApplication.run(SpringApplication.java:315)
	at org.springframework.boot.SpringApplication.run(SpringApplication.java:1237)
	at org.springframework.boot.SpringApplication.run(SpringApplication.java:1226)
	at com.inspur.VueAppApplication.main(VueAppApplication.java:9)
	at sun.reflect.NativeMethodAccessorImpl.invoke0(Native Method)
	at sun.reflect.NativeMethodAccessorImpl.invoke(NativeMethodAccessorImpl.java:62)
	at sun.reflect.DelegatingMethodAccessorImpl.invoke(DelegatingMethodAccessorImpl.java:43)
	at java.lang.reflect.Method.invoke(Method.java:498)
	at org.springframework.boot.devtools.restart.RestartLauncher.run(RestartLauncher.java:49)
2020-07-21 09:47:09.368 [restartedMain] INFO  org.apache.catalina.core.StandardService - Stopping service [Tomcat]
2020-07-21 09:47:09.382 [restartedMain] INFO  o.s.b.a.l.ConditionEvaluationReportLoggingListener - 

Error starting ApplicationContext. To display the conditions report re-run your application with 'debug' enabled.
2020-07-21 09:48:06.370 [restartedMain] INFO  com.inspur.VueAppApplication - Starting VueAppApplication on zhuanghuan00 with PID 22076 (E:\IDEA_PROJECT\zh-vue\vue-app\target\classes started by zhuanghuan in E:\IDEA_PROJECT\zh-vue)
2020-07-21 09:48:06.378 [restartedMain] INFO  com.inspur.VueAppApplication - No active profile set, falling back to default profiles: default
2020-07-21 09:48:07.196 [restartedMain] INFO  o.s.b.d.env.DevToolsPropertyDefaultsPostProcessor - Devtools property defaults active! Set 'spring.devtools.add-properties' to 'false' to disable
2020-07-21 09:48:07.197 [restartedMain] INFO  o.s.b.d.env.DevToolsPropertyDefaultsPostProcessor - For additional web related logging consider setting the 'logging.level.web' property to 'DEBUG'
2020-07-21 09:48:10.407 [restartedMain] INFO  o.s.d.r.config.RepositoryConfigurationDelegate - Multiple Spring Data modules found, entering strict repository configuration mode!
2020-07-21 09:48:10.414 [restartedMain] INFO  o.s.d.r.config.RepositoryConfigurationDelegate - Bootstrapping Spring Data Redis repositories in DEFAULT mode.
2020-07-21 09:48:10.594 [restartedMain] INFO  o.s.d.r.config.RepositoryConfigurationDelegate - Finished Spring Data repository scanning in 135ms. Found 0 Redis repository interfaces.
2020-07-21 09:48:13.721 [restartedMain] INFO  o.s.boot.web.embedded.tomcat.TomcatWebServer - Tomcat initialized with port(s): 8085 (http)
2020-07-21 09:48:13.758 [restartedMain] INFO  org.apache.coyote.http11.Http11NioProtocol - Initializing ProtocolHandler ["http-nio-8085"]
2020-07-21 09:48:13.759 [restartedMain] INFO  org.apache.catalina.core.StandardService - Starting service [Tomcat]
2020-07-21 09:48:13.759 [restartedMain] INFO  org.apache.catalina.core.StandardEngine - Starting Servlet engine: [Apache Tomcat/9.0.35]
2020-07-21 09:48:14.457 [restartedMain] INFO  o.a.c.c.C.[Tomcat].[localhost].[/JwtVue] - Initializing Spring embedded WebApplicationContext
2020-07-21 09:48:14.463 [restartedMain] INFO  org.springframework.web.context.ContextLoader - Root WebApplicationContext: initialization completed in 7249 ms
2020-07-21 09:48:17.354 [restartedMain] INFO  com.inspur.executor.config.XxlJobConfig - >>>>>>>>>>> xxl-job config init.
2020-07-21 09:48:17.619 [restartedMain] INFO  o.s.security.web.DefaultSecurityFilterChain - Creating filter chain: Ant [pattern='/resources/**'], []
2020-07-21 09:48:17.695 [restartedMain] INFO  o.s.security.web.DefaultSecurityFilterChain - Creating filter chain: any request, [org.springframework.security.web.context.request.async.WebAsyncManagerIntegrationFilter@70934ddd, org.springframework.security.web.context.SecurityContextPersistenceFilter@4d7ebf16, org.springframework.security.web.header.HeaderWriterFilter@10d8f7c5, org.springframework.security.web.authentication.logout.LogoutFilter@18b2c77f, com.inspur.system.security.filter.JwtLoginAuthenticationFilter@1c87ee9c, com.inspur.system.security.filter.JwtRequestAuthorizationFilter@6c2dd1ea, org.springframework.security.web.savedrequest.RequestCacheAwareFilter@b513eb7, org.springframework.security.web.servletapi.SecurityContextHolderAwareRequestFilter@63d03572, org.springframework.security.web.authentication.AnonymousAuthenticationFilter@2ec4a349, org.springframework.security.web.session.SessionManagementFilter@70148c66, org.springframework.security.web.access.ExceptionTranslationFilter@68a867c8, org.springframework.security.web.access.intercept.FilterSecurityInterceptor@2ab9bd05]
2020-07-21 09:48:17.987 [restartedMain] INFO  o.s.scheduling.concurrent.ThreadPoolTaskExecutor - Initializing ExecutorService 'applicationTaskExecutor'
2020-07-21 09:48:18.784 [restartedMain] INFO  o.s.b.d.autoconfigure.OptionalLiveReloadServer - LiveReload server is running on port 35729
2020-07-21 09:48:18.807 [restartedMain] INFO  com.xxl.job.core.executor.XxlJobExecutor - >>>>>>>>>>> xxl-job register jobhandler success, name:commandJobHandler, jobHandler:com.xxl.job.core.handler.impl.MethodJobHandler@7c1a09ff[class com.inspur.executor.handler.SampleXxlJob#commandJobHandler]
2020-07-21 09:48:18.808 [restartedMain] INFO  com.xxl.job.core.executor.XxlJobExecutor - >>>>>>>>>>> xxl-job register jobhandler success, name:shardingJobHandler, jobHandler:com.xxl.job.core.handler.impl.MethodJobHandler@230bfee5[class com.inspur.executor.handler.SampleXxlJob#shardingJobHandler]
2020-07-21 09:48:18.809 [restartedMain] INFO  com.xxl.job.core.executor.XxlJobExecutor - >>>>>>>>>>> xxl-job register jobhandler success, name:httpJobHandler, jobHandler:com.xxl.job.core.handler.impl.MethodJobHandler@2f8955d1[class com.inspur.executor.handler.SampleXxlJob#httpJobHandler]
2020-07-21 09:48:18.810 [restartedMain] INFO  com.xxl.job.core.executor.XxlJobExecutor - >>>>>>>>>>> xxl-job register jobhandler success, name:demoJobHandler, jobHandler:com.xxl.job.core.handler.impl.MethodJobHandler@6cf865c9[class com.inspur.executor.handler.SampleXxlJob#demoJobHandler]
2020-07-21 09:48:18.810 [restartedMain] INFO  com.xxl.job.core.executor.XxlJobExecutor - >>>>>>>>>>> xxl-job register jobhandler success, name:demoJobHandler2, jobHandler:com.xxl.job.core.handler.impl.MethodJobHandler@4001dc58[class com.inspur.executor.handler.SampleXxlJob#demoJobHandler2]
2020-07-21 09:48:18.934 [restartedMain] INFO  org.apache.coyote.http11.Http11NioProtocol - Starting ProtocolHandler ["http-nio-8085"]
2020-07-21 09:48:18.989 [restartedMain] INFO  o.s.boot.web.embedded.tomcat.TomcatWebServer - Tomcat started on port(s): 8085 (http) with context path '/JwtVue'
2020-07-21 09:48:19.027 [restartedMain] INFO  com.inspur.VueAppApplication - Started VueAppApplication in 15.518 seconds (JVM running for 22.874)
2020-07-21 09:48:21.429 [Thread-221] INFO  com.xxl.job.core.server.EmbedServer - >>>>>>>>>>> xxl-job remoting server start success, nettype = class com.xxl.job.core.server.EmbedServer, port = 9999
2020-07-21 09:48:40.194 [xxl-rpc, EmbedServer bizThreadPool-435246708] INFO  com.xxl.job.core.executor.XxlJobExecutor - >>>>>>>>>>> xxl-job regist JobThread success, jobId:5, handler:com.xxl.job.core.handler.impl.MethodJobHandler@6cf865c9[class com.inspur.executor.handler.SampleXxlJob#demoJobHandler]
2020-07-21 09:51:05.756 [http-nio-8085-exec-1] INFO  o.a.c.c.C.[Tomcat].[localhost].[/JwtVue] - Initializing Spring DispatcherServlet 'dispatcherServlet'
2020-07-21 09:51:05.758 [http-nio-8085-exec-1] INFO  org.springframework.web.servlet.DispatcherServlet - Initializing Servlet 'dispatcherServlet'
2020-07-21 09:51:05.773 [http-nio-8085-exec-1] INFO  org.springframework.web.servlet.DispatcherServlet - Completed initialization in 15 ms
2020-07-21 09:51:20.527 [http-nio-8085-exec-2] INFO  com.zaxxer.hikari.HikariDataSource - HikariPool-1 - Starting...
2020-07-21 09:51:20.975 [http-nio-8085-exec-2] INFO  com.zaxxer.hikari.HikariDataSource - HikariPool-1 - Start completed.
2020-07-21 09:55:44.933 [SpringContextShutdownHook] INFO  o.s.scheduling.concurrent.ThreadPoolTaskExecutor - Shutting down ExecutorService 'applicationTaskExecutor'
2020-07-21 09:55:44.935 [Thread-221] INFO  com.xxl.job.core.server.EmbedServer - >>>>>>>>>>> xxl-job remoting server stop.
2020-07-21 09:55:44.960 [xxl-job, executor ExecutorRegistryThread] INFO  com.xxl.job.core.thread.ExecutorRegistryThread - >>>>>>>>>>> xxl-job registry-remove success, registryParam:RegistryParam{registryGroup='EXECUTOR', registryKey='xxl-job-executor-sample', registryValue='http://192.168.30.3:9999/'}, registryResult:ReturnT [code=200, msg=null, content=null]
2020-07-21 09:55:44.961 [xxl-job, executor ExecutorRegistryThread] INFO  com.xxl.job.core.thread.ExecutorRegistryThread - >>>>>>>>>>> xxl-job, executor registry thread destory.
2020-07-21 09:55:44.962 [SpringContextShutdownHook] INFO  com.xxl.job.core.server.EmbedServer - >>>>>>>>>>> xxl-job remoting server destroy success.
2020-07-21 09:55:44.970 [Thread-228] INFO  com.xxl.job.core.thread.JobThread - >>>>>>>>>>> xxl-job JobThread stoped, hashCode:Thread[Thread-228,10,main]
2020-07-21 09:55:44.973 [xxl-job, executor JobLogFileCleanThread] INFO  com.xxl.job.core.thread.JobLogFileCleanThread - >>>>>>>>>>> xxl-job, executor JobLogFileCleanThread thread destory.
2020-07-21 09:55:44.987 [xxl-job, executor TriggerCallbackThread] INFO  com.xxl.job.core.thread.TriggerCallbackThread - >>>>>>>>>>> xxl-job, executor callback thread destory.
2020-07-21 09:55:44.989 [Thread-220] INFO  com.xxl.job.core.thread.TriggerCallbackThread - >>>>>>>>>>> xxl-job, executor retry callback thread destory.
2020-07-21 09:55:45.125 [SpringContextShutdownHook] INFO  com.zaxxer.hikari.HikariDataSource - HikariPool-1 - Shutdown initiated...
2020-07-21 09:55:45.163 [SpringContextShutdownHook] INFO  com.zaxxer.hikari.HikariDataSource - HikariPool-1 - Shutdown completed.
2020-07-21 09:56:13.182 [restartedMain] INFO  com.inspur.VueAppApplication - Starting VueAppApplication on zhuanghuan00 with PID 26012 (E:\IDEA_PROJECT\zh-vue\vue-app\target\classes started by zhuanghuan in E:\IDEA_PROJECT\zh-vue)
2020-07-21 09:56:13.208 [restartedMain] INFO  com.inspur.VueAppApplication - No active profile set, falling back to default profiles: default
2020-07-21 09:56:13.915 [restartedMain] INFO  o.s.b.d.env.DevToolsPropertyDefaultsPostProcessor - Devtools property defaults active! Set 'spring.devtools.add-properties' to 'false' to disable
2020-07-21 09:56:13.916 [restartedMain] INFO  o.s.b.d.env.DevToolsPropertyDefaultsPostProcessor - For additional web related logging consider setting the 'logging.level.web' property to 'DEBUG'
2020-07-21 09:56:16.134 [restartedMain] INFO  o.s.d.r.config.RepositoryConfigurationDelegate - Multiple Spring Data modules found, entering strict repository configuration mode!
2020-07-21 09:56:16.139 [restartedMain] INFO  o.s.d.r.config.RepositoryConfigurationDelegate - Bootstrapping Spring Data Redis repositories in DEFAULT mode.
2020-07-21 09:56:16.236 [restartedMain] INFO  o.s.d.r.config.RepositoryConfigurationDelegate - Finished Spring Data repository scanning in 69ms. Found 0 Redis repository interfaces.
2020-07-21 09:56:17.732 [restartedMain] INFO  o.s.boot.web.embedded.tomcat.TomcatWebServer - Tomcat initialized with port(s): 8085 (http)
2020-07-21 09:56:17.754 [restartedMain] INFO  org.apache.coyote.http11.Http11NioProtocol - Initializing ProtocolHandler ["http-nio-8085"]
2020-07-21 09:56:17.755 [restartedMain] INFO  org.apache.catalina.core.StandardService - Starting service [Tomcat]
2020-07-21 09:56:17.756 [restartedMain] INFO  org.apache.catalina.core.StandardEngine - Starting Servlet engine: [Apache Tomcat/9.0.35]
2020-07-21 09:56:18.025 [restartedMain] INFO  o.a.c.c.C.[Tomcat].[localhost].[/JwtVue] - Initializing Spring embedded WebApplicationContext
2020-07-21 09:56:18.026 [restartedMain] INFO  org.springframework.web.context.ContextLoader - Root WebApplicationContext: initialization completed in 4098 ms
2020-07-21 09:56:19.702 [restartedMain] INFO  com.inspur.executor.config.XxlJobConfig - >>>>>>>>>>> xxl-job config init.
2020-07-21 09:56:19.902 [restartedMain] INFO  o.s.security.web.DefaultSecurityFilterChain - Creating filter chain: Ant [pattern='/resources/**'], []
2020-07-21 09:56:19.981 [restartedMain] INFO  o.s.security.web.DefaultSecurityFilterChain - Creating filter chain: any request, [org.springframework.security.web.context.request.async.WebAsyncManagerIntegrationFilter@5a578b6a, org.springframework.security.web.context.SecurityContextPersistenceFilter@15a48e49, org.springframework.security.web.header.HeaderWriterFilter@6f09ee14, org.springframework.security.web.authentication.logout.LogoutFilter@10ece879, com.inspur.system.security.filter.JwtLoginAuthenticationFilter@1d97ef62, com.inspur.system.security.filter.JwtRequestAuthorizationFilter@431cab98, org.springframework.security.web.savedrequest.RequestCacheAwareFilter@46a18238, org.springframework.security.web.servletapi.SecurityContextHolderAwareRequestFilter@6f500c97, org.springframework.security.web.authentication.AnonymousAuthenticationFilter@3980fab3, org.springframework.security.web.session.SessionManagementFilter@68f2a60d, org.springframework.security.web.access.ExceptionTranslationFilter@7ce87755, org.springframework.security.web.access.intercept.FilterSecurityInterceptor@59a0f81a]
2020-07-21 09:56:20.240 [restartedMain] INFO  o.s.scheduling.concurrent.ThreadPoolTaskExecutor - Initializing ExecutorService 'applicationTaskExecutor'
2020-07-21 09:56:20.903 [restartedMain] INFO  o.s.b.d.autoconfigure.OptionalLiveReloadServer - LiveReload server is running on port 35729
2020-07-21 09:56:20.923 [restartedMain] INFO  com.xxl.job.core.executor.XxlJobExecutor - >>>>>>>>>>> xxl-job register jobhandler success, name:demoJobHandler, jobHandler:com.xxl.job.core.handler.impl.MethodJobHandler@5d08391b[class com.inspur.executor.handler.SampleXxlJob#demoJobHandler]
2020-07-21 09:56:20.923 [restartedMain] INFO  com.xxl.job.core.executor.XxlJobExecutor - >>>>>>>>>>> xxl-job register jobhandler success, name:httpJobHandler, jobHandler:com.xxl.job.core.handler.impl.MethodJobHandler@6119148d[class com.inspur.executor.handler.SampleXxlJob#httpJobHandler]
2020-07-21 09:56:20.924 [restartedMain] INFO  com.xxl.job.core.executor.XxlJobExecutor - >>>>>>>>>>> xxl-job register jobhandler success, name:demoJobHandler2, jobHandler:com.xxl.job.core.handler.impl.MethodJobHandler@7a742a5[class com.inspur.executor.handler.SampleXxlJob#demoJobHandler2]
2020-07-21 09:56:20.924 [restartedMain] INFO  com.xxl.job.core.executor.XxlJobExecutor - >>>>>>>>>>> xxl-job register jobhandler success, name:shardingJobHandler, jobHandler:com.xxl.job.core.handler.impl.MethodJobHandler@75b98ae2[class com.inspur.executor.handler.SampleXxlJob#shardingJobHandler]
2020-07-21 09:56:20.924 [restartedMain] INFO  com.xxl.job.core.executor.XxlJobExecutor - >>>>>>>>>>> xxl-job register jobhandler success, name:commandJobHandler, jobHandler:com.xxl.job.core.handler.impl.MethodJobHandler@6965a5af[class com.inspur.executor.handler.SampleXxlJob#commandJobHandler]
2020-07-21 09:56:21.029 [restartedMain] INFO  org.apache.coyote.http11.Http11NioProtocol - Starting ProtocolHandler ["http-nio-8085"]
2020-07-21 09:56:21.084 [restartedMain] INFO  o.s.boot.web.embedded.tomcat.TomcatWebServer - Tomcat started on port(s): 8085 (http) with context path '/JwtVue'
2020-07-21 09:56:21.126 [restartedMain] INFO  com.inspur.VueAppApplication - Started VueAppApplication in 10.312 seconds (JVM running for 13.242)
2020-07-21 09:56:22.491 [Thread-228] INFO  com.xxl.job.core.server.EmbedServer - >>>>>>>>>>> xxl-job remoting server start success, nettype = class com.xxl.job.core.server.EmbedServer, port = 9999
2020-07-21 09:56:40.200 [xxl-rpc, EmbedServer bizThreadPool-897163000] INFO  com.xxl.job.core.executor.XxlJobExecutor - >>>>>>>>>>> xxl-job regist JobThread success, jobId:5, handler:com.xxl.job.core.handler.impl.MethodJobHandler@5d08391b[class com.inspur.executor.handler.SampleXxlJob#demoJobHandler]
2020-07-21 09:57:15.863 [http-nio-8085-exec-1] INFO  o.a.c.c.C.[Tomcat].[localhost].[/JwtVue] - Initializing Spring DispatcherServlet 'dispatcherServlet'
2020-07-21 09:57:15.865 [http-nio-8085-exec-1] INFO  org.springframework.web.servlet.DispatcherServlet - Initializing Servlet 'dispatcherServlet'
2020-07-21 09:57:15.884 [http-nio-8085-exec-1] INFO  org.springframework.web.servlet.DispatcherServlet - Completed initialization in 14 ms
2020-07-21 09:57:43.626 [http-nio-8085-exec-2] INFO  com.zaxxer.hikari.HikariDataSource - HikariPool-1 - Starting...
2020-07-21 09:57:44.050 [http-nio-8085-exec-2] INFO  com.zaxxer.hikari.HikariDataSource - HikariPool-1 - Start completed.
2020-07-21 11:14:22.494 [SpringContextShutdownHook] INFO  o.s.scheduling.concurrent.ThreadPoolTaskExecutor - Shutting down ExecutorService 'applicationTaskExecutor'
2020-07-21 11:14:22.497 [Thread-228] INFO  com.xxl.job.core.server.EmbedServer - >>>>>>>>>>> xxl-job remoting server stop.
2020-07-21 11:14:22.516 [xxl-job, executor ExecutorRegistryThread] INFO  com.xxl.job.core.thread.ExecutorRegistryThread - >>>>>>>>>>> xxl-job registry-remove success, registryParam:RegistryParam{registryGroup='EXECUTOR', registryKey='xxl-job-executor-sample', registryValue='http://192.168.30.3:9999/'}, registryResult:ReturnT [code=200, msg=null, content=null]
2020-07-21 11:14:22.517 [xxl-job, executor ExecutorRegistryThread] INFO  com.xxl.job.core.thread.ExecutorRegistryThread - >>>>>>>>>>> xxl-job, executor registry thread destory.
2020-07-21 11:14:22.517 [SpringContextShutdownHook] INFO  com.xxl.job.core.server.EmbedServer - >>>>>>>>>>> xxl-job remoting server destroy success.
2020-07-21 11:14:22.526 [Thread-236] INFO  com.xxl.job.core.thread.JobThread - >>>>>>>>>>> xxl-job JobThread stoped, hashCode:Thread[Thread-236,10,main]
2020-07-21 11:14:22.526 [xxl-job, executor JobLogFileCleanThread] INFO  com.xxl.job.core.thread.JobLogFileCleanThread - >>>>>>>>>>> xxl-job, executor JobLogFileCleanThread thread destory.
2020-07-21 11:14:22.558 [xxl-job, executor TriggerCallbackThread] INFO  com.xxl.job.core.thread.TriggerCallbackThread - >>>>>>>>>>> xxl-job, executor callback thread destory.
2020-07-21 11:14:22.560 [Thread-227] INFO  com.xxl.job.core.thread.TriggerCallbackThread - >>>>>>>>>>> xxl-job, executor retry callback thread destory.
2020-07-21 11:14:22.736 [SpringContextShutdownHook] INFO  com.zaxxer.hikari.HikariDataSource - HikariPool-1 - Shutdown initiated...
2020-07-21 11:14:22.764 [SpringContextShutdownHook] INFO  com.zaxxer.hikari.HikariDataSource - HikariPool-1 - Shutdown completed.
2020-07-21 11:14:52.514 [restartedMain] INFO  com.inspur.VueAppApplication - Starting VueAppApplication on zhuanghuan00 with PID 27312 (E:\IDEA_PROJECT\zh-vue\vue-app\target\classes started by zhuanghuan in E:\IDEA_PROJECT\zh-vue)
2020-07-21 11:14:52.526 [restartedMain] INFO  com.inspur.VueAppApplication - No active profile set, falling back to default profiles: default
2020-07-21 11:14:53.308 [restartedMain] INFO  o.s.b.d.env.DevToolsPropertyDefaultsPostProcessor - Devtools property defaults active! Set 'spring.devtools.add-properties' to 'false' to disable
2020-07-21 11:14:53.311 [restartedMain] INFO  o.s.b.d.env.DevToolsPropertyDefaultsPostProcessor - For additional web related logging consider setting the 'logging.level.web' property to 'DEBUG'
2020-07-21 11:14:56.105 [restartedMain] INFO  o.s.d.r.config.RepositoryConfigurationDelegate - Multiple Spring Data modules found, entering strict repository configuration mode!
2020-07-21 11:14:56.113 [restartedMain] INFO  o.s.d.r.config.RepositoryConfigurationDelegate - Bootstrapping Spring Data Redis repositories in DEFAULT mode.
2020-07-21 11:14:56.236 [restartedMain] INFO  o.s.d.r.config.RepositoryConfigurationDelegate - Finished Spring Data repository scanning in 76ms. Found 0 Redis repository interfaces.
2020-07-21 11:14:58.575 [restartedMain] INFO  o.s.boot.web.embedded.tomcat.TomcatWebServer - Tomcat initialized with port(s): 8085 (http)
2020-07-21 11:14:58.600 [restartedMain] INFO  org.apache.coyote.http11.Http11NioProtocol - Initializing ProtocolHandler ["http-nio-8085"]
2020-07-21 11:14:58.601 [restartedMain] INFO  org.apache.catalina.core.StandardService - Starting service [Tomcat]
2020-07-21 11:14:58.602 [restartedMain] INFO  org.apache.catalina.core.StandardEngine - Starting Servlet engine: [Apache Tomcat/9.0.35]
2020-07-21 11:14:58.870 [restartedMain] INFO  o.a.c.c.C.[Tomcat].[localhost].[/JwtVue] - Initializing Spring embedded WebApplicationContext
2020-07-21 11:14:58.873 [restartedMain] INFO  org.springframework.web.context.ContextLoader - Root WebApplicationContext: initialization completed in 5562 ms
2020-07-21 11:15:01.110 [restartedMain] INFO  com.inspur.executor.config.XxlJobConfig - >>>>>>>>>>> xxl-job config init.
2020-07-21 11:15:01.304 [restartedMain] INFO  o.s.security.web.DefaultSecurityFilterChain - Creating filter chain: Ant [pattern='/resources/**'], []
2020-07-21 11:15:01.379 [restartedMain] INFO  o.s.security.web.DefaultSecurityFilterChain - Creating filter chain: any request, [org.springframework.security.web.context.request.async.WebAsyncManagerIntegrationFilter@211c3ec2, org.springframework.security.web.context.SecurityContextPersistenceFilter@2d4cd727, org.springframework.security.web.header.HeaderWriterFilter@6a76e0f, org.springframework.security.web.authentication.logout.LogoutFilter@47768a76, com.inspur.system.security.filter.JwtLoginAuthenticationFilter@663ecae6, com.inspur.system.security.filter.JwtRequestAuthorizationFilter@64aa5499, org.springframework.security.web.savedrequest.RequestCacheAwareFilter@76221367, org.springframework.security.web.servletapi.SecurityContextHolderAwareRequestFilter@64645bf9, org.springframework.security.web.authentication.AnonymousAuthenticationFilter@f6b3b9c, org.springframework.security.web.session.SessionManagementFilter@703a701e, org.springframework.security.web.access.ExceptionTranslationFilter@440717e8, org.springframework.security.web.access.intercept.FilterSecurityInterceptor@8d8522a]
2020-07-21 11:15:01.590 [restartedMain] INFO  o.s.scheduling.concurrent.ThreadPoolTaskExecutor - Initializing ExecutorService 'applicationTaskExecutor'
2020-07-21 11:15:02.277 [restartedMain] INFO  o.s.b.d.autoconfigure.OptionalLiveReloadServer - LiveReload server is running on port 35729
2020-07-21 11:15:02.299 [restartedMain] INFO  com.xxl.job.core.executor.XxlJobExecutor - >>>>>>>>>>> xxl-job register jobhandler success, name:demoJobHandler2, jobHandler:com.xxl.job.core.handler.impl.MethodJobHandler@1d402d45[class com.inspur.executor.handler.SampleXxlJob#demoJobHandler2]
2020-07-21 11:15:02.300 [restartedMain] INFO  com.xxl.job.core.executor.XxlJobExecutor - >>>>>>>>>>> xxl-job register jobhandler success, name:demoJobHandler, jobHandler:com.xxl.job.core.handler.impl.MethodJobHandler@1ca98b25[class com.inspur.executor.handler.SampleXxlJob#demoJobHandler]
2020-07-21 11:15:02.300 [restartedMain] INFO  com.xxl.job.core.executor.XxlJobExecutor - >>>>>>>>>>> xxl-job register jobhandler success, name:httpJobHandler, jobHandler:com.xxl.job.core.handler.impl.MethodJobHandler@7f37aac0[class com.inspur.executor.handler.SampleXxlJob#httpJobHandler]
2020-07-21 11:15:02.300 [restartedMain] INFO  com.xxl.job.core.executor.XxlJobExecutor - >>>>>>>>>>> xxl-job register jobhandler success, name:commandJobHandler, jobHandler:com.xxl.job.core.handler.impl.MethodJobHandler@380f8aa1[class com.inspur.executor.handler.SampleXxlJob#commandJobHandler]
2020-07-21 11:15:02.300 [restartedMain] INFO  com.xxl.job.core.executor.XxlJobExecutor - >>>>>>>>>>> xxl-job register jobhandler success, name:shardingJobHandler, jobHandler:com.xxl.job.core.handler.impl.MethodJobHandler@24b9a2e0[class com.inspur.executor.handler.SampleXxlJob#shardingJobHandler]
2020-07-21 11:15:02.413 [restartedMain] INFO  org.apache.coyote.http11.Http11NioProtocol - Starting ProtocolHandler ["http-nio-8085"]
2020-07-21 11:15:02.530 [restartedMain] INFO  o.s.boot.web.embedded.tomcat.TomcatWebServer - Tomcat started on port(s): 8085 (http) with context path '/JwtVue'
2020-07-21 11:15:02.561 [restartedMain] INFO  com.inspur.VueAppApplication - Started VueAppApplication in 11.93 seconds (JVM running for 15.165)
2020-07-21 11:15:04.499 [Thread-224] INFO  com.xxl.job.core.server.EmbedServer - >>>>>>>>>>> xxl-job remoting server start success, nettype = class com.xxl.job.core.server.EmbedServer, port = 9999
2020-07-21 11:15:20.175 [xxl-rpc, EmbedServer bizThreadPool-1741338683] INFO  com.xxl.job.core.executor.XxlJobExecutor - >>>>>>>>>>> xxl-job regist JobThread success, jobId:5, handler:com.xxl.job.core.handler.impl.MethodJobHandler@1ca98b25[class com.inspur.executor.handler.SampleXxlJob#demoJobHandler]
2020-07-21 11:15:46.004 [http-nio-8085-exec-1] INFO  o.a.c.c.C.[Tomcat].[localhost].[/JwtVue] - Initializing Spring DispatcherServlet 'dispatcherServlet'
2020-07-21 11:15:46.005 [http-nio-8085-exec-1] INFO  org.springframework.web.servlet.DispatcherServlet - Initializing Servlet 'dispatcherServlet'
2020-07-21 11:15:46.022 [http-nio-8085-exec-1] INFO  org.springframework.web.servlet.DispatcherServlet - Completed initialization in 16 ms
2020-07-21 11:15:47.348 [http-nio-8085-exec-1] INFO  com.zaxxer.hikari.HikariDataSource - HikariPool-1 - Starting...
2020-07-21 11:15:47.717 [http-nio-8085-exec-1] INFO  com.zaxxer.hikari.HikariDataSource - HikariPool-1 - Start completed.
